#
# There is insufficient memory for the Java Runtime Environment to continue.
# Native memory allocation (malloc) failed to allocate 89128960 bytes for committing reserved memory.
# Possible reasons:
#   The system is out of physical RAM or swap space
#   In 32 bit mode, the process size limit was hit
# Possible solutions:
#   Reduce memory load on the system
#   Increase physical memory or swap space
#   Check if swap backing store is full
#   Use 64 bit Java on a 64 bit OS
#   Decrease Java heap size (-Xmx/-Xms)
#   Decrease number of Java threads
#   Decrease Java thread stack sizes (-Xss)
#   Set larger code cache with -XX:ReservedCodeCacheSize=
# This output file may be truncated or incomplete.
#
#  Out of Memory Error (os_linux.cpp:2798), pid=5901, tid=140423044331264
#
# JRE version: OpenJDK Runtime Environment (7.0_65-b32) (build 1.7.0_65-b32)
# Java VM: OpenJDK 64-Bit Server VM (24.65-b04 mixed mode linux-amd64 compressed oops)
# Derivative: IcedTea 2.5.3
# Distribution: Ubuntu 14.04 LTS, package 7u71-2.5.3-0ubuntu0.14.04.1
# Failed to write core dump. Core dumps have been disabled. To enable core dumping, try "ulimit -c unlimited" before starting Java again
#

---------------  T H R E A D  ---------------

Current thread (0x00007fb6d413c800):  VMThread [stack: 0x00007fb6c99cf000,0x00007fb6c9ad0000] [id=5951]

Stack: [0x00007fb6c99cf000,0x00007fb6c9ad0000],  sp=0x00007fb6c9ace490,  free space=1021k
Native frames: (J=compiled Java code, j=interpreted, Vv=VM code, C=native code)
V  [libjvm.so+0x948b05]  VMError::report_and_die()+0x175
V  [libjvm.so+0x48bc34]  report_vm_out_of_memory(char const*, int, unsigned long, char const*)+0x74
V  [libjvm.so+0x7c7bfb]  os::pd_commit_memory(char*, unsigned long, unsigned long, bool)+0xeb
V  [libjvm.so+0x7c26bf]  os::commit_memory(char*, unsigned long, unsigned long, bool)+0x1f
V  [libjvm.so+0x833e4b]  PSVirtualSpace::expand_by(unsigned long)+0x5b
V  [libjvm.so+0x834ca0]  PSYoungGen::resize_generation(unsigned long, unsigned long)+0xb0
V  [libjvm.so+0x83538b]  PSYoungGen::resize(unsigned long, unsigned long)+0x1b
V  [libjvm.so+0x831670]  PSScavenge::invoke_no_policy()+0xde0
V  [libjvm.so+0x831e48]  PSScavenge::invoke()+0x38
V  [libjvm.so+0x7e8823]  ParallelScavengeHeap::failed_mem_allocate(unsigned long)+0x63
V  [libjvm.so+0x94a504]  VM_ParallelGCFailedAllocation::doit()+0x84
V  [libjvm.so+0x94e9f7]  VM_Operation::evaluate()+0x47
V  [libjvm.so+0x94d368]  VMThread::evaluate_operation(VM_Operation*)+0x318
V  [libjvm.so+0x94d7c9]  VMThread::loop()+0x219
V  [libjvm.so+0x94dc12]  VMThread::run()+0x72
V  [libjvm.so+0x7c4ac2]  java_start(Thread*)+0xf2

VM_Operation (0x00007fb6dc151d20): ParallelGCFailedAllocation, mode: safepoint, requested by thread 0x00007fb6d400a000


---------------  P R O C E S S  ---------------

Java Threads: ( => current thread )
  0x00007fb6d417d000 JavaThread "Service Thread" daemon [_thread_blocked, id=5976, stack(0x00007fb6c9100000,0x00007fb6c9201000)]
  0x00007fb6d417b000 JavaThread "C2 CompilerThread1" daemon [_thread_blocked, id=5974, stack(0x00007fb6c9201000,0x00007fb6c9302000)]
  0x00007fb6d4178000 JavaThread "C2 CompilerThread0" daemon [_thread_blocked, id=5970, stack(0x00007fb6c9302000,0x00007fb6c9403000)]
  0x00007fb6d4175800 JavaThread "Signal Dispatcher" daemon [_thread_blocked, id=5967, stack(0x00007fb6c9403000,0x00007fb6c9504000)]
  0x00007fb6d4143000 JavaThread "Finalizer" daemon [_thread_blocked, id=5960, stack(0x00007fb6c97cd000,0x00007fb6c98ce000)]
  0x00007fb6d4141000 JavaThread "Reference Handler" daemon [_thread_blocked, id=5956, stack(0x00007fb6c98ce000,0x00007fb6c99cf000)]
  0x00007fb6d400a000 JavaThread "main" [_thread_blocked, id=5930, stack(0x00007fb6dc053000,0x00007fb6dc154000)]

Other Threads:
=>0x00007fb6d413c800 VMThread [stack: 0x00007fb6c99cf000,0x00007fb6c9ad0000] [id=5951]
  0x00007fb6d4180000 WatcherThread [stack: 0x00007fb6c8fff000,0x00007fb6c9100000] [id=5978]

VM state:at safepoint (normal execution)

VM Mutex/Monitor currently owned by a thread:  ([mutex/lock_event])
[0x00007fb6d40067a0] Threads_lock - owner thread: 0x00007fb6d413c800
[0x00007fb6d4006ca0] Heap_lock - owner thread: 0x00007fb6d400a000

Heap
 PSYoungGen      total 66048K, used 2555K [0x00000000eaa80000, 0x00000000eed80000, 0x0000000100000000)
  eden space 63488K, 0% used [0x00000000eaa80000,0x00000000eaa80000,0x00000000ee880000)
  from space 2560K, 99% used [0x00000000ee880000,0x00000000eeafef50,0x00000000eeb00000)
  to   space 2560K, 0% used [0x00000000eeb00000,0x00000000eeb00000,0x00000000eed80000)
 ParOldGen       total 40960K, used 24874K [0x00000000c0000000, 0x00000000c2800000, 0x00000000eaa80000)
  object space 40960K, 60% used [0x00000000c0000000,0x00000000c184a908,0x00000000c2800000)
 PSPermGen       total 21504K, used 5903K [0x00000000b5a00000, 0x00000000b6f00000, 0x00000000c0000000)
  object space 21504K, 27% used [0x00000000b5a00000,0x00000000b5fc3f18,0x00000000b6f00000)

Card table byte_map: [0x00007fb6d8a4d000,0x00007fb6d8ca1000] byte_map_base: 0x00007fb6d84a0000

Polling page: 0x00007fb6dc17b000

Code Cache  [0x00007fb6d1000000, 0x00007fb6d1270000, 0x00007fb6d4000000)
 total_blobs=749 nmethods=522 adapters=181 free_code_cache=46968Kb largest_free_block=48053248

Compilation events (10 events):
Event: 8.345 Thread 0x00007fb6d4178000 nmethod 526 0x00007fb6d1222510 code [0x00007fb6d1222640, 0x00007fb6d1222698]
Event: 8.345 Thread 0x00007fb6d4178000  527             com.android.dx.rop.code.RegisterSpecList::withFirst (64 bytes)
Event: 8.349 Thread 0x00007fb6d4178000 nmethod 527 0x00007fb6d1218b10 code [0x00007fb6d1218c80, 0x00007fb6d1218f98]
Event: 8.349 Thread 0x00007fb6d4178000  528   !         com.android.dx.cf.code.Ropper::doit (126 bytes)
Event: 8.369 Thread 0x00007fb6d417b000 nmethod 523 0x00007fb6d1223410 code [0x00007fb6d1223620, 0x00007fb6d1223d90]
Event: 8.369 Thread 0x00007fb6d417b000  529             com.android.dx.dex.code.FixedSizeInsn::<init> (8 bytes)
Event: 8.370 Thread 0x00007fb6d417b000 nmethod 529 0x00007fb6d12230d0 code [0x00007fb6d1223220, 0x00007fb6d1223318]
Event: 8.370 Thread 0x00007fb6d417b000  530             com.android.dx.ssa.SsaBasicBlock::replaceSuccessor (125 bytes)
Event: 8.405 Thread 0x00007fb6d4178000 nmethod 528 0x00007fb6d1229750 code [0x00007fb6d1229a80, 0x00007fb6d122aa60]
Event: 8.406 Thread 0x00007fb6d4178000  531             com.android.dx.cf.code.Merger::mergeLocals (122 bytes)

GC Heap History (9 events):
Event: 1.700 GC heap before
{Heap before GC invocations=1 (full 0):
 PSYoungGen      total 18432K, used 15872K [0x00000000eaa80000, 0x00000000ebf00000, 0x0000000100000000)
  eden space 15872K, 100% used [0x00000000eaa80000,0x00000000eba00000,0x00000000eba00000)
  from space 2560K, 0% used [0x00000000ebc80000,0x00000000ebc80000,0x00000000ebf00000)
  to   space 2560K, 0% used [0x00000000eba00000,0x00000000eba00000,0x00000000ebc80000)
 ParOldGen       total 40960K, used 0K [0x00000000c0000000, 0x00000000c2800000, 0x00000000eaa80000)
  object space 40960K, 0% used [0x00000000c0000000,0x00000000c0000000,0x00000000c2800000)
 PSPermGen       total 21504K, used 5521K [0x00000000b5a00000, 0x00000000b6f00000, 0x00000000c0000000)
  object space 21504K, 25% used [0x00000000b5a00000,0x00000000b5f64458,0x00000000b6f00000)
Event: 1.728 GC heap after
Heap after GC invocations=1 (full 0):
 PSYoungGen      total 18432K, used 2535K [0x00000000eaa80000, 0x00000000ece80000, 0x0000000100000000)
  eden space 15872K, 0% used [0x00000000eaa80000,0x00000000eaa80000,0x00000000eba00000)
  from space 2560K, 99% used [0x00000000eba00000,0x00000000ebc79c88,0x00000000ebc80000)
  to   space 2560K, 0% used [0x00000000ecc00000,0x00000000ecc00000,0x00000000ece80000)
 ParOldGen       total 40960K, used 1525K [0x00000000c0000000, 0x00000000c2800000, 0x00000000eaa80000)
  object space 40960K, 3% used [0x00000000c0000000,0x00000000c017d698,0x00000000c2800000)
 PSPermGen       total 21504K, used 5521K [0x00000000b5a00000, 0x00000000b6f00000, 0x00000000c0000000)
  object space 21504K, 25% used [0x00000000b5a00000,0x00000000b5f64458,0x00000000b6f00000)
}
Event: 2.777 GC heap before
{Heap before GC invocations=2 (full 0):
 PSYoungGen      total 18432K, used 18407K [0x00000000eaa80000, 0x00000000ece80000, 0x0000000100000000)
  eden space 15872K, 100% used [0x00000000eaa80000,0x00000000eba00000,0x00000000eba00000)
  from space 2560K, 99% used [0x00000000eba00000,0x00000000ebc79c88,0x00000000ebc80000)
  to   space 2560K, 0% used [0x00000000ecc00000,0x00000000ecc00000,0x00000000ece80000)
 ParOldGen       total 40960K, used 1525K [0x00000000c0000000, 0x00000000c2800000, 0x00000000eaa80000)
  object space 40960K, 3% used [0x00000000c0000000,0x00000000c017d698,0x00000000c2800000)
 PSPermGen       total 21504K, used 5760K [0x00000000b5a00000, 0x00000000b6f00000, 0x00000000c0000000)
  object space 21504K, 26% used [0x00000000b5a00000,0x00000000b5fa0060,0x00000000b6f00000)
Event: 2.795 GC heap after
Heap after GC invocations=2 (full 0):
 PSYoungGen      total 34304K, used 2555K [0x00000000eaa80000, 0x00000000ece80000, 0x0000000100000000)
  eden space 31744K, 0% used [0x00000000eaa80000,0x00000000eaa80000,0x00000000ec980000)
  from space 2560K, 99% used [0x00000000ecc00000,0x00000000ece7eee0,0x00000000ece80000)
  to   space 2560K, 0% used [0x00000000ec980000,0x00000000ec980000,0x00000000ecc00000)
 ParOldGen       total 40960K, used 3479K [0x00000000c0000000, 0x00000000c2800000, 0x00000000eaa80000)
  object space 40960K, 8% used [0x00000000c0000000,0x00000000c0365d78,0x00000000c2800000)
 PSPermGen       total 21504K, used 5760K [0x00000000b5a00000, 0x00000000b6f00000, 0x00000000c0000000)
  object space 21504K, 26% used [0x00000000b5a00000,0x00000000b5fa0060,0x00000000b6f00000)
}
Event: 4.641 GC heap before
{Heap before GC invocations=3 (full 0):
 PSYoungGen      total 34304K, used 34299K [0x00000000eaa80000, 0x00000000ece80000, 0x0000000100000000)
  eden space 31744K, 100% used [0x00000000eaa80000,0x00000000ec980000,0x00000000ec980000)
  from space 2560K, 99% used [0x00000000ecc00000,0x00000000ece7eee0,0x00000000ece80000)
  to   space 2560K, 0% used [0x00000000ec980000,0x00000000ec980000,0x00000000ecc00000)
 ParOldGen       total 40960K, used 3479K [0x00000000c0000000, 0x00000000c2800000, 0x00000000eaa80000)
  object space 40960K, 8% used [0x00000000c0000000,0x00000000c0365d78,0x00000000c2800000)
 PSPermGen       total 21504K, used 5828K [0x00000000b5a00000, 0x00000000b6f00000, 0x00000000c0000000)
  object space 21504K, 27% used [0x00000000b5a00000,0x00000000b5fb1090,0x00000000b6f00000)
Event: 4.685 GC heap after
Heap after GC invocations=3 (full 0):
 PSYoungGen      total 34304K, used 2543K [0x00000000eaa80000, 0x00000000eed80000, 0x0000000100000000)
  eden space 31744K, 0% used [0x00000000eaa80000,0x00000000eaa80000,0x00000000ec980000)
  from space 2560K, 99% used [0x00000000ec980000,0x00000000ecbfbd10,0x00000000ecc00000)
  to   space 2560K, 0% used [0x00000000eeb00000,0x00000000eeb00000,0x00000000eed80000)
 ParOldGen       total 40960K, used 7938K [0x00000000c0000000, 0x00000000c2800000, 0x00000000eaa80000)
  object space 40960K, 19% used [0x00000000c0000000,0x00000000c07c0bb8,0x00000000c2800000)
 PSPermGen       total 21504K, used 5828K [0x00000000b5a00000, 0x00000000b6f00000, 0x00000000c0000000)
  object space 21504K, 27% used [0x00000000b5a00000,0x00000000b5fb1090,0x00000000b6f00000)
}
Event: 6.699 GC heap before
{Heap before GC invocations=4 (full 0):
 PSYoungGen      total 34304K, used 34287K [0x00000000eaa80000, 0x00000000eed80000, 0x0000000100000000)
  eden space 31744K, 100% used [0x00000000eaa80000,0x00000000ec980000,0x00000000ec980000)
  from space 2560K, 99% used [0x00000000ec980000,0x00000000ecbfbd10,0x00000000ecc00000)
  to   space 2560K, 0% used [0x00000000eeb00000,0x00000000eeb00000,0x00000000eed80000)
 ParOldGen       total 40960K, used 7938K [0x00000000c0000000, 0x00000000c2800000, 0x00000000eaa80000)
  object space 40960K, 19% used [0x00000000c0000000,0x00000000c07c0bb8,0x00000000c2800000)
 PSPermGen       total 21504K, used 5862K [0x00000000b5a00000, 0x00000000b6f00000, 0x00000000c0000000)
  object space 21504K, 27% used [0x00000000b5a00000,0x00000000b5fb9af0,0x00000000b6f00000)
Event: 6.742 GC heap after
Heap after GC invocations=4 (full 0):
 PSYoungGen      total 66048K, used 2539K [0x00000000eaa80000, 0x00000000eed80000, 0x0000000100000000)
  eden space 63488K, 0% used [0x00000000eaa80000,0x00000000eaa80000,0x00000000ee880000)
  from space 2560K, 99% used [0x00000000eeb00000,0x00000000eed7ac88,0x00000000eed80000)
  to   space 2560K, 0% used [0x00000000ee880000,0x00000000ee880000,0x00000000eeb00000)
 ParOldGen       total 40960K, used 13470K [0x00000000c0000000, 0x00000000c2800000, 0x00000000eaa80000)
  object space 40960K, 32% used [0x00000000c0000000,0x00000000c0d27848,0x00000000c2800000)
 PSPermGen       total 21504K, used 5862K [0x00000000b5a00000, 0x00000000b6f00000, 0x00000000c0000000)
  object space 21504K, 27% used [0x00000000b5a00000,0x00000000b5fb9af0,0x00000000b6f00000)
}
Event: 8.406 GC heap before
{Heap before GC invocations=5 (full 0):
 PSYoungGen      total 66048K, used 66027K [0x00000000eaa80000, 0x00000000eed80000, 0x0000000100000000)
  eden space 63488K, 100% used [0x00000000eaa80000,0x00000000ee880000,0x00000000ee880000)
  from space 2560K, 99% used [0x00000000eeb00000,0x00000000eed7ac88,0x00000000eed80000)
  to   space 2560K, 0% used [0x00000000ee880000,0x00000000ee880000,0x00000000eeb00000)
 ParOldGen       total 40960K, used 13470K [0x00000000c0000000, 0x00000000c2800000, 0x00000000eaa80000)
  object space 40960K, 32% used [0x00000000c0000000,0x00000000c0d27848,0x00000000c2800000)
 PSPermGen       total 21504K, used 5903K [0x00000000b5a00000, 0x00000000b6f00000, 0x00000000c0000000)
  object space 21504K, 27% used [0x00000000b5a00000,0x00000000b5fc3f18,0x00000000b6f00000)

Deoptimization events (10 events):
Event: 2.969 Thread 0x00007fb6d400a000 Uncommon trap: reason=class_check action=maybe_recompile pc=0x00007fb6d1095e2c method=com.android.dx.rop.type.Type.equals(Ljava/lang/Object;)Z @ 8
Event: 2.971 Thread 0x00007fb6d400a000 Uncommon trap: reason=class_check action=maybe_recompile pc=0x00007fb6d108ba70 method=com.android.dx.rop.type.Type.equals(Ljava/lang/Object;)Z @ 8
Event: 2.971 Thread 0x00007fb6d400a000 Uncommon trap: reason=class_check action=maybe_recompile pc=0x00007fb6d108ba70 method=com.android.dx.rop.type.Type.equals(Ljava/lang/Object;)Z @ 8
Event: 2.972 Thread 0x00007fb6d400a000 Uncommon trap: reason=class_check action=maybe_recompile pc=0x00007fb6d1095e2c method=com.android.dx.rop.type.Type.equals(Ljava/lang/Object;)Z @ 8
Event: 3.817 Thread 0x00007fb6d400a000 Uncommon trap: reason=null_check action=make_not_entrant pc=0x00007fb6d10ddc7c method=com.android.dx.rop.type.Type.putIntern(Lcom/android/dx/rop/type/Type;)Lcom/android/dx/rop/type/Type; @ 18
Event: 5.844 Thread 0x00007fb6d400a000 Uncommon trap: reason=null_check action=make_not_entrant pc=0x00007fb6d111df64 method=com.android.dx.ssa.SsaRenamer.getLocalForNewReg(I)Lcom/android/dx/rop/code/LocalItem; @ 19
Event: 6.369 Thread 0x00007fb6d400a000 Uncommon trap: reason=unreached action=reinterpret pc=0x00007fb6d112f404 method=com.android.dx.cf.code.BaseMachine.getLocalTarget(Z)Lcom/android/dx/rop/code/RegisterSpec; @ 131
Event: 7.028 Thread 0x00007fb6d400a000 Uncommon trap: reason=unreached action=reinterpret pc=0x00007fb6d10f0554 method=com.android.dx.rop.code.LocalVariableExtractor.processBlock(I)V @ 195
Event: 8.365 Thread 0x00007fb6d400a000 Uncommon trap: reason=null_check action=make_not_entrant pc=0x00007fb6d121e6d0 method=com.android.dx.dex.file.FieldIdsSection.intern(Lcom/android/dx/rop/cst/CstFieldRef;)Lcom/android/dx/dex/file/FieldIdItem; @ 26
Event: 8.389 Thread 0x00007fb6d400a000 Uncommon trap: reason=class_check action=maybe_recompile pc=0x00007fb6d1151ca8 method=com.android.dx.ssa.SCCP.simulatePhi(Lcom/android/dx/ssa/PhiInsn;)V @ 124

Internal exceptions (10 events):
Event: 2.582 Thread 0x00007fb6d400a000 Threw 0x00000000eb76a398 at /build/buildd/openjdk-7-7u71-2.5.3/build/openjdk/hotspot/src/share/vm/prims/jvm.cpp:1284
Event: 2.584 Thread 0x00007fb6d400a000 Threw 0x00000000eb778ff8 at /build/buildd/openjdk-7-7u71-2.5.3/build/openjdk/hotspot/src/share/vm/prims/jvm.cpp:1284
Event: 2.772 Thread 0x00007fb6d400a000 Implicit null exception at 0x00007fb6d10a5892 to 0x00007fb6d10a5945
Event: 2.969 Thread 0x00007fb6d400a000 Threw 0x00000000eacd3640 at /build/buildd/openjdk-7-7u71-2.5.3/build/openjdk/hotspot/src/share/vm/prims/jvm.cpp:1284
Event: 3.011 Thread 0x00007fb6d400a000 Threw 0x00000000ead31780 at /build/buildd/openjdk-7-7u71-2.5.3/build/openjdk/hotspot/src/share/vm/prims/jvm.cpp:1284
Event: 3.817 Thread 0x00007fb6d400a000 Implicit null exception at 0x00007fb6d10dd543 to 0x00007fb6d10ddc6d
Event: 5.668 Thread 0x00007fb6d400a000 Threw 0x00000000eb64eda0 at /build/buildd/openjdk-7-7u71-2.5.3/build/openjdk/hotspot/src/share/vm/prims/jvm.cpp:1284
Event: 5.844 Thread 0x00007fb6d400a000 Implicit null exception at 0x00007fb6d111b5d3 to 0x00007fb6d111df2d
Event: 5.959 Thread 0x00007fb6d400a000 Threw 0x00000000ebb04c60 at /build/buildd/openjdk-7-7u71-2.5.3/build/openjdk/hotspot/src/share/vm/prims/jvm.cpp:1284
Event: 6.571 Thread 0x00007fb6d400a000 Threw 0x00000000ec6680d0 at /build/buildd/openjdk-7-7u71-2.5.3/build/openjdk/hotspot/src/share/vm/prims/jvm.cpp:1284

Events (10 events):
Event: 7.801 Thread 0x00007fb6d4178000 flushing nmethod 0x00007fb6d1095110
Event: 7.854 Thread 0x00007fb6d4178000 flushing nmethod 0x00007fb6d10a5710
Event: 7.855 Thread 0x00007fb6d4178000 flushing nmethod 0x00007fb6d10bc2d0
Event: 8.365 Thread 0x00007fb6d400a000 Uncommon trap: trap_request=0xfffffff4 fr.pc=0x00007fb6d121e6d0
Event: 8.365 Thread 0x00007fb6d400a000 DEOPT PACKING pc=0x00007fb6d121e6d0 sp=0x00007fb6dc152270
Event: 8.365 Thread 0x00007fb6d400a000 DEOPT UNPACKING pc=0x00007fb6d1039045 sp=0x00007fb6dc1521c8 mode 2
Event: 8.389 Thread 0x00007fb6d400a000 Uncommon trap: trap_request=0xffffffde fr.pc=0x00007fb6d1151ca8
Event: 8.389 Thread 0x00007fb6d400a000 DEOPT PACKING pc=0x00007fb6d1151ca8 sp=0x00007fb6dc151ed0
Event: 8.389 Thread 0x00007fb6d400a000 DEOPT UNPACKING pc=0x00007fb6d1039045 sp=0x00007fb6dc151dd0 mode 2
Event: 8.406 Executing VM operation: ParallelGCFailedAllocation


Dynamic libraries:
00400000-00401000 r-xp 00000000 07:00 23789                              /usr/lib/jvm/java-7-openjdk-amd64/jre/bin/java
00600000-00601000 r--p 00000000 07:00 23789                              /usr/lib/jvm/java-7-openjdk-amd64/jre/bin/java
00601000-00602000 rw-p 00001000 07:00 23789                              /usr/lib/jvm/java-7-openjdk-amd64/jre/bin/java
01095000-010b6000 rw-p 00000000 00:00 0                                  [heap]
b5a00000-b6f00000 rw-p 00000000 00:00 0 
b6f00000-c0000000 rw-p 00000000 00:00 0 
c0000000-c2800000 rw-p 00000000 00:00 0 
c2800000-eaa80000 rw-p 00000000 00:00 0 
eaa80000-eed80000 rw-p 00000000 00:00 0 
f4280000-100000000 rw-p 00000000 00:00 0 
7fb694000000-7fb694021000 rw-p 00000000 00:00 0 
7fb694021000-7fb698000000 ---p 00000000 00:00 0 
7fb69c000000-7fb69dbd0000 rw-p 00000000 00:00 0 
7fb69dbd0000-7fb6a0000000 ---p 00000000 00:00 0 
7fb6a0000000-7fb6a0021000 rw-p 00000000 00:00 0 
7fb6a0021000-7fb6a4000000 ---p 00000000 00:00 0 
7fb6a4000000-7fb6a4021000 rw-p 00000000 00:00 0 
7fb6a4021000-7fb6a8000000 ---p 00000000 00:00 0 
7fb6a8000000-7fb6a933c000 rw-p 00000000 00:00 0 
7fb6a933c000-7fb6ac000000 ---p 00000000 00:00 0 
7fb6ac000000-7fb6ac021000 rw-p 00000000 00:00 0 
7fb6ac021000-7fb6b0000000 ---p 00000000 00:00 0 
7fb6b0000000-7fb6b0021000 rw-p 00000000 00:00 0 
7fb6b0021000-7fb6b4000000 ---p 00000000 00:00 0 
7fb6b4000000-7fb6b4021000 rw-p 00000000 00:00 0 
7fb6b4021000-7fb6b8000000 ---p 00000000 00:00 0 
7fb6b8000000-7fb6b8241000 rw-p 00000000 00:00 0 
7fb6b8241000-7fb6bc000000 ---p 00000000 00:00 0 
7fb6bc000000-7fb6bc021000 rw-p 00000000 00:00 0 
7fb6bc021000-7fb6c0000000 ---p 00000000 00:00 0 
7fb6c377c000-7fb6c37b9000 r-xp 00000000 07:00 10135                      /lib/x86_64-linux-gnu/libpcre.so.3.13.1
7fb6c37b9000-7fb6c39b8000 ---p 0003d000 07:00 10135                      /lib/x86_64-linux-gnu/libpcre.so.3.13.1
7fb6c39b8000-7fb6c39b9000 r--p 0003c000 07:00 10135                      /lib/x86_64-linux-gnu/libpcre.so.3.13.1
7fb6c39b9000-7fb6c39ba000 rw-p 0003d000 07:00 10135                      /lib/x86_64-linux-gnu/libpcre.so.3.13.1
7fb6c39ba000-7fb6c39c1000 r-xp 00000000 07:00 50611                      /usr/lib/x86_64-linux-gnu/libffi.so.6.0.1
7fb6c39c1000-7fb6c3bc0000 ---p 00007000 07:00 50611                      /usr/lib/x86_64-linux-gnu/libffi.so.6.0.1
7fb6c3bc0000-7fb6c3bc1000 r--p 00006000 07:00 50611                      /usr/lib/x86_64-linux-gnu/libffi.so.6.0.1
7fb6c3bc1000-7fb6c3bc2000 rw-p 00007000 07:00 50611                      /usr/lib/x86_64-linux-gnu/libffi.so.6.0.1
7fb6c3bc2000-7fb6c3bd9000 r-xp 00000000 07:00 10158                      /lib/x86_64-linux-gnu/libresolv-2.19.so
7fb6c3bd9000-7fb6c3dd9000 ---p 00017000 07:00 10158                      /lib/x86_64-linux-gnu/libresolv-2.19.so
7fb6c3dd9000-7fb6c3dda000 r--p 00017000 07:00 10158                      /lib/x86_64-linux-gnu/libresolv-2.19.so
7fb6c3dda000-7fb6c3ddb000 rw-p 00018000 07:00 10158                      /lib/x86_64-linux-gnu/libresolv-2.19.so
7fb6c3ddb000-7fb6c3ddd000 rw-p 00000000 00:00 0 
7fb6c3ddd000-7fb6c3dfd000 r-xp 00000000 07:00 10162                      /lib/x86_64-linux-gnu/libselinux.so.1
7fb6c3dfd000-7fb6c3ffc000 ---p 00020000 07:00 10162                      /lib/x86_64-linux-gnu/libselinux.so.1
7fb6c3ffc000-7fb6c3ffd000 r--p 0001f000 07:00 10162                      /lib/x86_64-linux-gnu/libselinux.so.1
7fb6c3ffd000-7fb6c3ffe000 rw-p 00020000 07:00 10162                      /lib/x86_64-linux-gnu/libselinux.so.1
7fb6c3ffe000-7fb6c4000000 rw-p 00000000 00:00 0 
7fb6c4000000-7fb6c4021000 rw-p 00000000 00:00 0 
7fb6c4021000-7fb6c8000000 ---p 00000000 00:00 0 
7fb6c8105000-7fb6c8108000 r-xp 00000000 07:00 50763                      /usr/lib/x86_64-linux-gnu/libgmodule-2.0.so.0.4002.0
7fb6c8108000-7fb6c8307000 ---p 00003000 07:00 50763                      /usr/lib/x86_64-linux-gnu/libgmodule-2.0.so.0.4002.0
7fb6c8307000-7fb6c8308000 r--p 00002000 07:00 50763                      /usr/lib/x86_64-linux-gnu/libgmodule-2.0.so.0.4002.0
7fb6c8308000-7fb6c8309000 rw-p 00003000 07:00 50763                      /usr/lib/x86_64-linux-gnu/libgmodule-2.0.so.0.4002.0
7fb6c8309000-7fb6c840f000 r-xp 00000000 07:00 10062                      /lib/x86_64-linux-gnu/libglib-2.0.so.0.4002.0
7fb6c840f000-7fb6c860e000 ---p 00106000 07:00 10062                      /lib/x86_64-linux-gnu/libglib-2.0.so.0.4002.0
7fb6c860e000-7fb6c860f000 r--p 00105000 07:00 10062                      /lib/x86_64-linux-gnu/libglib-2.0.so.0.4002.0
7fb6c860f000-7fb6c8610000 rw-p 00106000 07:00 10062                      /lib/x86_64-linux-gnu/libglib-2.0.so.0.4002.0
7fb6c8610000-7fb6c8611000 rw-p 00000000 00:00 0 
7fb6c8611000-7fb6c8660000 r-xp 00000000 07:00 50795                      /usr/lib/x86_64-linux-gnu/libgobject-2.0.so.0.4002.0
7fb6c8660000-7fb6c8860000 ---p 0004f000 07:00 50795                      /usr/lib/x86_64-linux-gnu/libgobject-2.0.so.0.4002.0
7fb6c8860000-7fb6c8861000 r--p 0004f000 07:00 50795                      /usr/lib/x86_64-linux-gnu/libgobject-2.0.so.0.4002.0
7fb6c8861000-7fb6c8862000 rw-p 00050000 07:00 50795                      /usr/lib/x86_64-linux-gnu/libgobject-2.0.so.0.4002.0
7fb6c8862000-7fb6c89ce000 r-xp 00000000 07:00 50740                      /usr/lib/x86_64-linux-gnu/libgio-2.0.so.0.4002.0
7fb6c89ce000-7fb6c8bcd000 ---p 0016c000 07:00 50740                      /usr/lib/x86_64-linux-gnu/libgio-2.0.so.0.4002.0
7fb6c8bcd000-7fb6c8bd1000 r--p 0016b000 07:00 50740                      /usr/lib/x86_64-linux-gnu/libgio-2.0.so.0.4002.0
7fb6c8bd1000-7fb6c8bd3000 rw-p 0016f000 07:00 50740                      /usr/lib/x86_64-linux-gnu/libgio-2.0.so.0.4002.0
7fb6c8bd3000-7fb6c8bd5000 rw-p 00000000 00:00 0 
7fb6c8bd5000-7fb6c8bec000 r-xp 00000000 07:00 23837                      /usr/lib/jvm/java-7-openjdk-amd64/jre/lib/amd64/libnet.so
7fb6c8bec000-7fb6c8deb000 ---p 00017000 07:00 23837                      /usr/lib/jvm/java-7-openjdk-amd64/jre/lib/amd64/libnet.so
7fb6c8deb000-7fb6c8dec000 r--p 00016000 07:00 23837                      /usr/lib/jvm/java-7-openjdk-amd64/jre/lib/amd64/libnet.so
7fb6c8dec000-7fb6c8ded000 rw-p 00017000 07:00 23837                      /usr/lib/jvm/java-7-openjdk-amd64/jre/lib/amd64/libnet.so
7fb6c8ded000-7fb6c8dfd000 r-xp 00000000 07:00 23838                      /usr/lib/jvm/java-7-openjdk-amd64/jre/lib/amd64/libnio.so
7fb6c8dfd000-7fb6c8ffd000 ---p 00010000 07:00 23838                      /usr/lib/jvm/java-7-openjdk-amd64/jre/lib/amd64/libnio.so
7fb6c8ffd000-7fb6c8ffe000 r--p 00010000 07:00 23838                      /usr/lib/jvm/java-7-openjdk-amd64/jre/lib/amd64/libnio.so
7fb6c8ffe000-7fb6c8fff000 rw-p 00011000 07:00 23838                      /usr/lib/jvm/java-7-openjdk-amd64/jre/lib/amd64/libnio.so
7fb6c8fff000-7fb6c9000000 ---p 00000000 00:00 0 
7fb6c9000000-7fb6c9100000 rw-p 00000000 00:00 0                          [stack:5978]
7fb6c9100000-7fb6c9103000 ---p 00000000 00:00 0 
7fb6c9103000-7fb6c9201000 rw-p 00000000 00:00 0                          [stack:5976]
7fb6c9201000-7fb6c9204000 ---p 00000000 00:00 0 
7fb6c9204000-7fb6c9302000 rw-p 00000000 00:00 0                          [stack:5974]
7fb6c9302000-7fb6c9305000 ---p 00000000 00:00 0 
7fb6c9305000-7fb6c9403000 rw-p 00000000 00:00 0                          [stack:5970]
7fb6c9403000-7fb6c9406000 ---p 00000000 00:00 0 
7fb6c9406000-7fb6c9504000 rw-p 00000000 00:00 0                          [stack:5967]
7fb6c9504000-7fb6c97cd000 r--p 00000000 07:00 28888                      /usr/lib/locale/locale-archive
7fb6c97cd000-7fb6c97d0000 ---p 00000000 00:00 0 
7fb6c97d0000-7fb6c98ce000 rw-p 00000000 00:00 0                          [stack:5960]
7fb6c98ce000-7fb6c98d1000 ---p 00000000 00:00 0 
7fb6c98d1000-7fb6c99cf000 rw-p 00000000 00:00 0                          [stack:5956]
7fb6c99cf000-7fb6c99d0000 ---p 00000000 00:00 0 
7fb6c99d0000-7fb6cc000000 rw-p 00000000 00:00 0                          [stack:5951]
7fb6cc000000-7fb6cc021000 rw-p 00000000 00:00 0 
7fb6cc021000-7fb6d0000000 ---p 00000000 00:00 0 
7fb6d0041000-7fb6d0e4f000 rw-p 00000000 00:00 0 
7fb6d0e4f000-7fb6d1000000 r--s 01d25000 07:00 23905                      /usr/lib/jvm/java-7-openjdk-amd64/jre/lib/rt.jar
7fb6d1000000-7fb6d1270000 rwxp 00000000 00:00 0 
7fb6d1270000-7fb6d4326000 rw-p 00000000 00:00 0 
7fb6d4326000-7fb6d8000000 ---p 00000000 00:00 0 
7fb6d8012000-7fb6d8023000 r--s 000aa000 08:12 135755                     /home/student/AndroidStudioProjects/MyList/app/build/intermediates/exploded-aar/com.android.support/support-v4/21.0.3/classes.jar
7fb6d8023000-7fb6d8032000 r--s 000dd000 08:12 2348                       /home/student/Android/Sdk/build-tools/21.1.2/lib/dx.jar
7fb6d8032000-7fb6d84a0000 rw-p 00000000 00:00 0 
7fb6d84a0000-7fb6d84a1000 ---p 00000000 00:00 0 
7fb6d84a1000-7fb6d85a1000 rw-p 00000000 00:00 0                          [stack:5949]
7fb6d85a1000-7fb6d85a2000 ---p 00000000 00:00 0 
7fb6d85a2000-7fb6d86a2000 rw-p 00000000 00:00 0                          [stack:5947]
7fb6d86a2000-7fb6d86a3000 ---p 00000000 00:00 0 
7fb6d86a3000-7fb6d87a3000 rw-p 00000000 00:00 0                          [stack:5945]
7fb6d87a3000-7fb6d87a4000 ---p 00000000 00:00 0 
7fb6d87a4000-7fb6d88af000 rw-p 00000000 00:00 0                          [stack:5942]
7fb6d88af000-7fb6d88f7000 rw-p 00000000 00:00 0 
7fb6d88f7000-7fb6d890b000 rw-p 00000000 00:00 0 
7fb6d890b000-7fb6d8a4d000 rw-p 00000000 00:00 0 
7fb6d8a4d000-7fb6d8a58000 rw-p 00000000 00:00 0 
7fb6d8a58000-7fb6d8aa0000 rw-p 00000000 00:00 0 
7fb6d8aa0000-7fb6d8ab4000 rw-p 00000000 00:00 0 
7fb6d8ab4000-7fb6d8bf5000 rw-p 00000000 00:00 0 
7fb6d8bf5000-7fb6d8c17000 rw-p 00000000 00:00 0 
7fb6d8c17000-7fb6d8ca0000 rw-p 00000000 00:00 0 
7fb6d8ca0000-7fb6d8ca1000 rw-p 00000000 00:00 0 
7fb6d8ca1000-7fb6d8ca9000 r-xp 00000000 07:00 23845                      /usr/lib/jvm/java-7-openjdk-amd64/jre/lib/amd64/libzip.so
7fb6d8ca9000-7fb6d8ea8000 ---p 00008000 07:00 23845                      /usr/lib/jvm/java-7-openjdk-amd64/jre/lib/amd64/libzip.so
7fb6d8ea8000-7fb6d8ea9000 r--p 00007000 07:00 23845                      /usr/lib/jvm/java-7-openjdk-amd64/jre/lib/amd64/libzip.so
7fb6d8ea9000-7fb6d8eaa000 rw-p 00008000 07:00 23845                      /usr/lib/jvm/java-7-openjdk-amd64/jre/lib/amd64/libzip.so
7fb6d8eaa000-7fb6d8eb5000 r-xp 00000000 07:00 10107                      /lib/x86_64-linux-gnu/libnss_files-2.19.so
7fb6d8eb5000-7fb6d90b4000 ---p 0000b000 07:00 10107                      /lib/x86_64-linux-gnu/libnss_files-2.19.so
7fb6d90b4000-7fb6d90b5000 r--p 0000a000 07:00 10107                      /lib/x86_64-linux-gnu/libnss_files-2.19.so
7fb6d90b5000-7fb6d90b6000 rw-p 0000b000 07:00 10107                      /lib/x86_64-linux-gnu/libnss_files-2.19.so
7fb6d90b6000-7fb6d90c1000 r-xp 00000000 07:00 10117                      /lib/x86_64-linux-gnu/libnss_nis-2.19.so
7fb6d90c1000-7fb6d92c0000 ---p 0000b000 07:00 10117                      /lib/x86_64-linux-gnu/libnss_nis-2.19.so
7fb6d92c0000-7fb6d92c1000 r--p 0000a000 07:00 10117                      /lib/x86_64-linux-gnu/libnss_nis-2.19.so
7fb6d92c1000-7fb6d92c2000 rw-p 0000b000 07:00 10117                      /lib/x86_64-linux-gnu/libnss_nis-2.19.so
7fb6d92c2000-7fb6d92d9000 r-xp 00000000 07:00 10101                      /lib/x86_64-linux-gnu/libnsl-2.19.so
7fb6d92d9000-7fb6d94d8000 ---p 00017000 07:00 10101                      /lib/x86_64-linux-gnu/libnsl-2.19.so
7fb6d94d8000-7fb6d94d9000 r--p 00016000 07:00 10101                      /lib/x86_64-linux-gnu/libnsl-2.19.so
7fb6d94d9000-7fb6d94da000 rw-p 00017000 07:00 10101                      /lib/x86_64-linux-gnu/libnsl-2.19.so
7fb6d94da000-7fb6d94dc000 rw-p 00000000 00:00 0 
7fb6d94dc000-7fb6d94e5000 r-xp 00000000 07:00 10103                      /lib/x86_64-linux-gnu/libnss_compat-2.19.so
7fb6d94e5000-7fb6d96e4000 ---p 00009000 07:00 10103                      /lib/x86_64-linux-gnu/libnss_compat-2.19.so
7fb6d96e4000-7fb6d96e5000 r--p 00008000 07:00 10103                      /lib/x86_64-linux-gnu/libnss_compat-2.19.so
7fb6d96e5000-7fb6d96e6000 rw-p 00009000 07:00 10103                      /lib/x86_64-linux-gnu/libnss_compat-2.19.so
7fb6d96e6000-7fb6d9711000 r-xp 00000000 07:00 23824                      /usr/lib/jvm/java-7-openjdk-amd64/jre/lib/amd64/libjava.so
7fb6d9711000-7fb6d9910000 ---p 0002b000 07:00 23824                      /usr/lib/jvm/java-7-openjdk-amd64/jre/lib/amd64/libjava.so
7fb6d9910000-7fb6d9911000 r--p 0002a000 07:00 23824                      /usr/lib/jvm/java-7-openjdk-amd64/jre/lib/amd64/libjava.so
7fb6d9911000-7fb6d9913000 rw-p 0002b000 07:00 23824                      /usr/lib/jvm/java-7-openjdk-amd64/jre/lib/amd64/libjava.so
7fb6d9913000-7fb6d9923000 r-xp 00000000 07:00 23844                      /usr/lib/jvm/java-7-openjdk-amd64/jre/lib/amd64/libverify.so
7fb6d9923000-7fb6d9b22000 ---p 00010000 07:00 23844                      /usr/lib/jvm/java-7-openjdk-amd64/jre/lib/amd64/libverify.so
7fb6d9b22000-7fb6d9b24000 r--p 0000f000 07:00 23844                      /usr/lib/jvm/java-7-openjdk-amd64/jre/lib/amd64/libverify.so
7fb6d9b24000-7fb6d9b25000 rw-p 00011000 07:00 23844                      /usr/lib/jvm/java-7-openjdk-amd64/jre/lib/amd64/libverify.so
7fb6d9b25000-7fb6d9b2c000 r-xp 00000000 07:00 10160                      /lib/x86_64-linux-gnu/librt-2.19.so
7fb6d9b2c000-7fb6d9d2b000 ---p 00007000 07:00 10160                      /lib/x86_64-linux-gnu/librt-2.19.so
7fb6d9d2b000-7fb6d9d2c000 r--p 00006000 07:00 10160                      /lib/x86_64-linux-gnu/librt-2.19.so
7fb6d9d2c000-7fb6d9d2d000 rw-p 00007000 07:00 10160                      /lib/x86_64-linux-gnu/librt-2.19.so
7fb6d9d2d000-7fb6d9d43000 r-xp 00000000 07:00 10056                      /lib/x86_64-linux-gnu/libgcc_s.so.1
7fb6d9d43000-7fb6d9f42000 ---p 00016000 07:00 10056                      /lib/x86_64-linux-gnu/libgcc_s.so.1
7fb6d9f42000-7fb6d9f43000 rw-p 00015000 07:00 10056                      /lib/x86_64-linux-gnu/libgcc_s.so.1
7fb6d9f43000-7fb6da048000 r-xp 00000000 07:00 10082                      /lib/x86_64-linux-gnu/libm-2.19.so
7fb6da048000-7fb6da247000 ---p 00105000 07:00 10082                      /lib/x86_64-linux-gnu/libm-2.19.so
7fb6da247000-7fb6da248000 r--p 00104000 07:00 10082                      /lib/x86_64-linux-gnu/libm-2.19.so
7fb6da248000-7fb6da249000 rw-p 00105000 07:00 10082                      /lib/x86_64-linux-gnu/libm-2.19.so
7fb6da249000-7fb6da32f000 r-xp 00000000 07:00 51535                      /usr/lib/x86_64-linux-gnu/libstdc++.so.6.0.19
7fb6da32f000-7fb6da52e000 ---p 000e6000 07:00 51535                      /usr/lib/x86_64-linux-gnu/libstdc++.so.6.0.19
7fb6da52e000-7fb6da536000 r--p 000e5000 07:00 51535                      /usr/lib/x86_64-linux-gnu/libstdc++.so.6.0.19
7fb6da536000-7fb6da538000 rw-p 000ed000 07:00 51535                      /usr/lib/x86_64-linux-gnu/libstdc++.so.6.0.19
7fb6da538000-7fb6da54d000 rw-p 00000000 00:00 0 
7fb6da54d000-7fb6db063000 r-xp 00000000 07:00 23850                      /usr/lib/jvm/java-7-openjdk-amd64/jre/lib/amd64/server/libjvm.so
7fb6db063000-7fb6db262000 ---p 00b16000 07:00 23850                      /usr/lib/jvm/java-7-openjdk-amd64/jre/lib/amd64/server/libjvm.so
7fb6db262000-7fb6db2fc000 r--p 00b15000 07:00 23850                      /usr/lib/jvm/java-7-openjdk-amd64/jre/lib/amd64/server/libjvm.so
7fb6db2fc000-7fb6db31f000 rw-p 00baf000 07:00 23850                      /usr/lib/jvm/java-7-openjdk-amd64/jre/lib/amd64/server/libjvm.so
7fb6db31f000-7fb6db34d000 rw-p 00000000 00:00 0 
7fb6db34d000-7fb6db365000 r-xp 00000000 07:00 10195                      /lib/x86_64-linux-gnu/libz.so.1.2.8
7fb6db365000-7fb6db564000 ---p 00018000 07:00 10195                      /lib/x86_64-linux-gnu/libz.so.1.2.8
7fb6db564000-7fb6db565000 r--p 00017000 07:00 10195                      /lib/x86_64-linux-gnu/libz.so.1.2.8
7fb6db565000-7fb6db566000 rw-p 00018000 07:00 10195                      /lib/x86_64-linux-gnu/libz.so.1.2.8
7fb6db566000-7fb6db57f000 r-xp 00000000 07:00 10152                      /lib/x86_64-linux-gnu/libpthread-2.19.so
7fb6db57f000-7fb6db77e000 ---p 00019000 07:00 10152                      /lib/x86_64-linux-gnu/libpthread-2.19.so
7fb6db77e000-7fb6db77f000 r--p 00018000 07:00 10152                      /lib/x86_64-linux-gnu/libpthread-2.19.so
7fb6db77f000-7fb6db780000 rw-p 00019000 07:00 10152                      /lib/x86_64-linux-gnu/libpthread-2.19.so
7fb6db780000-7fb6db784000 rw-p 00000000 00:00 0 
7fb6db784000-7fb6db787000 r-xp 00000000 07:00 10046                      /lib/x86_64-linux-gnu/libdl-2.19.so
7fb6db787000-7fb6db986000 ---p 00003000 07:00 10046                      /lib/x86_64-linux-gnu/libdl-2.19.so
7fb6db986000-7fb6db987000 r--p 00002000 07:00 10046                      /lib/x86_64-linux-gnu/libdl-2.19.so
7fb6db987000-7fb6db988000 rw-p 00003000 07:00 10046                      /lib/x86_64-linux-gnu/libdl-2.19.so
7fb6db988000-7fb6dbb43000 r-xp 00000000 07:00 10029                      /lib/x86_64-linux-gnu/libc-2.19.so
7fb6dbb43000-7fb6dbd43000 ---p 001bb000 07:00 10029                      /lib/x86_64-linux-gnu/libc-2.19.so
7fb6dbd43000-7fb6dbd47000 r--p 001bb000 07:00 10029                      /lib/x86_64-linux-gnu/libc-2.19.so
7fb6dbd47000-7fb6dbd49000 rw-p 001bf000 07:00 10029                      /lib/x86_64-linux-gnu/libc-2.19.so
7fb6dbd49000-7fb6dbd4e000 rw-p 00000000 00:00 0 
7fb6dbd4e000-7fb6dbd5b000 r-xp 00000000 07:00 23809                      /usr/lib/jvm/java-7-openjdk-amd64/jre/lib/amd64/jli/libjli.so
7fb6dbd5b000-7fb6dbf5a000 ---p 0000d000 07:00 23809                      /usr/lib/jvm/java-7-openjdk-amd64/jre/lib/amd64/jli/libjli.so
7fb6dbf5a000-7fb6dbf5b000 r--p 0000c000 07:00 23809                      /usr/lib/jvm/java-7-openjdk-amd64/jre/lib/amd64/jli/libjli.so
7fb6dbf5b000-7fb6dbf5c000 rw-p 0000d000 07:00 23809                      /usr/lib/jvm/java-7-openjdk-amd64/jre/lib/amd64/jli/libjli.so
7fb6dbf5c000-7fb6dbf7f000 r-xp 00000000 07:00 10005                      /lib/x86_64-linux-gnu/ld-2.19.so
7fb6dbf7f000-7fb6dbf80000 rw-p 00000000 00:00 0 
7fb6dbf80000-7fb6dbf82000 r--s 00012000 07:00 23873                      /usr/lib/jvm/java-7-openjdk-amd64/jre/lib/ext/zipfs.jar
7fb6dbf82000-7fb6dbf86000 r--s 0003c000 07:00 23872                      /usr/lib/jvm/java-7-openjdk-amd64/jre/lib/ext/sunpkcs11.jar
7fb6dbf86000-7fb6dbf8a000 r--s 00034000 07:00 23871                      /usr/lib/jvm/java-7-openjdk-amd64/jre/lib/ext/sunjce_provider.jar
7fb6dbf8a000-7fb6dbf8e000 r--s 00085000 07:00 23870                      /usr/lib/jvm/java-7-openjdk-amd64/jre/lib/ext/localedata.jar
7fb6dbf8e000-7fb6dbf90000 r--s 00006000 07:00 138580                     /usr/share/java/java-atk-wrapper.jar
7fb6dbf90000-7fb6dbf93000 r--s 0000f000 07:00 23867                      /usr/lib/jvm/java-7-openjdk-amd64/jre/lib/ext/icedtea-sound.jar
7fb6dbf93000-7fb6dbf9d000 rw-p 00000000 00:00 0 
7fb6dbf9d000-7fb6dc053000 rw-p 00000000 00:00 0 
7fb6dc053000-7fb6dc056000 ---p 00000000 00:00 0 
7fb6dc056000-7fb6dc159000 rw-p 00000000 00:00 0                          [stack:5930]
7fb6dc159000-7fb6dc15a000 r--s 00002000 07:00 23866                      /usr/lib/jvm/java-7-openjdk-amd64/jre/lib/ext/dnsns.jar
7fb6dc15a000-7fb6dc172000 rw-p 00000000 00:00 0 
7fb6dc172000-7fb6dc17a000 rw-s 00000000 00:15 185871                     /tmp/hsperfdata_student/5901
7fb6dc17a000-7fb6dc17b000 rw-p 00000000 00:00 0 
7fb6dc17b000-7fb6dc17c000 ---p 00000000 00:00 0 
7fb6dc17c000-7fb6dc17e000 rw-p 00000000 00:00 0 
7fb6dc17e000-7fb6dc17f000 r--p 00022000 07:00 10005                      /lib/x86_64-linux-gnu/ld-2.19.so
7fb6dc17f000-7fb6dc180000 rw-p 00023000 07:00 10005                      /lib/x86_64-linux-gnu/ld-2.19.so
7fb6dc180000-7fb6dc181000 rw-p 00000000 00:00 0 
7fff8aa0e000-7fff8aa2f000 rw-p 00000000 00:00 0                          [stack]
7fff8ab76000-7fff8ab78000 r-xp 00000000 00:00 0                          [vdso]
ffffffffff600000-ffffffffff601000 r-xp 00000000 00:00 0                  [vsyscall]

VM Arguments:
jvm_args: -Xmx1024M 
java_command: /home/student/Android/Sdk/build-tools/21.1.2/lib/dx.jar --dex --output /home/student/AndroidStudioProjects/MyList/app/build/intermediates/pre-dexed/debug/classes-743762239245565771d474be659072f3ab1085c5.jar /home/student/AndroidStudioProjects/MyList/app/build/intermediates/exploded-aar/com.android.support/support-v4/21.0.3/classes.jar
Launcher Type: SUN_STANDARD

Environment Variables:
CLASSPATH=/home/student/android-studio/bin/../lib/bootstrap.jar:/home/student/android-studio/bin/../lib/extensions.jar:/home/student/android-studio/bin/../lib/util.jar:/home/student/android-studio/bin/../lib/jdom.jar:/home/student/android-studio/bin/../lib/log4j.jar:/home/student/android-studio/bin/../lib/trove4j.jar:/home/student/android-studio/bin/../lib/jna.jar:/usr/lib/jvm/java-7-openjdk-amd64/lib/tools.jar
PATH=/usr/local/sbin:/usr/local/bin:/usr/sbin:/usr/bin:/sbin:/bin:/usr/games:/usr/local/games
USERNAME=student
LD_LIBRARY_PATH=/home/student/android-studio/bin:
SHELL=/bin/bash
DISPLAY=:0.0

Signal Handlers:
SIGSEGV: [libjvm.so+0x9495e0], sa_mask[0]=0x7ffbfeff, sa_flags=0x10000004
SIGBUS: [libjvm.so+0x9495e0], sa_mask[0]=0x7ffbfeff, sa_flags=0x10000004
SIGFPE: [libjvm.so+0x7c3410], sa_mask[0]=0x7ffbfeff, sa_flags=0x10000004
SIGPIPE: [libjvm.so+0x7c3410], sa_mask[0]=0x7ffbfeff, sa_flags=0x10000004
SIGXFSZ: [libjvm.so+0x7c3410], sa_mask[0]=0x7ffbfeff, sa_flags=0x10000004
SIGILL: [libjvm.so+0x7c3410], sa_mask[0]=0x7ffbfeff, sa_flags=0x10000004
SIGUSR1: SIG_DFL, sa_mask[0]=0x00000000, sa_flags=0x00000000
SIGUSR2: [libjvm.so+0x7c32b0], sa_mask[0]=0x00000004, sa_flags=0x10000004
SIGHUP: [libjvm.so+0x7c3490], sa_mask[0]=0x7ffbfeff, sa_flags=0x10000004
SIGINT: [libjvm.so+0x7c3490], sa_mask[0]=0x7ffbfeff, sa_flags=0x10000004
SIGTERM: [libjvm.so+0x7c3490], sa_mask[0]=0x7ffbfeff, sa_flags=0x10000004
SIGQUIT: [libjvm.so+0x7c3490], sa_mask[0]=0x7ffbfeff, sa_flags=0x10000004
SIGTRAP: SIG_DFL, sa_mask[0]=0x00000000, sa_flags=0x00000000


---------------  S Y S T E M  ---------------

OS:LinuxMint 17.1 (rebecca)
uname:Linux 3.13.0-37-generic #64-Ubuntu SMP Mon Sep 22 21:28:38 UTC 2014 x86_64
libc:glibc 2.19 NPTL 2.19 
rlimit: STACK 8192k, CORE 0k, NPROC 30616, NOFILE 4096, AS infinity
load average:9.81 3.73 1.85

/proc/meminfo:
MemTotal:        3941808 kB
MemFree:          103552 kB
Buffers:            5584 kB
Cached:           781104 kB
SwapCached:            0 kB
Active:          3061324 kB
Inactive:         634944 kB
Active(anon):    3055992 kB
Inactive(anon):   615632 kB
Active(file):       5332 kB
Inactive(file):    19312 kB
Unevictable:           0 kB
Mlocked:               0 kB
SwapTotal:             0 kB
SwapFree:              0 kB
Dirty:                96 kB
Writeback:             0 kB
AnonPages:       2910352 kB
Mapped:            48120 kB
Shmem:            761272 kB
Slab:              54632 kB
SReclaimable:      27284 kB
SUnreclaim:        27348 kB
KernelStack:        3664 kB
PageTables:        23988 kB
NFS_Unstable:          0 kB
Bounce:                0 kB
WritebackTmp:          0 kB
CommitLimit:     1970904 kB
Committed_AS:    6060884 kB
VmallocTotal:   34359738367 kB
VmallocUsed:      551396 kB
VmallocChunk:   34359178372 kB
HardwareCorrupted:     0 kB
AnonHugePages:   1918976 kB
HugePages_Total:       0
HugePages_Free:        0
HugePages_Rsvd:        0
HugePages_Surp:        0
Hugepagesize:       2048 kB
DirectMap4k:       43240 kB
DirectMap2M:     4044800 kB


CPU:total 4 (4 cores per cpu, 1 threads per core) family 6 model 23 stepping 10, cmov, cx8, fxsr, mmx, sse, sse2, sse3, ssse3, sse4.1, tsc

/proc/cpuinfo:
processor	: 0
vendor_id	: GenuineIntel
cpu family	: 6
model		: 23
model name	: Intel(R) Core(TM)2 Quad CPU    Q9550  @ 2.83GHz
stepping	: 10
microcode	: 0xa07
cpu MHz		: 2830.000
cache size	: 6144 KB
physical id	: 0
siblings	: 4
core id		: 0
cpu cores	: 4
apicid		: 0
initial apicid	: 0
fpu		: yes
fpu_exception	: yes
cpuid level	: 13
wp		: yes
flags		: fpu vme de pse tsc msr pae mce cx8 apic sep mtrr pge mca cmov pat pse36 clflush dts acpi mmx fxsr sse sse2 ss ht tm pbe syscall nx lm constant_tsc arch_perfmon pebs bts rep_good nopl aperfmperf pni dtes64 monitor ds_cpl vmx smx est tm2 ssse3 cx16 xtpr pdcm sse4_1 xsave lahf_lm dtherm tpr_shadow vnmi flexpriority
bogomips	: 5666.24
clflush size	: 64
cache_alignment	: 64
address sizes	: 36 bits physical, 48 bits virtual
power management:

processor	: 1
vendor_id	: GenuineIntel
cpu family	: 6
model		: 23
model name	: Intel(R) Core(TM)2 Quad CPU    Q9550  @ 2.83GHz
stepping	: 10
microcode	: 0xa07
cpu MHz		: 2830.000
cache size	: 6144 KB
physical id	: 0
siblings	: 4
core id		: 1
cpu cores	: 4
apicid		: 1
initial apicid	: 1
fpu		: yes
fpu_exception	: yes
cpuid level	: 13
wp		: yes
flags		: fpu vme de pse tsc msr pae mce cx8 apic sep mtrr pge mca cmov pat pse36 clflush dts acpi mmx fxsr sse sse2 ss ht tm pbe syscall nx lm constant_tsc arch_perfmon pebs bts rep_good nopl aperfmperf pni dtes64 monitor ds_cpl vmx smx est tm2 ssse3 cx16 xtpr pdcm sse4_1 xsave lahf_lm dtherm tpr_shadow vnmi flexpriority
bogomips	: 5666.24
clflush size	: 64
cache_alignment	: 64
address sizes	: 36 bits physical, 48 bits virtual
power management:

processor	: 2
vendor_id	: GenuineIntel
cpu family	: 6
model		: 23
model name	: Intel(R) Core(TM)2 Quad CPU    Q9550  @ 2.83GHz
stepping	: 10
microcode	: 0xa07
cpu MHz		: 2830.000
cache size	: 6144 KB
physical id	: 0
siblings	: 4
core id		: 2
cpu cores	: 4
apicid		: 2
initial apicid	: 2
fpu		: yes
fpu_exception	: yes
cpuid level	: 13
wp		: yes
flags		: fpu vme de pse tsc msr pae mce cx8 apic sep mtrr pge mca cmov pat pse36 clflush dts acpi mmx fxsr sse sse2 ss ht tm pbe syscall nx lm constant_tsc arch_perfmon pebs bts rep_good nopl aperfmperf pni dtes64 monitor ds_cpl vmx smx est tm2 ssse3 cx16 xtpr pdcm sse4_1 xsave lahf_lm dtherm tpr_shadow vnmi flexpriority
bogomips	: 5666.24
clflush size	: 64
cache_alignment	: 64
address sizes	: 36 bits physical, 48 bits virtual
power management:

processor	: 3
vendor_id	: GenuineIntel
cpu family	: 6
model		: 23
model name	: Intel(R) Core(TM)2 Quad CPU    Q9550  @ 2.83GHz
stepping	: 10
microcode	: 0xa07
cpu MHz		: 2830.000
cache size	: 6144 KB
physical id	: 0
siblings	: 4
core id		: 3
cpu cores	: 4
apicid		: 3
initial apicid	: 3
fpu		: yes
fpu_exception	: yes
cpuid level	: 13
wp		: yes
flags		: fpu vme de pse tsc msr pae mce cx8 apic sep mtrr pge mca cmov pat pse36 clflush dts acpi mmx fxsr sse sse2 ss ht tm pbe syscall nx lm constant_tsc arch_perfmon pebs bts rep_good nopl aperfmperf pni dtes64 monitor ds_cpl vmx smx est tm2 ssse3 cx16 xtpr pdcm sse4_1 xsave lahf_lm dtherm tpr_shadow vnmi flexpriority
bogomips	: 5666.24
clflush size	: 64
cache_alignment	: 64
address sizes	: 36 bits physical, 48 bits virtual
power management:



Memory: 4k page, physical 3941808k(103428k free), swap 0k(0k free)

vm_info: OpenJDK 64-Bit Server VM (24.65-b04) for linux-amd64 JRE (1.7.0_65-b32), built on Oct 22 2014 04:37:44 by "buildd" with gcc 4.8.2

time: Fri Feb 20 14:47:18 2015
elapsed time: 27 seconds

