#
# There is insufficient memory for the Java Runtime Environment to continue.
# Native memory allocation (malloc) failed to allocate 89128960 bytes for committing reserved memory.
# Possible reasons:
#   The system is out of physical RAM or swap space
#   In 32 bit mode, the process size limit was hit
# Possible solutions:
#   Reduce memory load on the system
#   Increase physical memory or swap space
#   Check if swap backing store is full
#   Use 64 bit Java on a 64 bit OS
#   Decrease Java heap size (-Xmx/-Xms)
#   Decrease number of Java threads
#   Decrease Java thread stack sizes (-Xss)
#   Set larger code cache with -XX:ReservedCodeCacheSize=
# This output file may be truncated or incomplete.
#
#  Out of Memory Error (os_linux.cpp:2798), pid=5674, tid=140563030263552
#
# JRE version: OpenJDK Runtime Environment (7.0_65-b32) (build 1.7.0_65-b32)
# Java VM: OpenJDK 64-Bit Server VM (24.65-b04 mixed mode linux-amd64 compressed oops)
# Derivative: IcedTea 2.5.3
# Distribution: Ubuntu 14.04 LTS, package 7u71-2.5.3-0ubuntu0.14.04.1
# Failed to write core dump. Core dumps have been disabled. To enable core dumping, try "ulimit -c unlimited" before starting Java again
#

---------------  T H R E A D  ---------------

Current thread (0x00007fd76c13c800):  VMThread [stack: 0x00007fd7616cc000,0x00007fd7617cd000] [id=5735]

Stack: [0x00007fd7616cc000,0x00007fd7617cd000],  sp=0x00007fd7617cb490,  free space=1021k
Native frames: (J=compiled Java code, j=interpreted, Vv=VM code, C=native code)
V  [libjvm.so+0x948b05]  VMError::report_and_die()+0x175
V  [libjvm.so+0x48bc34]  report_vm_out_of_memory(char const*, int, unsigned long, char const*)+0x74
V  [libjvm.so+0x7c7bfb]  os::pd_commit_memory(char*, unsigned long, unsigned long, bool)+0xeb
V  [libjvm.so+0x7c26bf]  os::commit_memory(char*, unsigned long, unsigned long, bool)+0x1f
V  [libjvm.so+0x833e4b]  PSVirtualSpace::expand_by(unsigned long)+0x5b
V  [libjvm.so+0x834ca0]  PSYoungGen::resize_generation(unsigned long, unsigned long)+0xb0
V  [libjvm.so+0x83538b]  PSYoungGen::resize(unsigned long, unsigned long)+0x1b
V  [libjvm.so+0x831670]  PSScavenge::invoke_no_policy()+0xde0
V  [libjvm.so+0x831e48]  PSScavenge::invoke()+0x38
V  [libjvm.so+0x7e8823]  ParallelScavengeHeap::failed_mem_allocate(unsigned long)+0x63
V  [libjvm.so+0x94a504]  VM_ParallelGCFailedAllocation::doit()+0x84
V  [libjvm.so+0x94e9f7]  VM_Operation::evaluate()+0x47
V  [libjvm.so+0x94d368]  VMThread::evaluate_operation(VM_Operation*)+0x318
V  [libjvm.so+0x94d7c9]  VMThread::loop()+0x219
V  [libjvm.so+0x94dc12]  VMThread::run()+0x72
V  [libjvm.so+0x7c4ac2]  java_start(Thread*)+0xf2

VM_Operation (0x00007fd773ee2d70): ParallelGCFailedAllocation, mode: safepoint, requested by thread 0x00007fd76c00a000


---------------  P R O C E S S  ---------------

Java Threads: ( => current thread )
  0x00007fd76c177800 JavaThread "Service Thread" daemon [_thread_blocked, id=5763, stack(0x00007fd760dfd000,0x00007fd760efe000)]
  0x00007fd76c175800 JavaThread "C2 CompilerThread1" daemon [_thread_blocked, id=5762, stack(0x00007fd760efe000,0x00007fd760fff000)]
  0x00007fd76c172800 JavaThread "C2 CompilerThread0" daemon [_thread_blocked, id=5761, stack(0x00007fd760fff000,0x00007fd761100000)]
  0x00007fd76c170000 JavaThread "Signal Dispatcher" daemon [_thread_blocked, id=5760, stack(0x00007fd761100000,0x00007fd761201000)]
  0x00007fd76c143000 JavaThread "Finalizer" daemon [_thread_blocked, id=5744, stack(0x00007fd7614ca000,0x00007fd7615cb000)]
  0x00007fd76c141000 JavaThread "Reference Handler" daemon [_thread_blocked, id=5742, stack(0x00007fd7615cb000,0x00007fd7616cc000)]
  0x00007fd76c00a000 JavaThread "main" [_thread_blocked, id=5715, stack(0x00007fd773de4000,0x00007fd773ee5000)]

Other Threads:
=>0x00007fd76c13c800 VMThread [stack: 0x00007fd7616cc000,0x00007fd7617cd000] [id=5735]
  0x00007fd76c182000 WatcherThread [stack: 0x00007fd760cfc000,0x00007fd760dfd000] [id=5764]

VM state:at safepoint (normal execution)

VM Mutex/Monitor currently owned by a thread:  ([mutex/lock_event])
[0x00007fd76c0067a0] Threads_lock - owner thread: 0x00007fd76c13c800
[0x00007fd76c006ca0] Heap_lock - owner thread: 0x00007fd76c00a000

Heap
 PSYoungGen      total 66048K, used 2541K [0x00000000eaa80000, 0x00000000eed80000, 0x0000000100000000)
  eden space 63488K, 0% used [0x00000000eaa80000,0x00000000eaa80000,0x00000000ee880000)
  from space 2560K, 99% used [0x00000000ee880000,0x00000000eeafb410,0x00000000eeb00000)
  to   space 2560K, 0% used [0x00000000eeb00000,0x00000000eeb00000,0x00000000eed80000)
 ParOldGen       total 40960K, used 24649K [0x00000000c0000000, 0x00000000c2800000, 0x00000000eaa80000)
  object space 40960K, 60% used [0x00000000c0000000,0x00000000c18127f0,0x00000000c2800000)
 PSPermGen       total 21504K, used 5896K [0x00000000b5a00000, 0x00000000b6f00000, 0x00000000c0000000)
  object space 21504K, 27% used [0x00000000b5a00000,0x00000000b5fc2080,0x00000000b6f00000)

Card table byte_map: [0x00007fd7707de000,0x00007fd770a32000] byte_map_base: 0x00007fd770231000

Polling page: 0x00007fd773f0c000

Code Cache  [0x00007fd769000000, 0x00007fd769270000, 0x00007fd76c000000)
 total_blobs=811 nmethods=584 adapters=181 free_code_cache=46770Kb largest_free_block=47847744

Compilation events (10 events):
Event: 8.453 Thread 0x00007fd76c172800 nmethod 590 0x00007fd7692532d0 code [0x00007fd769253400, 0x00007fd769253458]
Event: 8.453 Thread 0x00007fd76c172800  591             com.android.dx.rop.code.Insn$BaseVisitor::visitThrowingCstInsn (1 bytes)
Event: 8.453 Thread 0x00007fd76c172800 nmethod 591 0x00007fd7692530d0 code [0x00007fd769253200, 0x00007fd769253258]
Event: 8.453 Thread 0x00007fd76c172800  592             com.android.dx.dex.code.RopTranslator$LocalVariableAwareTranslationVisitor::visitThrowingCstInsn (11 bytes)
Event: 8.462 Thread 0x00007fd76c175800 nmethod 577% 0x00007fd769256550 code [0x00007fd769256840, 0x00007fd769257e80]
Event: 8.462 Thread 0x00007fd76c175800  593             com.android.dx.dex.code.RopTranslator$TranslationVisitor::visitThrowingCstInsn (225 bytes)
Event: 8.470 Thread 0x00007fd76c172800 nmethod 592 0x00007fd76925a450 code [0x00007fd76925a700, 0x00007fd76925b440]
Event: 8.470 Thread 0x00007fd76c172800  594             com.android.dx.cf.code.Simulator$SimVisitor::visitConstant (332 bytes)
Event: 8.474 Thread 0x00007fd76c175800 nmethod 593 0x00007fd76925cc10 code [0x00007fd76925ce40, 0x00007fd76925d6f0]
Event: 8.474 Thread 0x00007fd76c175800  595             com.android.dx.rop.cst.CstString::stringToUtf8Bytes (175 bytes)

GC Heap History (9 events):
Event: 2.410 GC heap before
{Heap before GC invocations=1 (full 0):
 PSYoungGen      total 18432K, used 15872K [0x00000000eaa80000, 0x00000000ebf00000, 0x0000000100000000)
  eden space 15872K, 100% used [0x00000000eaa80000,0x00000000eba00000,0x00000000eba00000)
  from space 2560K, 0% used [0x00000000ebc80000,0x00000000ebc80000,0x00000000ebf00000)
  to   space 2560K, 0% used [0x00000000eba00000,0x00000000eba00000,0x00000000ebc80000)
 ParOldGen       total 40960K, used 0K [0x00000000c0000000, 0x00000000c2800000, 0x00000000eaa80000)
  object space 40960K, 0% used [0x00000000c0000000,0x00000000c0000000,0x00000000c2800000)
 PSPermGen       total 21504K, used 5542K [0x00000000b5a00000, 0x00000000b6f00000, 0x00000000c0000000)
  object space 21504K, 25% used [0x00000000b5a00000,0x00000000b5f69b50,0x00000000b6f00000)
Event: 2.440 GC heap after
Heap after GC invocations=1 (full 0):
 PSYoungGen      total 18432K, used 2535K [0x00000000eaa80000, 0x00000000ece80000, 0x0000000100000000)
  eden space 15872K, 0% used [0x00000000eaa80000,0x00000000eaa80000,0x00000000eba00000)
  from space 2560K, 99% used [0x00000000eba00000,0x00000000ebc79c88,0x00000000ebc80000)
  to   space 2560K, 0% used [0x00000000ecc00000,0x00000000ecc00000,0x00000000ece80000)
 ParOldGen       total 40960K, used 1420K [0x00000000c0000000, 0x00000000c2800000, 0x00000000eaa80000)
  object space 40960K, 3% used [0x00000000c0000000,0x00000000c01631d8,0x00000000c2800000)
 PSPermGen       total 21504K, used 5542K [0x00000000b5a00000, 0x00000000b6f00000, 0x00000000c0000000)
  object space 21504K, 25% used [0x00000000b5a00000,0x00000000b5f69b50,0x00000000b6f00000)
}
Event: 3.395 GC heap before
{Heap before GC invocations=2 (full 0):
 PSYoungGen      total 18432K, used 18407K [0x00000000eaa80000, 0x00000000ece80000, 0x0000000100000000)
  eden space 15872K, 100% used [0x00000000eaa80000,0x00000000eba00000,0x00000000eba00000)
  from space 2560K, 99% used [0x00000000eba00000,0x00000000ebc79c88,0x00000000ebc80000)
  to   space 2560K, 0% used [0x00000000ecc00000,0x00000000ecc00000,0x00000000ece80000)
 ParOldGen       total 40960K, used 1420K [0x00000000c0000000, 0x00000000c2800000, 0x00000000eaa80000)
  object space 40960K, 3% used [0x00000000c0000000,0x00000000c01631d8,0x00000000c2800000)
 PSPermGen       total 21504K, used 5764K [0x00000000b5a00000, 0x00000000b6f00000, 0x00000000c0000000)
  object space 21504K, 26% used [0x00000000b5a00000,0x00000000b5fa1030,0x00000000b6f00000)
Event: 3.416 GC heap after
Heap after GC invocations=2 (full 0):
 PSYoungGen      total 34304K, used 2551K [0x00000000eaa80000, 0x00000000ece80000, 0x0000000100000000)
  eden space 31744K, 0% used [0x00000000eaa80000,0x00000000eaa80000,0x00000000ec980000)
  from space 2560K, 99% used [0x00000000ecc00000,0x00000000ece7dc88,0x00000000ece80000)
  to   space 2560K, 0% used [0x00000000ec980000,0x00000000ec980000,0x00000000ecc00000)
 ParOldGen       total 40960K, used 3443K [0x00000000c0000000, 0x00000000c2800000, 0x00000000eaa80000)
  object space 40960K, 8% used [0x00000000c0000000,0x00000000c035ce38,0x00000000c2800000)
 PSPermGen       total 21504K, used 5764K [0x00000000b5a00000, 0x00000000b6f00000, 0x00000000c0000000)
  object space 21504K, 26% used [0x00000000b5a00000,0x00000000b5fa1030,0x00000000b6f00000)
}
Event: 5.715 GC heap before
{Heap before GC invocations=3 (full 0):
 PSYoungGen      total 34304K, used 34295K [0x00000000eaa80000, 0x00000000ece80000, 0x0000000100000000)
  eden space 31744K, 100% used [0x00000000eaa80000,0x00000000ec980000,0x00000000ec980000)
  from space 2560K, 99% used [0x00000000ecc00000,0x00000000ece7dc88,0x00000000ece80000)
  to   space 2560K, 0% used [0x00000000ec980000,0x00000000ec980000,0x00000000ecc00000)
 ParOldGen       total 40960K, used 3443K [0x00000000c0000000, 0x00000000c2800000, 0x00000000eaa80000)
  object space 40960K, 8% used [0x00000000c0000000,0x00000000c035ce38,0x00000000c2800000)
 PSPermGen       total 21504K, used 5832K [0x00000000b5a00000, 0x00000000b6f00000, 0x00000000c0000000)
  object space 21504K, 27% used [0x00000000b5a00000,0x00000000b5fb22c0,0x00000000b6f00000)
Event: 5.739 GC heap after
Heap after GC invocations=3 (full 0):
 PSYoungGen      total 34304K, used 2550K [0x00000000eaa80000, 0x00000000eed80000, 0x0000000100000000)
  eden space 31744K, 0% used [0x00000000eaa80000,0x00000000eaa80000,0x00000000ec980000)
  from space 2560K, 99% used [0x00000000ec980000,0x00000000ecbfda20,0x00000000ecc00000)
  to   space 2560K, 0% used [0x00000000eeb00000,0x00000000eeb00000,0x00000000eed80000)
 ParOldGen       total 40960K, used 7815K [0x00000000c0000000, 0x00000000c2800000, 0x00000000eaa80000)
  object space 40960K, 19% used [0x00000000c0000000,0x00000000c07a1f60,0x00000000c2800000)
 PSPermGen       total 21504K, used 5832K [0x00000000b5a00000, 0x00000000b6f00000, 0x00000000c0000000)
  object space 21504K, 27% used [0x00000000b5a00000,0x00000000b5fb22c0,0x00000000b6f00000)
}
Event: 6.729 GC heap before
{Heap before GC invocations=4 (full 0):
 PSYoungGen      total 34304K, used 34294K [0x00000000eaa80000, 0x00000000eed80000, 0x0000000100000000)
  eden space 31744K, 100% used [0x00000000eaa80000,0x00000000ec980000,0x00000000ec980000)
  from space 2560K, 99% used [0x00000000ec980000,0x00000000ecbfda20,0x00000000ecc00000)
  to   space 2560K, 0% used [0x00000000eeb00000,0x00000000eeb00000,0x00000000eed80000)
 ParOldGen       total 40960K, used 7815K [0x00000000c0000000, 0x00000000c2800000, 0x00000000eaa80000)
  object space 40960K, 19% used [0x00000000c0000000,0x00000000c07a1f60,0x00000000c2800000)
 PSPermGen       total 21504K, used 5865K [0x00000000b5a00000, 0x00000000b6f00000, 0x00000000c0000000)
  object space 21504K, 27% used [0x00000000b5a00000,0x00000000b5fba4b0,0x00000000b6f00000)
Event: 6.771 GC heap after
Heap after GC invocations=4 (full 0):
 PSYoungGen      total 66048K, used 2548K [0x00000000eaa80000, 0x00000000eed80000, 0x0000000100000000)
  eden space 63488K, 0% used [0x00000000eaa80000,0x00000000eaa80000,0x00000000ee880000)
  from space 2560K, 99% used [0x00000000eeb00000,0x00000000eed7d160,0x00000000eed80000)
  to   space 2560K, 0% used [0x00000000ee880000,0x00000000ee880000,0x00000000eeb00000)
 ParOldGen       total 40960K, used 13337K [0x00000000c0000000, 0x00000000c2800000, 0x00000000eaa80000)
  object space 40960K, 32% used [0x00000000c0000000,0x00000000c0d066e0,0x00000000c2800000)
 PSPermGen       total 21504K, used 5865K [0x00000000b5a00000, 0x00000000b6f00000, 0x00000000c0000000)
  object space 21504K, 27% used [0x00000000b5a00000,0x00000000b5fba4b0,0x00000000b6f00000)
}
Event: 8.475 GC heap before
{Heap before GC invocations=5 (full 0):
 PSYoungGen      total 66048K, used 66036K [0x00000000eaa80000, 0x00000000eed80000, 0x0000000100000000)
  eden space 63488K, 100% used [0x00000000eaa80000,0x00000000ee880000,0x00000000ee880000)
  from space 2560K, 99% used [0x00000000eeb00000,0x00000000eed7d160,0x00000000eed80000)
  to   space 2560K, 0% used [0x00000000ee880000,0x00000000ee880000,0x00000000eeb00000)
 ParOldGen       total 40960K, used 13337K [0x00000000c0000000, 0x00000000c2800000, 0x00000000eaa80000)
  object space 40960K, 32% used [0x00000000c0000000,0x00000000c0d066e0,0x00000000c2800000)
 PSPermGen       total 21504K, used 5896K [0x00000000b5a00000, 0x00000000b6f00000, 0x00000000c0000000)
  object space 21504K, 27% used [0x00000000b5a00000,0x00000000b5fc2080,0x00000000b6f00000)

Deoptimization events (10 events):
Event: 5.678 Thread 0x00007fd76c00a000 Uncommon trap: reason=bimorphic action=maybe_recompile pc=0x00007fd76914ee2c method=com.android.dx.cf.code.BytecodeArray.parseInstruction(ILcom/android/dx/cf/code/BytecodeArray$Visitor;)I @ 1501
Event: 5.678 Thread 0x00007fd76c00a000 Uncommon trap: reason=bimorphic action=maybe_recompile pc=0x00007fd76914ee2c method=com.android.dx.cf.code.BytecodeArray.parseInstruction(ILcom/android/dx/cf/code/BytecodeArray$Visitor;)I @ 1501
Event: 5.764 Thread 0x00007fd76c00a000 Uncommon trap: reason=bimorphic action=maybe_recompile pc=0x00007fd7691513bc method=com.android.dx.cf.code.BytecodeArray.parseInstruction(ILcom/android/dx/cf/code/BytecodeArray$Visitor;)I @ 2281
Event: 5.764 Thread 0x00007fd76c00a000 Uncommon trap: reason=bimorphic action=maybe_recompile pc=0x00007fd7691513bc method=com.android.dx.cf.code.BytecodeArray.parseInstruction(ILcom/android/dx/cf/code/BytecodeArray$Visitor;)I @ 2281
Event: 5.901 Thread 0x00007fd76c00a000 Uncommon trap: reason=class_check action=maybe_recompile pc=0x00007fd7690e0f3c method=com.android.dx.ssa.SCCP.simulatePhi(Lcom/android/dx/ssa/PhiInsn;)V @ 124
Event: 6.088 Thread 0x00007fd76c00a000 Uncommon trap: reason=null_check action=make_not_entrant pc=0x00007fd769136ef4 method=com.android.dx.ssa.SsaRenamer.getLocalForNewReg(I)Lcom/android/dx/rop/code/LocalItem; @ 19
Event: 6.425 Thread 0x00007fd76c00a000 Uncommon trap: reason=unreached action=reinterpret pc=0x00007fd769149024 method=com.android.dx.cf.code.BaseMachine.getLocalTarget(Z)Lcom/android/dx/rop/code/RegisterSpec; @ 131
Event: 6.881 Thread 0x00007fd76c00a000 Uncommon trap: reason=bimorphic action=maybe_recompile pc=0x00007fd7691c4d84 method=com.android.dx.cf.code.RopperMachine.run(Lcom/android/dx/cf/code/Frame;II)V @ 310
Event: 7.113 Thread 0x00007fd76c00a000 Uncommon trap: reason=unreached action=reinterpret pc=0x00007fd7690eb114 method=com.android.dx.rop.code.LocalVariableExtractor.processBlock(I)V @ 195
Event: 8.321 Thread 0x00007fd76c00a000 Uncommon trap: reason=null_check action=make_not_entrant pc=0x00007fd76921bc9c method=com.android.dx.dex.file.FieldIdsSection.intern(Lcom/android/dx/rop/cst/CstFieldRef;)Lcom/android/dx/dex/file/FieldIdItem; @ 26

Internal exceptions (10 events):
Event: 3.167 Thread 0x00007fd76c00a000 Threw 0x00000000eb7539b0 at /build/buildd/openjdk-7-7u71-2.5.3/build/openjdk/hotspot/src/share/vm/prims/jvm.cpp:1284
Event: 3.169 Thread 0x00007fd76c00a000 Threw 0x00000000eb7625f0 at /build/buildd/openjdk-7-7u71-2.5.3/build/openjdk/hotspot/src/share/vm/prims/jvm.cpp:1284
Event: 3.394 Thread 0x00007fd76c00a000 Implicit null exception at 0x00007fd7690a2e92 to 0x00007fd7690a2f45
Event: 3.712 Thread 0x00007fd76c00a000 Threw 0x00000000eacbca30 at /build/buildd/openjdk-7-7u71-2.5.3/build/openjdk/hotspot/src/share/vm/prims/jvm.cpp:1284
Event: 3.738 Thread 0x00007fd76c00a000 Threw 0x00000000ead19d80 at /build/buildd/openjdk-7-7u71-2.5.3/build/openjdk/hotspot/src/share/vm/prims/jvm.cpp:1284
Event: 4.613 Thread 0x00007fd76c00a000 Implicit null exception at 0x00007fd7690f8483 to 0x00007fd7690f8bad
Event: 6.003 Thread 0x00007fd76c00a000 Threw 0x00000000eb6344b0 at /build/buildd/openjdk-7-7u71-2.5.3/build/openjdk/hotspot/src/share/vm/prims/jvm.cpp:1284
Event: 6.088 Thread 0x00007fd76c00a000 Implicit null exception at 0x00007fd769134559 to 0x00007fd769136ebd
Event: 6.129 Thread 0x00007fd76c00a000 Threw 0x00000000ebaed330 at /build/buildd/openjdk-7-7u71-2.5.3/build/openjdk/hotspot/src/share/vm/prims/jvm.cpp:1284
Event: 6.600 Thread 0x00007fd76c00a000 Threw 0x00000000ec65c768 at /build/buildd/openjdk-7-7u71-2.5.3/build/openjdk/hotspot/src/share/vm/prims/jvm.cpp:1284

Events (10 events):
Event: 6.891 Thread 0x00007fd76c172800 flushing nmethod 0x00007fd769094750
Event: 6.957 Thread 0x00007fd76c175800 flushing nmethod 0x00007fd7690bc890
Event: 7.113 Thread 0x00007fd76c00a000 Uncommon trap: trap_request=0xffffffad fr.pc=0x00007fd7690eb114
Event: 7.113 Thread 0x00007fd76c00a000 DEOPT PACKING pc=0x00007fd7690eb114 sp=0x00007fd773ee2fe0
Event: 7.113 Thread 0x00007fd76c00a000 DEOPT UNPACKING pc=0x00007fd769039045 sp=0x00007fd773ee2fa0 mode 2
Event: 7.956 Thread 0x00007fd76c175800 flushing nmethod 0x00007fd7690f7dd0
Event: 8.321 Thread 0x00007fd76c00a000 Uncommon trap: trap_request=0xfffffff4 fr.pc=0x00007fd76921bc9c
Event: 8.321 Thread 0x00007fd76c00a000 DEOPT PACKING pc=0x00007fd76921bc9c sp=0x00007fd773ee3270
Event: 8.321 Thread 0x00007fd76c00a000 DEOPT UNPACKING pc=0x00007fd769039045 sp=0x00007fd773ee31c8 mode 2
Event: 8.475 Executing VM operation: ParallelGCFailedAllocation


Dynamic libraries:
00400000-00401000 r-xp 00000000 07:00 23789                              /usr/lib/jvm/java-7-openjdk-amd64/jre/bin/java
00600000-00601000 r--p 00000000 07:00 23789                              /usr/lib/jvm/java-7-openjdk-amd64/jre/bin/java
00601000-00602000 rw-p 00001000 07:00 23789                              /usr/lib/jvm/java-7-openjdk-amd64/jre/bin/java
01220000-01241000 rw-p 00000000 00:00 0                                  [heap]
b5a00000-b6f00000 rw-p 00000000 00:00 0 
b6f00000-c0000000 rw-p 00000000 00:00 0 
c0000000-c2800000 rw-p 00000000 00:00 0 
c2800000-eaa80000 rw-p 00000000 00:00 0 
eaa80000-eed80000 rw-p 00000000 00:00 0 
f4280000-100000000 rw-p 00000000 00:00 0 
7fd733578000-7fd7335b5000 r-xp 00000000 07:00 10135                      /lib/x86_64-linux-gnu/libpcre.so.3.13.1
7fd7335b5000-7fd7337b4000 ---p 0003d000 07:00 10135                      /lib/x86_64-linux-gnu/libpcre.so.3.13.1
7fd7337b4000-7fd7337b5000 r--p 0003c000 07:00 10135                      /lib/x86_64-linux-gnu/libpcre.so.3.13.1
7fd7337b5000-7fd7337b6000 rw-p 0003d000 07:00 10135                      /lib/x86_64-linux-gnu/libpcre.so.3.13.1
7fd7337b6000-7fd7337bd000 r-xp 00000000 07:00 50611                      /usr/lib/x86_64-linux-gnu/libffi.so.6.0.1
7fd7337bd000-7fd7339bc000 ---p 00007000 07:00 50611                      /usr/lib/x86_64-linux-gnu/libffi.so.6.0.1
7fd7339bc000-7fd7339bd000 r--p 00006000 07:00 50611                      /usr/lib/x86_64-linux-gnu/libffi.so.6.0.1
7fd7339bd000-7fd7339be000 rw-p 00007000 07:00 50611                      /usr/lib/x86_64-linux-gnu/libffi.so.6.0.1
7fd7339be000-7fd7339d5000 r-xp 00000000 07:00 10158                      /lib/x86_64-linux-gnu/libresolv-2.19.so
7fd7339d5000-7fd733bd5000 ---p 00017000 07:00 10158                      /lib/x86_64-linux-gnu/libresolv-2.19.so
7fd733bd5000-7fd733bd6000 r--p 00017000 07:00 10158                      /lib/x86_64-linux-gnu/libresolv-2.19.so
7fd733bd6000-7fd733bd7000 rw-p 00018000 07:00 10158                      /lib/x86_64-linux-gnu/libresolv-2.19.so
7fd733bd7000-7fd733bd9000 rw-p 00000000 00:00 0 
7fd733bd9000-7fd733bf9000 r-xp 00000000 07:00 10162                      /lib/x86_64-linux-gnu/libselinux.so.1
7fd733bf9000-7fd733df8000 ---p 00020000 07:00 10162                      /lib/x86_64-linux-gnu/libselinux.so.1
7fd733df8000-7fd733df9000 r--p 0001f000 07:00 10162                      /lib/x86_64-linux-gnu/libselinux.so.1
7fd733df9000-7fd733dfa000 rw-p 00020000 07:00 10162                      /lib/x86_64-linux-gnu/libselinux.so.1
7fd733dfa000-7fd733dfc000 rw-p 00000000 00:00 0 
7fd733dfc000-7fd733dff000 r-xp 00000000 07:00 50763                      /usr/lib/x86_64-linux-gnu/libgmodule-2.0.so.0.4002.0
7fd733dff000-7fd733ffe000 ---p 00003000 07:00 50763                      /usr/lib/x86_64-linux-gnu/libgmodule-2.0.so.0.4002.0
7fd733ffe000-7fd733fff000 r--p 00002000 07:00 50763                      /usr/lib/x86_64-linux-gnu/libgmodule-2.0.so.0.4002.0
7fd733fff000-7fd734000000 rw-p 00003000 07:00 50763                      /usr/lib/x86_64-linux-gnu/libgmodule-2.0.so.0.4002.0
7fd734000000-7fd734021000 rw-p 00000000 00:00 0 
7fd734021000-7fd738000000 ---p 00000000 00:00 0 
7fd738000000-7fd738021000 rw-p 00000000 00:00 0 
7fd738021000-7fd73c000000 ---p 00000000 00:00 0 
7fd73c000000-7fd73ce4e000 rw-p 00000000 00:00 0 
7fd73ce4e000-7fd740000000 ---p 00000000 00:00 0 
7fd740000000-7fd7414c8000 rw-p 00000000 00:00 0 
7fd7414c8000-7fd744000000 ---p 00000000 00:00 0 
7fd744000000-7fd744021000 rw-p 00000000 00:00 0 
7fd744021000-7fd748000000 ---p 00000000 00:00 0 
7fd748000000-7fd748021000 rw-p 00000000 00:00 0 
7fd748021000-7fd74c000000 ---p 00000000 00:00 0 
7fd74c000000-7fd74c241000 rw-p 00000000 00:00 0 
7fd74c241000-7fd750000000 ---p 00000000 00:00 0 
7fd750000000-7fd750021000 rw-p 00000000 00:00 0 
7fd750021000-7fd754000000 ---p 00000000 00:00 0 
7fd754000000-7fd754021000 rw-p 00000000 00:00 0 
7fd754021000-7fd758000000 ---p 00000000 00:00 0 
7fd758000000-7fd758021000 rw-p 00000000 00:00 0 
7fd758021000-7fd75c000000 ---p 00000000 00:00 0 
7fd75c000000-7fd75c021000 rw-p 00000000 00:00 0 
7fd75c021000-7fd760000000 ---p 00000000 00:00 0 
7fd760006000-7fd76010c000 r-xp 00000000 07:00 10062                      /lib/x86_64-linux-gnu/libglib-2.0.so.0.4002.0
7fd76010c000-7fd76030b000 ---p 00106000 07:00 10062                      /lib/x86_64-linux-gnu/libglib-2.0.so.0.4002.0
7fd76030b000-7fd76030c000 r--p 00105000 07:00 10062                      /lib/x86_64-linux-gnu/libglib-2.0.so.0.4002.0
7fd76030c000-7fd76030d000 rw-p 00106000 07:00 10062                      /lib/x86_64-linux-gnu/libglib-2.0.so.0.4002.0
7fd76030d000-7fd76030e000 rw-p 00000000 00:00 0 
7fd76030e000-7fd76035d000 r-xp 00000000 07:00 50795                      /usr/lib/x86_64-linux-gnu/libgobject-2.0.so.0.4002.0
7fd76035d000-7fd76055d000 ---p 0004f000 07:00 50795                      /usr/lib/x86_64-linux-gnu/libgobject-2.0.so.0.4002.0
7fd76055d000-7fd76055e000 r--p 0004f000 07:00 50795                      /usr/lib/x86_64-linux-gnu/libgobject-2.0.so.0.4002.0
7fd76055e000-7fd76055f000 rw-p 00050000 07:00 50795                      /usr/lib/x86_64-linux-gnu/libgobject-2.0.so.0.4002.0
7fd76055f000-7fd7606cb000 r-xp 00000000 07:00 50740                      /usr/lib/x86_64-linux-gnu/libgio-2.0.so.0.4002.0
7fd7606cb000-7fd7608ca000 ---p 0016c000 07:00 50740                      /usr/lib/x86_64-linux-gnu/libgio-2.0.so.0.4002.0
7fd7608ca000-7fd7608ce000 r--p 0016b000 07:00 50740                      /usr/lib/x86_64-linux-gnu/libgio-2.0.so.0.4002.0
7fd7608ce000-7fd7608d0000 rw-p 0016f000 07:00 50740                      /usr/lib/x86_64-linux-gnu/libgio-2.0.so.0.4002.0
7fd7608d0000-7fd7608d2000 rw-p 00000000 00:00 0 
7fd7608d2000-7fd7608e9000 r-xp 00000000 07:00 23837                      /usr/lib/jvm/java-7-openjdk-amd64/jre/lib/amd64/libnet.so
7fd7608e9000-7fd760ae8000 ---p 00017000 07:00 23837                      /usr/lib/jvm/java-7-openjdk-amd64/jre/lib/amd64/libnet.so
7fd760ae8000-7fd760ae9000 r--p 00016000 07:00 23837                      /usr/lib/jvm/java-7-openjdk-amd64/jre/lib/amd64/libnet.so
7fd760ae9000-7fd760aea000 rw-p 00017000 07:00 23837                      /usr/lib/jvm/java-7-openjdk-amd64/jre/lib/amd64/libnet.so
7fd760aea000-7fd760afa000 r-xp 00000000 07:00 23838                      /usr/lib/jvm/java-7-openjdk-amd64/jre/lib/amd64/libnio.so
7fd760afa000-7fd760cfa000 ---p 00010000 07:00 23838                      /usr/lib/jvm/java-7-openjdk-amd64/jre/lib/amd64/libnio.so
7fd760cfa000-7fd760cfb000 r--p 00010000 07:00 23838                      /usr/lib/jvm/java-7-openjdk-amd64/jre/lib/amd64/libnio.so
7fd760cfb000-7fd760cfc000 rw-p 00011000 07:00 23838                      /usr/lib/jvm/java-7-openjdk-amd64/jre/lib/amd64/libnio.so
7fd760cfc000-7fd760cfd000 ---p 00000000 00:00 0 
7fd760cfd000-7fd760dfd000 rw-p 00000000 00:00 0                          [stack:5764]
7fd760dfd000-7fd760e00000 ---p 00000000 00:00 0 
7fd760e00000-7fd760efe000 rw-p 00000000 00:00 0                          [stack:5763]
7fd760efe000-7fd760f01000 ---p 00000000 00:00 0 
7fd760f01000-7fd760fff000 rw-p 00000000 00:00 0                          [stack:5762]
7fd760fff000-7fd761002000 ---p 00000000 00:00 0 
7fd761002000-7fd761100000 rw-p 00000000 00:00 0                          [stack:5761]
7fd761100000-7fd761103000 ---p 00000000 00:00 0 
7fd761103000-7fd761201000 rw-p 00000000 00:00 0                          [stack:5760]
7fd761201000-7fd7614ca000 r--p 00000000 07:00 28888                      /usr/lib/locale/locale-archive
7fd7614ca000-7fd7614cd000 ---p 00000000 00:00 0 
7fd7614cd000-7fd7615cb000 rw-p 00000000 00:00 0                          [stack:5744]
7fd7615cb000-7fd7615ce000 ---p 00000000 00:00 0 
7fd7615ce000-7fd7616cc000 rw-p 00000000 00:00 0                          [stack:5742]
7fd7616cc000-7fd7616cd000 ---p 00000000 00:00 0 
7fd7616cd000-7fd764000000 rw-p 00000000 00:00 0                          [stack:5735]
7fd764000000-7fd764021000 rw-p 00000000 00:00 0 
7fd764021000-7fd768000000 ---p 00000000 00:00 0 
7fd7680e0000-7fd7680f1000 r--s 000aa000 08:12 135755                     /home/student/AndroidStudioProjects/MyList/app/build/intermediates/exploded-aar/com.android.support/support-v4/21.0.3/classes.jar
7fd7680f1000-7fd768bfc000 rw-p 00000000 00:00 0 
7fd768bfc000-7fd768dad000 r--s 01d25000 07:00 23905                      /usr/lib/jvm/java-7-openjdk-amd64/jre/lib/rt.jar
7fd768dad000-7fd769000000 rw-p 00000000 00:00 0 
7fd769000000-7fd769270000 rwxp 00000000 00:00 0 
7fd769270000-7fd76c32c000 rw-p 00000000 00:00 0 
7fd76c32c000-7fd770000000 ---p 00000000 00:00 0 
7fd770007000-7fd770016000 r--s 000dd000 08:12 2348                       /home/student/Android/Sdk/build-tools/21.1.2/lib/dx.jar
7fd770016000-7fd770231000 rw-p 00000000 00:00 0 
7fd770231000-7fd770232000 ---p 00000000 00:00 0 
7fd770232000-7fd770332000 rw-p 00000000 00:00 0                          [stack:5729]
7fd770332000-7fd770333000 ---p 00000000 00:00 0 
7fd770333000-7fd770433000 rw-p 00000000 00:00 0                          [stack:5725]
7fd770433000-7fd770434000 ---p 00000000 00:00 0 
7fd770434000-7fd770534000 rw-p 00000000 00:00 0                          [stack:5721]
7fd770534000-7fd770535000 ---p 00000000 00:00 0 
7fd770535000-7fd770640000 rw-p 00000000 00:00 0                          [stack:5718]
7fd770640000-7fd770688000 rw-p 00000000 00:00 0 
7fd770688000-7fd77069c000 rw-p 00000000 00:00 0 
7fd77069c000-7fd7707de000 rw-p 00000000 00:00 0 
7fd7707de000-7fd7707e9000 rw-p 00000000 00:00 0 
7fd7707e9000-7fd770831000 rw-p 00000000 00:00 0 
7fd770831000-7fd770845000 rw-p 00000000 00:00 0 
7fd770845000-7fd770986000 rw-p 00000000 00:00 0 
7fd770986000-7fd7709a8000 rw-p 00000000 00:00 0 
7fd7709a8000-7fd770a31000 rw-p 00000000 00:00 0 
7fd770a31000-7fd770a32000 rw-p 00000000 00:00 0 
7fd770a32000-7fd770a3a000 r-xp 00000000 07:00 23845                      /usr/lib/jvm/java-7-openjdk-amd64/jre/lib/amd64/libzip.so
7fd770a3a000-7fd770c39000 ---p 00008000 07:00 23845                      /usr/lib/jvm/java-7-openjdk-amd64/jre/lib/amd64/libzip.so
7fd770c39000-7fd770c3a000 r--p 00007000 07:00 23845                      /usr/lib/jvm/java-7-openjdk-amd64/jre/lib/amd64/libzip.so
7fd770c3a000-7fd770c3b000 rw-p 00008000 07:00 23845                      /usr/lib/jvm/java-7-openjdk-amd64/jre/lib/amd64/libzip.so
7fd770c3b000-7fd770c46000 r-xp 00000000 07:00 10107                      /lib/x86_64-linux-gnu/libnss_files-2.19.so
7fd770c46000-7fd770e45000 ---p 0000b000 07:00 10107                      /lib/x86_64-linux-gnu/libnss_files-2.19.so
7fd770e45000-7fd770e46000 r--p 0000a000 07:00 10107                      /lib/x86_64-linux-gnu/libnss_files-2.19.so
7fd770e46000-7fd770e47000 rw-p 0000b000 07:00 10107                      /lib/x86_64-linux-gnu/libnss_files-2.19.so
7fd770e47000-7fd770e52000 r-xp 00000000 07:00 10117                      /lib/x86_64-linux-gnu/libnss_nis-2.19.so
7fd770e52000-7fd771051000 ---p 0000b000 07:00 10117                      /lib/x86_64-linux-gnu/libnss_nis-2.19.so
7fd771051000-7fd771052000 r--p 0000a000 07:00 10117                      /lib/x86_64-linux-gnu/libnss_nis-2.19.so
7fd771052000-7fd771053000 rw-p 0000b000 07:00 10117                      /lib/x86_64-linux-gnu/libnss_nis-2.19.so
7fd771053000-7fd77106a000 r-xp 00000000 07:00 10101                      /lib/x86_64-linux-gnu/libnsl-2.19.so
7fd77106a000-7fd771269000 ---p 00017000 07:00 10101                      /lib/x86_64-linux-gnu/libnsl-2.19.so
7fd771269000-7fd77126a000 r--p 00016000 07:00 10101                      /lib/x86_64-linux-gnu/libnsl-2.19.so
7fd77126a000-7fd77126b000 rw-p 00017000 07:00 10101                      /lib/x86_64-linux-gnu/libnsl-2.19.so
7fd77126b000-7fd77126d000 rw-p 00000000 00:00 0 
7fd77126d000-7fd771276000 r-xp 00000000 07:00 10103                      /lib/x86_64-linux-gnu/libnss_compat-2.19.so
7fd771276000-7fd771475000 ---p 00009000 07:00 10103                      /lib/x86_64-linux-gnu/libnss_compat-2.19.so
7fd771475000-7fd771476000 r--p 00008000 07:00 10103                      /lib/x86_64-linux-gnu/libnss_compat-2.19.so
7fd771476000-7fd771477000 rw-p 00009000 07:00 10103                      /lib/x86_64-linux-gnu/libnss_compat-2.19.so
7fd771477000-7fd7714a2000 r-xp 00000000 07:00 23824                      /usr/lib/jvm/java-7-openjdk-amd64/jre/lib/amd64/libjava.so
7fd7714a2000-7fd7716a1000 ---p 0002b000 07:00 23824                      /usr/lib/jvm/java-7-openjdk-amd64/jre/lib/amd64/libjava.so
7fd7716a1000-7fd7716a2000 r--p 0002a000 07:00 23824                      /usr/lib/jvm/java-7-openjdk-amd64/jre/lib/amd64/libjava.so
7fd7716a2000-7fd7716a4000 rw-p 0002b000 07:00 23824                      /usr/lib/jvm/java-7-openjdk-amd64/jre/lib/amd64/libjava.so
7fd7716a4000-7fd7716b4000 r-xp 00000000 07:00 23844                      /usr/lib/jvm/java-7-openjdk-amd64/jre/lib/amd64/libverify.so
7fd7716b4000-7fd7718b3000 ---p 00010000 07:00 23844                      /usr/lib/jvm/java-7-openjdk-amd64/jre/lib/amd64/libverify.so
7fd7718b3000-7fd7718b5000 r--p 0000f000 07:00 23844                      /usr/lib/jvm/java-7-openjdk-amd64/jre/lib/amd64/libverify.so
7fd7718b5000-7fd7718b6000 rw-p 00011000 07:00 23844                      /usr/lib/jvm/java-7-openjdk-amd64/jre/lib/amd64/libverify.so
7fd7718b6000-7fd7718bd000 r-xp 00000000 07:00 10160                      /lib/x86_64-linux-gnu/librt-2.19.so
7fd7718bd000-7fd771abc000 ---p 00007000 07:00 10160                      /lib/x86_64-linux-gnu/librt-2.19.so
7fd771abc000-7fd771abd000 r--p 00006000 07:00 10160                      /lib/x86_64-linux-gnu/librt-2.19.so
7fd771abd000-7fd771abe000 rw-p 00007000 07:00 10160                      /lib/x86_64-linux-gnu/librt-2.19.so
7fd771abe000-7fd771ad4000 r-xp 00000000 07:00 10056                      /lib/x86_64-linux-gnu/libgcc_s.so.1
7fd771ad4000-7fd771cd3000 ---p 00016000 07:00 10056                      /lib/x86_64-linux-gnu/libgcc_s.so.1
7fd771cd3000-7fd771cd4000 rw-p 00015000 07:00 10056                      /lib/x86_64-linux-gnu/libgcc_s.so.1
7fd771cd4000-7fd771dd9000 r-xp 00000000 07:00 10082                      /lib/x86_64-linux-gnu/libm-2.19.so
7fd771dd9000-7fd771fd8000 ---p 00105000 07:00 10082                      /lib/x86_64-linux-gnu/libm-2.19.so
7fd771fd8000-7fd771fd9000 r--p 00104000 07:00 10082                      /lib/x86_64-linux-gnu/libm-2.19.so
7fd771fd9000-7fd771fda000 rw-p 00105000 07:00 10082                      /lib/x86_64-linux-gnu/libm-2.19.so
7fd771fda000-7fd7720c0000 r-xp 00000000 07:00 51535                      /usr/lib/x86_64-linux-gnu/libstdc++.so.6.0.19
7fd7720c0000-7fd7722bf000 ---p 000e6000 07:00 51535                      /usr/lib/x86_64-linux-gnu/libstdc++.so.6.0.19
7fd7722bf000-7fd7722c7000 r--p 000e5000 07:00 51535                      /usr/lib/x86_64-linux-gnu/libstdc++.so.6.0.19
7fd7722c7000-7fd7722c9000 rw-p 000ed000 07:00 51535                      /usr/lib/x86_64-linux-gnu/libstdc++.so.6.0.19
7fd7722c9000-7fd7722de000 rw-p 00000000 00:00 0 
7fd7722de000-7fd772df4000 r-xp 00000000 07:00 23850                      /usr/lib/jvm/java-7-openjdk-amd64/jre/lib/amd64/server/libjvm.so
7fd772df4000-7fd772ff3000 ---p 00b16000 07:00 23850                      /usr/lib/jvm/java-7-openjdk-amd64/jre/lib/amd64/server/libjvm.so
7fd772ff3000-7fd77308d000 r--p 00b15000 07:00 23850                      /usr/lib/jvm/java-7-openjdk-amd64/jre/lib/amd64/server/libjvm.so
7fd77308d000-7fd7730b0000 rw-p 00baf000 07:00 23850                      /usr/lib/jvm/java-7-openjdk-amd64/jre/lib/amd64/server/libjvm.so
7fd7730b0000-7fd7730de000 rw-p 00000000 00:00 0 
7fd7730de000-7fd7730f6000 r-xp 00000000 07:00 10195                      /lib/x86_64-linux-gnu/libz.so.1.2.8
7fd7730f6000-7fd7732f5000 ---p 00018000 07:00 10195                      /lib/x86_64-linux-gnu/libz.so.1.2.8
7fd7732f5000-7fd7732f6000 r--p 00017000 07:00 10195                      /lib/x86_64-linux-gnu/libz.so.1.2.8
7fd7732f6000-7fd7732f7000 rw-p 00018000 07:00 10195                      /lib/x86_64-linux-gnu/libz.so.1.2.8
7fd7732f7000-7fd773310000 r-xp 00000000 07:00 10152                      /lib/x86_64-linux-gnu/libpthread-2.19.so
7fd773310000-7fd77350f000 ---p 00019000 07:00 10152                      /lib/x86_64-linux-gnu/libpthread-2.19.so
7fd77350f000-7fd773510000 r--p 00018000 07:00 10152                      /lib/x86_64-linux-gnu/libpthread-2.19.so
7fd773510000-7fd773511000 rw-p 00019000 07:00 10152                      /lib/x86_64-linux-gnu/libpthread-2.19.so
7fd773511000-7fd773515000 rw-p 00000000 00:00 0 
7fd773515000-7fd773518000 r-xp 00000000 07:00 10046                      /lib/x86_64-linux-gnu/libdl-2.19.so
7fd773518000-7fd773717000 ---p 00003000 07:00 10046                      /lib/x86_64-linux-gnu/libdl-2.19.so
7fd773717000-7fd773718000 r--p 00002000 07:00 10046                      /lib/x86_64-linux-gnu/libdl-2.19.so
7fd773718000-7fd773719000 rw-p 00003000 07:00 10046                      /lib/x86_64-linux-gnu/libdl-2.19.so
7fd773719000-7fd7738d4000 r-xp 00000000 07:00 10029                      /lib/x86_64-linux-gnu/libc-2.19.so
7fd7738d4000-7fd773ad4000 ---p 001bb000 07:00 10029                      /lib/x86_64-linux-gnu/libc-2.19.so
7fd773ad4000-7fd773ad8000 r--p 001bb000 07:00 10029                      /lib/x86_64-linux-gnu/libc-2.19.so
7fd773ad8000-7fd773ada000 rw-p 001bf000 07:00 10029                      /lib/x86_64-linux-gnu/libc-2.19.so
7fd773ada000-7fd773adf000 rw-p 00000000 00:00 0 
7fd773adf000-7fd773aec000 r-xp 00000000 07:00 23809                      /usr/lib/jvm/java-7-openjdk-amd64/jre/lib/amd64/jli/libjli.so
7fd773aec000-7fd773ceb000 ---p 0000d000 07:00 23809                      /usr/lib/jvm/java-7-openjdk-amd64/jre/lib/amd64/jli/libjli.so
7fd773ceb000-7fd773cec000 r--p 0000c000 07:00 23809                      /usr/lib/jvm/java-7-openjdk-amd64/jre/lib/amd64/jli/libjli.so
7fd773cec000-7fd773ced000 rw-p 0000d000 07:00 23809                      /usr/lib/jvm/java-7-openjdk-amd64/jre/lib/amd64/jli/libjli.so
7fd773ced000-7fd773d10000 r-xp 00000000 07:00 10005                      /lib/x86_64-linux-gnu/ld-2.19.so
7fd773d10000-7fd773d11000 rw-p 00000000 00:00 0 
7fd773d11000-7fd773d13000 r--s 00012000 07:00 23873                      /usr/lib/jvm/java-7-openjdk-amd64/jre/lib/ext/zipfs.jar
7fd773d13000-7fd773d17000 r--s 0003c000 07:00 23872                      /usr/lib/jvm/java-7-openjdk-amd64/jre/lib/ext/sunpkcs11.jar
7fd773d17000-7fd773d1b000 r--s 00034000 07:00 23871                      /usr/lib/jvm/java-7-openjdk-amd64/jre/lib/ext/sunjce_provider.jar
7fd773d1b000-7fd773d1f000 r--s 00085000 07:00 23870                      /usr/lib/jvm/java-7-openjdk-amd64/jre/lib/ext/localedata.jar
7fd773d1f000-7fd773d21000 r--s 00006000 07:00 138580                     /usr/share/java/java-atk-wrapper.jar
7fd773d21000-7fd773d24000 r--s 0000f000 07:00 23867                      /usr/lib/jvm/java-7-openjdk-amd64/jre/lib/ext/icedtea-sound.jar
7fd773d24000-7fd773d2e000 rw-p 00000000 00:00 0 
7fd773d2e000-7fd773de4000 rw-p 00000000 00:00 0 
7fd773de4000-7fd773de7000 ---p 00000000 00:00 0 
7fd773de7000-7fd773eea000 rw-p 00000000 00:00 0                          [stack:5715]
7fd773eea000-7fd773eeb000 r--s 00002000 07:00 23866                      /usr/lib/jvm/java-7-openjdk-amd64/jre/lib/ext/dnsns.jar
7fd773eeb000-7fd773f03000 rw-p 00000000 00:00 0 
7fd773f03000-7fd773f0b000 rw-s 00000000 00:15 180424                     /tmp/hsperfdata_student/5674
7fd773f0b000-7fd773f0c000 rw-p 00000000 00:00 0 
7fd773f0c000-7fd773f0d000 ---p 00000000 00:00 0 
7fd773f0d000-7fd773f0f000 rw-p 00000000 00:00 0 
7fd773f0f000-7fd773f10000 r--p 00022000 07:00 10005                      /lib/x86_64-linux-gnu/ld-2.19.so
7fd773f10000-7fd773f11000 rw-p 00023000 07:00 10005                      /lib/x86_64-linux-gnu/ld-2.19.so
7fd773f11000-7fd773f12000 rw-p 00000000 00:00 0 
7fff0cc39000-7fff0cc5a000 rw-p 00000000 00:00 0                          [stack]
7fff0cd61000-7fff0cd63000 r-xp 00000000 00:00 0                          [vdso]
ffffffffff600000-ffffffffff601000 r-xp 00000000 00:00 0                  [vsyscall]

VM Arguments:
jvm_args: -Xmx1024M 
java_command: /home/student/Android/Sdk/build-tools/21.1.2/lib/dx.jar --dex --output /home/student/AndroidStudioProjects/MyList/app/build/intermediates/pre-dexed/debug/classes-743762239245565771d474be659072f3ab1085c5.jar /home/student/AndroidStudioProjects/MyList/app/build/intermediates/exploded-aar/com.android.support/support-v4/21.0.3/classes.jar
Launcher Type: SUN_STANDARD

Environment Variables:
CLASSPATH=/home/student/android-studio/bin/../lib/bootstrap.jar:/home/student/android-studio/bin/../lib/extensions.jar:/home/student/android-studio/bin/../lib/util.jar:/home/student/android-studio/bin/../lib/jdom.jar:/home/student/android-studio/bin/../lib/log4j.jar:/home/student/android-studio/bin/../lib/trove4j.jar:/home/student/android-studio/bin/../lib/jna.jar:/usr/lib/jvm/java-7-openjdk-amd64/lib/tools.jar
PATH=/usr/local/sbin:/usr/local/bin:/usr/sbin:/usr/bin:/sbin:/bin:/usr/games:/usr/local/games
USERNAME=student
LD_LIBRARY_PATH=/home/student/android-studio/bin:
SHELL=/bin/bash
DISPLAY=:0.0

Signal Handlers:
SIGSEGV: [libjvm.so+0x9495e0], sa_mask[0]=0x7ffbfeff, sa_flags=0x10000004
SIGBUS: [libjvm.so+0x9495e0], sa_mask[0]=0x7ffbfeff, sa_flags=0x10000004
SIGFPE: [libjvm.so+0x7c3410], sa_mask[0]=0x7ffbfeff, sa_flags=0x10000004
SIGPIPE: [libjvm.so+0x7c3410], sa_mask[0]=0x7ffbfeff, sa_flags=0x10000004
SIGXFSZ: [libjvm.so+0x7c3410], sa_mask[0]=0x7ffbfeff, sa_flags=0x10000004
SIGILL: [libjvm.so+0x7c3410], sa_mask[0]=0x7ffbfeff, sa_flags=0x10000004
SIGUSR1: SIG_DFL, sa_mask[0]=0x00000000, sa_flags=0x00000000
SIGUSR2: [libjvm.so+0x7c32b0], sa_mask[0]=0x00000004, sa_flags=0x10000004
SIGHUP: [libjvm.so+0x7c3490], sa_mask[0]=0x7ffbfeff, sa_flags=0x10000004
SIGINT: [libjvm.so+0x7c3490], sa_mask[0]=0x7ffbfeff, sa_flags=0x10000004
SIGTERM: [libjvm.so+0x7c3490], sa_mask[0]=0x7ffbfeff, sa_flags=0x10000004
SIGQUIT: [libjvm.so+0x7c3490], sa_mask[0]=0x7ffbfeff, sa_flags=0x10000004
SIGTRAP: SIG_DFL, sa_mask[0]=0x00000000, sa_flags=0x00000000


---------------  S Y S T E M  ---------------

OS:LinuxMint 17.1 (rebecca)
uname:Linux 3.13.0-37-generic #64-Ubuntu SMP Mon Sep 22 21:28:38 UTC 2014 x86_64
libc:glibc 2.19 NPTL 2.19 
rlimit: STACK 8192k, CORE 0k, NPROC 30616, NOFILE 4096, AS infinity
load average:4.44 1.88 1.15

/proc/meminfo:
MemTotal:        3941808 kB
MemFree:          130524 kB
Buffers:            4124 kB
Cached:           785568 kB
SwapCached:            0 kB
Active:          3035940 kB
Inactive:         628868 kB
Active(anon):    3021276 kB
Inactive(anon):   613948 kB
Active(file):      14664 kB
Inactive(file):    14920 kB
Unevictable:           0 kB
Mlocked:               0 kB
SwapTotal:             0 kB
SwapFree:              0 kB
Dirty:               300 kB
Writeback:             0 kB
AnonPages:       2875564 kB
Mapped:            62132 kB
Shmem:            759716 kB
Slab:              58552 kB
SReclaimable:      31380 kB
SUnreclaim:        27172 kB
KernelStack:        3656 kB
PageTables:        23172 kB
NFS_Unstable:          0 kB
Bounce:                0 kB
WritebackTmp:          0 kB
CommitLimit:     1970904 kB
Committed_AS:    6076528 kB
VmallocTotal:   34359738367 kB
VmallocUsed:      551396 kB
VmallocChunk:   34359178372 kB
HardwareCorrupted:     0 kB
AnonHugePages:   1796096 kB
HugePages_Total:       0
HugePages_Free:        0
HugePages_Rsvd:        0
HugePages_Surp:        0
Hugepagesize:       2048 kB
DirectMap4k:       43240 kB
DirectMap2M:     4044800 kB


CPU:total 4 (4 cores per cpu, 1 threads per core) family 6 model 23 stepping 10, cmov, cx8, fxsr, mmx, sse, sse2, sse3, ssse3, sse4.1, tsc

/proc/cpuinfo:
processor	: 0
vendor_id	: GenuineIntel
cpu family	: 6
model		: 23
model name	: Intel(R) Core(TM)2 Quad CPU    Q9550  @ 2.83GHz
stepping	: 10
microcode	: 0xa07
cpu MHz		: 1998.000
cache size	: 6144 KB
physical id	: 0
siblings	: 4
core id		: 0
cpu cores	: 4
apicid		: 0
initial apicid	: 0
fpu		: yes
fpu_exception	: yes
cpuid level	: 13
wp		: yes
flags		: fpu vme de pse tsc msr pae mce cx8 apic sep mtrr pge mca cmov pat pse36 clflush dts acpi mmx fxsr sse sse2 ss ht tm pbe syscall nx lm constant_tsc arch_perfmon pebs bts rep_good nopl aperfmperf pni dtes64 monitor ds_cpl vmx smx est tm2 ssse3 cx16 xtpr pdcm sse4_1 xsave lahf_lm dtherm tpr_shadow vnmi flexpriority
bogomips	: 5666.24
clflush size	: 64
cache_alignment	: 64
address sizes	: 36 bits physical, 48 bits virtual
power management:

processor	: 1
vendor_id	: GenuineIntel
cpu family	: 6
model		: 23
model name	: Intel(R) Core(TM)2 Quad CPU    Q9550  @ 2.83GHz
stepping	: 10
microcode	: 0xa07
cpu MHz		: 2830.000
cache size	: 6144 KB
physical id	: 0
siblings	: 4
core id		: 1
cpu cores	: 4
apicid		: 1
initial apicid	: 1
fpu		: yes
fpu_exception	: yes
cpuid level	: 13
wp		: yes
flags		: fpu vme de pse tsc msr pae mce cx8 apic sep mtrr pge mca cmov pat pse36 clflush dts acpi mmx fxsr sse sse2 ss ht tm pbe syscall nx lm constant_tsc arch_perfmon pebs bts rep_good nopl aperfmperf pni dtes64 monitor ds_cpl vmx smx est tm2 ssse3 cx16 xtpr pdcm sse4_1 xsave lahf_lm dtherm tpr_shadow vnmi flexpriority
bogomips	: 5666.24
clflush size	: 64
cache_alignment	: 64
address sizes	: 36 bits physical, 48 bits virtual
power management:

processor	: 2
vendor_id	: GenuineIntel
cpu family	: 6
model		: 23
model name	: Intel(R) Core(TM)2 Quad CPU    Q9550  @ 2.83GHz
stepping	: 10
microcode	: 0xa07
cpu MHz		: 2830.000
cache size	: 6144 KB
physical id	: 0
siblings	: 4
core id		: 2
cpu cores	: 4
apicid		: 2
initial apicid	: 2
fpu		: yes
fpu_exception	: yes
cpuid level	: 13
wp		: yes
flags		: fpu vme de pse tsc msr pae mce cx8 apic sep mtrr pge mca cmov pat pse36 clflush dts acpi mmx fxsr sse sse2 ss ht tm pbe syscall nx lm constant_tsc arch_perfmon pebs bts rep_good nopl aperfmperf pni dtes64 monitor ds_cpl vmx smx est tm2 ssse3 cx16 xtpr pdcm sse4_1 xsave lahf_lm dtherm tpr_shadow vnmi flexpriority
bogomips	: 5666.24
clflush size	: 64
cache_alignment	: 64
address sizes	: 36 bits physical, 48 bits virtual
power management:

processor	: 3
vendor_id	: GenuineIntel
cpu family	: 6
model		: 23
model name	: Intel(R) Core(TM)2 Quad CPU    Q9550  @ 2.83GHz
stepping	: 10
microcode	: 0xa07
cpu MHz		: 2830.000
cache size	: 6144 KB
physical id	: 0
siblings	: 4
core id		: 3
cpu cores	: 4
apicid		: 3
initial apicid	: 3
fpu		: yes
fpu_exception	: yes
cpuid level	: 13
wp		: yes
flags		: fpu vme de pse tsc msr pae mce cx8 apic sep mtrr pge mca cmov pat pse36 clflush dts acpi mmx fxsr sse sse2 ss ht tm pbe syscall nx lm constant_tsc arch_perfmon pebs bts rep_good nopl aperfmperf pni dtes64 monitor ds_cpl vmx smx est tm2 ssse3 cx16 xtpr pdcm sse4_1 xsave lahf_lm dtherm tpr_shadow vnmi flexpriority
bogomips	: 5666.24
clflush size	: 64
cache_alignment	: 64
address sizes	: 36 bits physical, 48 bits virtual
power management:



Memory: 4k page, physical 3941808k(130524k free), swap 0k(0k free)

vm_info: OpenJDK 64-Bit Server VM (24.65-b04) for linux-amd64 JRE (1.7.0_65-b32), built on Oct 22 2014 04:37:44 by "buildd" with gcc 4.8.2

time: Fri Feb 20 14:45:41 2015
elapsed time: 8 seconds

