#
# There is insufficient memory for the Java Runtime Environment to continue.
# Native memory allocation (malloc) failed to allocate 146800640 bytes for committing reserved memory.
# Possible reasons:
#   The system is out of physical RAM or swap space
#   In 32 bit mode, the process size limit was hit
# Possible solutions:
#   Reduce memory load on the system
#   Increase physical memory or swap space
#   Check if swap backing store is full
#   Use 64 bit Java on a 64 bit OS
#   Decrease Java heap size (-Xmx/-Xms)
#   Decrease number of Java threads
#   Decrease Java thread stack sizes (-Xss)
#   Set larger code cache with -XX:ReservedCodeCacheSize=
# This output file may be truncated or incomplete.
#
#  Out of Memory Error (os_linux.cpp:2798), pid=6601, tid=140496741377792
#
# JRE version: OpenJDK Runtime Environment (7.0_65-b32) (build 1.7.0_65-b32)
# Java VM: OpenJDK 64-Bit Server VM (24.65-b04 mixed mode linux-amd64 compressed oops)
# Derivative: IcedTea 2.5.3
# Distribution: Ubuntu 14.04 LTS, package 7u71-2.5.3-0ubuntu0.14.04.1
# Failed to write core dump. Core dumps have been disabled. To enable core dumping, try "ulimit -c unlimited" before starting Java again
#

---------------  T H R E A D  ---------------

Current thread (0x00007fc7f813c800):  VMThread [stack: 0x00007fc7f24ca000,0x00007fc7f25cb000] [id=6650]

Stack: [0x00007fc7f24ca000,0x00007fc7f25cb000],  sp=0x00007fc7f25c9490,  free space=1021k
Native frames: (J=compiled Java code, j=interpreted, Vv=VM code, C=native code)
V  [libjvm.so+0x948b05]  VMError::report_and_die()+0x175
V  [libjvm.so+0x48bc34]  report_vm_out_of_memory(char const*, int, unsigned long, char const*)+0x74
V  [libjvm.so+0x7c7bfb]  os::pd_commit_memory(char*, unsigned long, unsigned long, bool)+0xeb
V  [libjvm.so+0x7c26bf]  os::commit_memory(char*, unsigned long, unsigned long, bool)+0x1f
V  [libjvm.so+0x833e4b]  PSVirtualSpace::expand_by(unsigned long)+0x5b
V  [libjvm.so+0x834ca0]  PSYoungGen::resize_generation(unsigned long, unsigned long)+0xb0
V  [libjvm.so+0x83538b]  PSYoungGen::resize(unsigned long, unsigned long)+0x1b
V  [libjvm.so+0x831670]  PSScavenge::invoke_no_policy()+0xde0
V  [libjvm.so+0x831e48]  PSScavenge::invoke()+0x38
V  [libjvm.so+0x7e8823]  ParallelScavengeHeap::failed_mem_allocate(unsigned long)+0x63
V  [libjvm.so+0x94a504]  VM_ParallelGCFailedAllocation::doit()+0x84
V  [libjvm.so+0x94e9f7]  VM_Operation::evaluate()+0x47
V  [libjvm.so+0x94d368]  VMThread::evaluate_operation(VM_Operation*)+0x318
V  [libjvm.so+0x94d7c9]  VMThread::loop()+0x219
V  [libjvm.so+0x94dc12]  VMThread::run()+0x72
V  [libjvm.so+0x7c4ac2]  java_start(Thread*)+0xf2

VM_Operation (0x00007fc800c3dca0): ParallelGCFailedAllocation, mode: safepoint, requested by thread 0x00007fc7f800a000


---------------  P R O C E S S  ---------------

Java Threads: ( => current thread )
  0x00007fc7f8177800 JavaThread "Service Thread" daemon [_thread_blocked, id=6680, stack(0x00007fc7f1bfb000,0x00007fc7f1cfc000)]
  0x00007fc7f8175800 JavaThread "C2 CompilerThread1" daemon [_thread_blocked, id=6679, stack(0x00007fc7f1cfc000,0x00007fc7f1dfd000)]
  0x00007fc7f8172800 JavaThread "C2 CompilerThread0" daemon [_thread_blocked, id=6671, stack(0x00007fc7f1dfd000,0x00007fc7f1efe000)]
  0x00007fc7f8170000 JavaThread "Signal Dispatcher" daemon [_thread_blocked, id=6663, stack(0x00007fc7f1efe000,0x00007fc7f1fff000)]
  0x00007fc7f8143000 JavaThread "Finalizer" daemon [_thread_blocked, id=6660, stack(0x00007fc7f22c8000,0x00007fc7f23c9000)]
  0x00007fc7f8141000 JavaThread "Reference Handler" daemon [_thread_blocked, id=6658, stack(0x00007fc7f23c9000,0x00007fc7f24ca000)]
  0x00007fc7f800a000 JavaThread "main" [_thread_blocked, id=6630, stack(0x00007fc800b3f000,0x00007fc800c40000)]

Other Threads:
=>0x00007fc7f813c800 VMThread [stack: 0x00007fc7f24ca000,0x00007fc7f25cb000] [id=6650]
  0x00007fc7f8182000 WatcherThread [stack: 0x00007fc7f1afa000,0x00007fc7f1bfb000] [id=6681]

VM state:at safepoint (normal execution)

VM Mutex/Monitor currently owned by a thread:  ([mutex/lock_event])
[0x00007fc7f80067a0] Threads_lock - owner thread: 0x00007fc7f813c800
[0x00007fc7f8006ca0] Heap_lock - owner thread: 0x00007fc7f800a000

Heap
 PSYoungGen      total 141312K, used 16365K [0x00000000eaa80000, 0x00000000f4680000, 0x0000000100000000)
  eden space 124928K, 0% used [0x00000000eaa80000,0x00000000eaa80000,0x00000000f2480000)
  from space 16384K, 99% used [0x00000000f2480000,0x00000000f347b498,0x00000000f3480000)
  to   space 14336K, 0% used [0x00000000f3480000,0x00000000f3480000,0x00000000f4280000)
 ParOldGen       total 40960K, used 39326K [0x00000000c0000000, 0x00000000c2800000, 0x00000000eaa80000)
  object space 40960K, 96% used [0x00000000c0000000,0x00000000c26678a8,0x00000000c2800000)
 PSPermGen       total 21504K, used 6010K [0x00000000b5a00000, 0x00000000b6f00000, 0x00000000c0000000)
  object space 21504K, 27% used [0x00000000b5a00000,0x00000000b5fde8a0,0x00000000b6f00000)

Card table byte_map: [0x00007fc7fd539000,0x00007fc7fd78d000] byte_map_base: 0x00007fc7fcf8c000

Polling page: 0x00007fc800c67000

Code Cache  [0x00007fc7f5000000, 0x00007fc7f52d0000, 0x00007fc7f8000000)
 total_blobs=914 nmethods=687 adapters=181 free_code_cache=46397Kb largest_free_block=47428416

Compilation events (10 events):
Event: 40.653 Thread 0x00007fc7f8175800  696             com.android.dx.rop.cst.CstMemberRef::<init> (43 bytes)
Event: 40.654 Thread 0x00007fc7f8175800 nmethod 696 0x00007fc7f528da10 code [0x00007fc7f528db60, 0x00007fc7f528dc18]
Event: 40.654 Thread 0x00007fc7f8175800  697             com.android.dx.rop.cst.CstNat::<init> (43 bytes)
Event: 40.655 Thread 0x00007fc7f8175800 nmethod 697 0x00007fc7f528d750 code [0x00007fc7f528d8a0, 0x00007fc7f528d958]
Event: 40.690 Thread 0x00007fc7f8172800  698             com.android.dx.rop.cst.CstKnownNull::equals (5 bytes)
Event: 40.691 Thread 0x00007fc7f8172800 nmethod 698 0x00007fc7f528d4d0 code [0x00007fc7f528d620, 0x00007fc7f528d698]
Event: 40.695 Thread 0x00007fc7f8175800  699   !         com.android.dx.cf.code.OneLocalsArray::set (106 bytes)
Event: 40.714 Thread 0x00007fc7f8172800  700             com.android.dx.cf.code.ConcreteMethod::getAccessFlags (10 bytes)
Event: 40.715 Thread 0x00007fc7f8172800 nmethod 700 0x00007fc7f528d250 code [0x00007fc7f528d3a0, 0x00007fc7f528d438]
Event: 40.715 Thread 0x00007fc7f8172800  701             sun.util.calendar.ZoneInfo::getTransitionIndex (156 bytes)

GC Heap History (10 events):
Event: 3.217 GC heap after
Heap after GC invocations=2 (full 0):
 PSYoungGen      total 34304K, used 2539K [0x00000000eaa80000, 0x00000000ece80000, 0x0000000100000000)
  eden space 31744K, 0% used [0x00000000eaa80000,0x00000000eaa80000,0x00000000ec980000)
  from space 2560K, 99% used [0x00000000ecc00000,0x00000000ece7aef0,0x00000000ece80000)
  to   space 2560K, 0% used [0x00000000ec980000,0x00000000ec980000,0x00000000ecc00000)
 ParOldGen       total 40960K, used 3431K [0x00000000c0000000, 0x00000000c2800000, 0x00000000eaa80000)
  object space 40960K, 8% used [0x00000000c0000000,0x00000000c0359e48,0x00000000c2800000)
 PSPermGen       total 21504K, used 5765K [0x00000000b5a00000, 0x00000000b6f00000, 0x00000000c0000000)
  object space 21504K, 26% used [0x00000000b5a00000,0x00000000b5fa1448,0x00000000b6f00000)
}
Event: 5.343 GC heap before
{Heap before GC invocations=3 (full 0):
 PSYoungGen      total 34304K, used 34283K [0x00000000eaa80000, 0x00000000ece80000, 0x0000000100000000)
  eden space 31744K, 100% used [0x00000000eaa80000,0x00000000ec980000,0x00000000ec980000)
  from space 2560K, 99% used [0x00000000ecc00000,0x00000000ece7aef0,0x00000000ece80000)
  to   space 2560K, 0% used [0x00000000ec980000,0x00000000ec980000,0x00000000ecc00000)
 ParOldGen       total 40960K, used 3431K [0x00000000c0000000, 0x00000000c2800000, 0x00000000eaa80000)
  object space 40960K, 8% used [0x00000000c0000000,0x00000000c0359e48,0x00000000c2800000)
 PSPermGen       total 21504K, used 5833K [0x00000000b5a00000, 0x00000000b6f00000, 0x00000000c0000000)
  object space 21504K, 27% used [0x00000000b5a00000,0x00000000b5fb26f0,0x00000000b6f00000)
Event: 5.390 GC heap after
Heap after GC invocations=3 (full 0):
 PSYoungGen      total 34304K, used 2547K [0x00000000eaa80000, 0x00000000eed80000, 0x0000000100000000)
  eden space 31744K, 0% used [0x00000000eaa80000,0x00000000eaa80000,0x00000000ec980000)
  from space 2560K, 99% used [0x00000000ec980000,0x00000000ecbfcf30,0x00000000ecc00000)
  to   space 2560K, 0% used [0x00000000eeb00000,0x00000000eeb00000,0x00000000eed80000)
 ParOldGen       total 40960K, used 7807K [0x00000000c0000000, 0x00000000c2800000, 0x00000000eaa80000)
  object space 40960K, 19% used [0x00000000c0000000,0x00000000c079ff60,0x00000000c2800000)
 PSPermGen       total 21504K, used 5833K [0x00000000b5a00000, 0x00000000b6f00000, 0x00000000c0000000)
  object space 21504K, 27% used [0x00000000b5a00000,0x00000000b5fb26f0,0x00000000b6f00000)
}
Event: 6.682 GC heap before
{Heap before GC invocations=4 (full 0):
 PSYoungGen      total 34304K, used 34291K [0x00000000eaa80000, 0x00000000eed80000, 0x0000000100000000)
  eden space 31744K, 100% used [0x00000000eaa80000,0x00000000ec980000,0x00000000ec980000)
  from space 2560K, 99% used [0x00000000ec980000,0x00000000ecbfcf30,0x00000000ecc00000)
  to   space 2560K, 0% used [0x00000000eeb00000,0x00000000eeb00000,0x00000000eed80000)
 ParOldGen       total 40960K, used 7807K [0x00000000c0000000, 0x00000000c2800000, 0x00000000eaa80000)
  object space 40960K, 19% used [0x00000000c0000000,0x00000000c079ff60,0x00000000c2800000)
 PSPermGen       total 21504K, used 5867K [0x00000000b5a00000, 0x00000000b6f00000, 0x00000000c0000000)
  object space 21504K, 27% used [0x00000000b5a00000,0x00000000b5fbaf38,0x00000000b6f00000)
Event: 6.726 GC heap after
Heap after GC invocations=4 (full 0):
 PSYoungGen      total 66048K, used 2557K [0x00000000eaa80000, 0x00000000eed80000, 0x0000000100000000)
  eden space 63488K, 0% used [0x00000000eaa80000,0x00000000eaa80000,0x00000000ee880000)
  from space 2560K, 99% used [0x00000000eeb00000,0x00000000eed7f458,0x00000000eed80000)
  to   space 2560K, 0% used [0x00000000ee880000,0x00000000ee880000,0x00000000eeb00000)
 ParOldGen       total 40960K, used 13399K [0x00000000c0000000, 0x00000000c2800000, 0x00000000eaa80000)
  object space 40960K, 32% used [0x00000000c0000000,0x00000000c0d15d70,0x00000000c2800000)
 PSPermGen       total 21504K, used 5867K [0x00000000b5a00000, 0x00000000b6f00000, 0x00000000c0000000)
  object space 21504K, 27% used [0x00000000b5a00000,0x00000000b5fbaf38,0x00000000b6f00000)
}
Event: 38.780 GC heap before
{Heap before GC invocations=5 (full 0):
 PSYoungGen      total 66048K, used 66045K [0x00000000eaa80000, 0x00000000eed80000, 0x0000000100000000)
  eden space 63488K, 100% used [0x00000000eaa80000,0x00000000ee880000,0x00000000ee880000)
  from space 2560K, 99% used [0x00000000eeb00000,0x00000000eed7f458,0x00000000eed80000)
  to   space 2560K, 0% used [0x00000000ee880000,0x00000000ee880000,0x00000000eeb00000)
 ParOldGen       total 40960K, used 13399K [0x00000000c0000000, 0x00000000c2800000, 0x00000000eaa80000)
  object space 40960K, 32% used [0x00000000c0000000,0x00000000c0d15d70,0x00000000c2800000)
 PSPermGen       total 21504K, used 5908K [0x00000000b5a00000, 0x00000000b6f00000, 0x00000000c0000000)
  object space 21504K, 27% used [0x00000000b5a00000,0x00000000b5fc51b0,0x00000000b6f00000)
Event: 38.850 GC heap after
Heap after GC invocations=5 (full 0):
 PSYoungGen      total 66048K, used 2534K [0x00000000eaa80000, 0x00000000f4280000, 0x0000000100000000)
  eden space 63488K, 0% used [0x00000000eaa80000,0x00000000eaa80000,0x00000000ee880000)
  from space 2560K, 98% used [0x00000000ee880000,0x00000000eeaf98d0,0x00000000eeb00000)
  to   space 14336K, 0% used [0x00000000f3480000,0x00000000f3480000,0x00000000f4280000)
 ParOldGen       total 40960K, used 24750K [0x00000000c0000000, 0x00000000c2800000, 0x00000000eaa80000)
  object space 40960K, 60% used [0x00000000c0000000,0x00000000c182b8c8,0x00000000c2800000)
 PSPermGen       total 21504K, used 5908K [0x00000000b5a00000, 0x00000000b6f00000, 0x00000000c0000000)
  object space 21504K, 27% used [0x00000000b5a00000,0x00000000b5fc51b0,0x00000000b6f00000)
}
Event: 39.899 GC heap before
{Heap before GC invocations=6 (full 0):
 PSYoungGen      total 66048K, used 66022K [0x00000000eaa80000, 0x00000000f4280000, 0x0000000100000000)
  eden space 63488K, 100% used [0x00000000eaa80000,0x00000000ee880000,0x00000000ee880000)
  from space 2560K, 98% used [0x00000000ee880000,0x00000000eeaf98d0,0x00000000eeb00000)
  to   space 14336K, 0% used [0x00000000f3480000,0x00000000f3480000,0x00000000f4280000)
 ParOldGen       total 40960K, used 24750K [0x00000000c0000000, 0x00000000c2800000, 0x00000000eaa80000)
  object space 40960K, 60% used [0x00000000c0000000,0x00000000c182b8c8,0x00000000c2800000)
 PSPermGen       total 21504K, used 5935K [0x00000000b5a00000, 0x00000000b6f00000, 0x00000000c0000000)
  object space 21504K, 27% used [0x00000000b5a00000,0x00000000b5fcbd80,0x00000000b6f00000)
Event: 39.953 GC heap after
Heap after GC invocations=6 (full 0):
 PSYoungGen      total 139264K, used 12829K [0x00000000eaa80000, 0x00000000f4680000, 0x0000000100000000)
  eden space 124928K, 0% used [0x00000000eaa80000,0x00000000eaa80000,0x00000000f2480000)
  from space 14336K, 89% used [0x00000000f3480000,0x00000000f4107438,0x00000000f4280000)
  to   space 16384K, 0% used [0x00000000f2480000,0x00000000f2480000,0x00000000f3480000)
 ParOldGen       total 40960K, used 24750K [0x00000000c0000000, 0x00000000c2800000, 0x00000000eaa80000)
  object space 40960K, 60% used [0x00000000c0000000,0x00000000c182b8c8,0x00000000c2800000)
 PSPermGen       total 21504K, used 5935K [0x00000000b5a00000, 0x00000000b6f00000, 0x00000000c0000000)
  object space 21504K, 27% used [0x00000000b5a00000,0x00000000b5fcbd80,0x00000000b6f00000)
}
Event: 46.412 GC heap before
{Heap before GC invocations=7 (full 0):
 PSYoungGen      total 139264K, used 137757K [0x00000000eaa80000, 0x00000000f4680000, 0x0000000100000000)
  eden space 124928K, 100% used [0x00000000eaa80000,0x00000000f2480000,0x00000000f2480000)
  from space 14336K, 89% used [0x00000000f3480000,0x00000000f4107438,0x00000000f4280000)
  to   space 16384K, 0% used [0x00000000f2480000,0x00000000f2480000,0x00000000f3480000)
 ParOldGen       total 40960K, used 24750K [0x00000000c0000000, 0x00000000c2800000, 0x00000000eaa80000)
  object space 40960K, 60% used [0x00000000c0000000,0x00000000c182b8c8,0x00000000c2800000)
 PSPermGen       total 21504K, used 6010K [0x00000000b5a00000, 0x00000000b6f00000, 0x00000000c0000000)
  object space 21504K, 27% used [0x00000000b5a00000,0x00000000b5fde8a0,0x00000000b6f00000)

Deoptimization events (10 events):
Event: 39.644 Thread 0x00007fc7f800a000 Uncommon trap: reason=bimorphic action=maybe_recompile pc=0x00007fc7f5213ae4 method=com.android.dx.rop.code.RegisterSpec.withSimpleType()Lcom/android/dx/rop/code/RegisterSpec; @ 21
Event: 40.257 Thread 0x00007fc7f800a000 Uncommon trap: reason=bimorphic action=maybe_recompile pc=0x00007fc7f51661e8 method=com.android.dx.cf.code.BytecodeArray.parseInstruction(ILcom/android/dx/cf/code/BytecodeArray$Visitor;)I @ 1287
Event: 40.257 Thread 0x00007fc7f800a000 Uncommon trap: reason=bimorphic action=maybe_recompile pc=0x00007fc7f51661e8 method=com.android.dx.cf.code.BytecodeArray.parseInstruction(ILcom/android/dx/cf/code/BytecodeArray$Visitor;)I @ 1287
Event: 40.438 Thread 0x00007fc7f800a000 Uncommon trap: reason=bimorphic action=maybe_recompile pc=0x00007fc7f52a0764 method=com.android.dx.cf.code.BytecodeArray.parseInstruction(ILcom/android/dx/cf/code/BytecodeArray$Visitor;)I @ 1357
Event: 40.438 Thread 0x00007fc7f800a000 Uncommon trap: reason=bimorphic action=maybe_recompile pc=0x00007fc7f52a0764 method=com.android.dx.cf.code.BytecodeArray.parseInstruction(ILcom/android/dx/cf/code/BytecodeArray$Visitor;)I @ 1357
Event: 40.546 Thread 0x00007fc7f800a000 Uncommon trap: reason=unloaded action=reinterpret pc=0x00007fc7f528a260 method=com.android.dx.cf.code.Ropper.addSetupBlocks()V @ 462
Event: 40.546 Thread 0x00007fc7f800a000 Uncommon trap: reason=unloaded action=reinterpret pc=0x00007fc7f5219b80 method=com.android.dx.cf.code.Ropper.addReturnBlock()V @ 45
Event: 40.547 Thread 0x00007fc7f800a000 Uncommon trap: reason=unreached action=reinterpret pc=0x00007fc7f51332ec method=com.android.dx.ssa.MoveParamCombiner$1.visitNonMoveInsn(Lcom/android/dx/ssa/NormalSsaInsn;)V @ 27
Event: 40.582 Thread 0x00007fc7f800a000 Uncommon trap: reason=bimorphic action=maybe_recompile pc=0x00007fc7f515e214 method=com.android.dx.ssa.LiteralOpUpgrader.tryReplacingWithConstant(Lcom/android/dx/ssa/NormalSsaInsn;)Z @ 62
Event: 40.585 Thread 0x00007fc7f800a000 Uncommon trap: reason=bimorphic action=maybe_recompile pc=0x00007fc7f515e214 method=com.android.dx.ssa.LiteralOpUpgrader.tryReplacingWithConstant(Lcom/android/dx/ssa/NormalSsaInsn;)Z @ 62

Internal exceptions (10 events):
Event: 3.191 Thread 0x00007fc7f800a000 Implicit null exception at 0x00007fc7f50a2d92 to 0x00007fc7f50a2e45
Event: 3.398 Thread 0x00007fc7f800a000 Threw 0x00000000eacbdab0 at /build/buildd/openjdk-7-7u71-2.5.3/build/openjdk/hotspot/src/share/vm/prims/jvm.cpp:1284
Event: 3.425 Thread 0x00007fc7f800a000 Threw 0x00000000ead1adf8 at /build/buildd/openjdk-7-7u71-2.5.3/build/openjdk/hotspot/src/share/vm/prims/jvm.cpp:1284
Event: 3.428 Thread 0x00007fc7f800a000 Implicit null exception at 0x00007fc7f50dee07 to 0x00007fc7f50df885
Event: 4.104 Thread 0x00007fc7f800a000 Implicit null exception at 0x00007fc7f50f6c83 to 0x00007fc7f50f73ad
Event: 5.859 Thread 0x00007fc7f800a000 Threw 0x00000000eb653c80 at /build/buildd/openjdk-7-7u71-2.5.3/build/openjdk/hotspot/src/share/vm/prims/jvm.cpp:1284
Event: 6.090 Thread 0x00007fc7f800a000 Threw 0x00000000ebb08320 at /build/buildd/openjdk-7-7u71-2.5.3/build/openjdk/hotspot/src/share/vm/prims/jvm.cpp:1284
Event: 6.540 Thread 0x00007fc7f800a000 Threw 0x00000000ec6567c8 at /build/buildd/openjdk-7-7u71-2.5.3/build/openjdk/hotspot/src/share/vm/prims/jvm.cpp:1284
Event: 39.291 Thread 0x00007fc7f800a000 Threw 0x00000000ebe17738 at /build/buildd/openjdk-7-7u71-2.5.3/build/openjdk/hotspot/src/share/vm/prims/jvm.cpp:1284
Event: 39.493 Thread 0x00007fc7f800a000 Threw 0x00000000ecddbfb0 at /build/buildd/openjdk-7-7u71-2.5.3/build/openjdk/hotspot/src/share/vm/prims/jvm.cpp:1284

Events (10 events):
Event: 40.547 Thread 0x00007fc7f800a000 Uncommon trap: trap_request=0xffffffad fr.pc=0x00007fc7f51332ec
Event: 40.547 Thread 0x00007fc7f800a000 DEOPT PACKING pc=0x00007fc7f51332ec sp=0x00007fc800c3ddf0
Event: 40.547 Thread 0x00007fc7f800a000 DEOPT UNPACKING pc=0x00007fc7f5039045 sp=0x00007fc800c3dd68 mode 2
Event: 40.582 Thread 0x00007fc7f800a000 Uncommon trap: trap_request=0xffffffc6 fr.pc=0x00007fc7f515e214
Event: 40.582 Thread 0x00007fc7f800a000 DEOPT PACKING pc=0x00007fc7f515e214 sp=0x00007fc800c3dd90
Event: 40.582 Thread 0x00007fc7f800a000 DEOPT UNPACKING pc=0x00007fc7f5039045 sp=0x00007fc800c3dcd0 mode 2
Event: 40.585 Thread 0x00007fc7f800a000 Uncommon trap: trap_request=0xffffffc6 fr.pc=0x00007fc7f515e214
Event: 40.585 Thread 0x00007fc7f800a000 DEOPT PACKING pc=0x00007fc7f515e214 sp=0x00007fc800c3dd00
Event: 40.585 Thread 0x00007fc7f800a000 DEOPT UNPACKING pc=0x00007fc7f5039045 sp=0x00007fc800c3dc40 mode 2
Event: 46.375 Executing VM operation: ParallelGCFailedAllocation


Dynamic libraries:
00400000-00401000 r-xp 00000000 07:00 23789                              /usr/lib/jvm/java-7-openjdk-amd64/jre/bin/java
00600000-00601000 r--p 00000000 07:00 23789                              /usr/lib/jvm/java-7-openjdk-amd64/jre/bin/java
00601000-00602000 rw-p 00001000 07:00 23789                              /usr/lib/jvm/java-7-openjdk-amd64/jre/bin/java
00f8e000-00faf000 rw-p 00000000 00:00 0                                  [heap]
b5a00000-b6f00000 rw-p 00000000 00:00 0 
b6f00000-c0000000 rw-p 00000000 00:00 0 
c0000000-c2800000 rw-p 00000000 00:00 0 
c2800000-eaa80000 rw-p 00000000 00:00 0 
eaa80000-f4680000 rw-p 00000000 00:00 0 
fd280000-100000000 rw-p 00000000 00:00 0 
7fc7bc000000-7fc7bc021000 rw-p 00000000 00:00 0 
7fc7bc021000-7fc7c0000000 ---p 00000000 00:00 0 
7fc7c4000000-7fc7c5750000 rw-p 00000000 00:00 0 
7fc7c5750000-7fc7c8000000 ---p 00000000 00:00 0 
7fc7c8000000-7fc7c8021000 rw-p 00000000 00:00 0 
7fc7c8021000-7fc7cc000000 ---p 00000000 00:00 0 
7fc7cc000000-7fc7cc021000 rw-p 00000000 00:00 0 
7fc7cc021000-7fc7d0000000 ---p 00000000 00:00 0 
7fc7d0000000-7fc7d0d9a000 rw-p 00000000 00:00 0 
7fc7d0d9a000-7fc7d4000000 ---p 00000000 00:00 0 
7fc7d4000000-7fc7d4021000 rw-p 00000000 00:00 0 
7fc7d4021000-7fc7d8000000 ---p 00000000 00:00 0 
7fc7d8000000-7fc7d8021000 rw-p 00000000 00:00 0 
7fc7d8021000-7fc7dc000000 ---p 00000000 00:00 0 
7fc7dc000000-7fc7dc021000 rw-p 00000000 00:00 0 
7fc7dc021000-7fc7e0000000 ---p 00000000 00:00 0 
7fc7e0000000-7fc7e0241000 rw-p 00000000 00:00 0 
7fc7e0241000-7fc7e4000000 ---p 00000000 00:00 0 
7fc7e4000000-7fc7e4021000 rw-p 00000000 00:00 0 
7fc7e4021000-7fc7e8000000 ---p 00000000 00:00 0 
7fc7e8000000-7fc7e8021000 rw-p 00000000 00:00 0 
7fc7e8021000-7fc7ec000000 ---p 00000000 00:00 0 
7fc7ec000000-7fc7ec021000 rw-p 00000000 00:00 0 
7fc7ec021000-7fc7f0000000 ---p 00000000 00:00 0 
7fc7f037c000-7fc7f03b9000 r-xp 00000000 07:00 10135                      /lib/x86_64-linux-gnu/libpcre.so.3.13.1
7fc7f03b9000-7fc7f05b8000 ---p 0003d000 07:00 10135                      /lib/x86_64-linux-gnu/libpcre.so.3.13.1
7fc7f05b8000-7fc7f05b9000 r--p 0003c000 07:00 10135                      /lib/x86_64-linux-gnu/libpcre.so.3.13.1
7fc7f05b9000-7fc7f05ba000 rw-p 0003d000 07:00 10135                      /lib/x86_64-linux-gnu/libpcre.so.3.13.1
7fc7f05ba000-7fc7f05c1000 r-xp 00000000 07:00 50611                      /usr/lib/x86_64-linux-gnu/libffi.so.6.0.1
7fc7f05c1000-7fc7f07c0000 ---p 00007000 07:00 50611                      /usr/lib/x86_64-linux-gnu/libffi.so.6.0.1
7fc7f07c0000-7fc7f07c1000 r--p 00006000 07:00 50611                      /usr/lib/x86_64-linux-gnu/libffi.so.6.0.1
7fc7f07c1000-7fc7f07c2000 rw-p 00007000 07:00 50611                      /usr/lib/x86_64-linux-gnu/libffi.so.6.0.1
7fc7f07c2000-7fc7f07d9000 r-xp 00000000 07:00 10158                      /lib/x86_64-linux-gnu/libresolv-2.19.so
7fc7f07d9000-7fc7f09d9000 ---p 00017000 07:00 10158                      /lib/x86_64-linux-gnu/libresolv-2.19.so
7fc7f09d9000-7fc7f09da000 r--p 00017000 07:00 10158                      /lib/x86_64-linux-gnu/libresolv-2.19.so
7fc7f09da000-7fc7f09db000 rw-p 00018000 07:00 10158                      /lib/x86_64-linux-gnu/libresolv-2.19.so
7fc7f09db000-7fc7f09dd000 rw-p 00000000 00:00 0 
7fc7f09dd000-7fc7f09fd000 r-xp 00000000 07:00 10162                      /lib/x86_64-linux-gnu/libselinux.so.1
7fc7f09fd000-7fc7f0bfc000 ---p 00020000 07:00 10162                      /lib/x86_64-linux-gnu/libselinux.so.1
7fc7f0bfc000-7fc7f0bfd000 r--p 0001f000 07:00 10162                      /lib/x86_64-linux-gnu/libselinux.so.1
7fc7f0bfd000-7fc7f0bfe000 rw-p 00020000 07:00 10162                      /lib/x86_64-linux-gnu/libselinux.so.1
7fc7f0bfe000-7fc7f0c00000 rw-p 00000000 00:00 0 
7fc7f0c00000-7fc7f0c03000 r-xp 00000000 07:00 50763                      /usr/lib/x86_64-linux-gnu/libgmodule-2.0.so.0.4002.0
7fc7f0c03000-7fc7f0e02000 ---p 00003000 07:00 50763                      /usr/lib/x86_64-linux-gnu/libgmodule-2.0.so.0.4002.0
7fc7f0e02000-7fc7f0e03000 r--p 00002000 07:00 50763                      /usr/lib/x86_64-linux-gnu/libgmodule-2.0.so.0.4002.0
7fc7f0e03000-7fc7f0e04000 rw-p 00003000 07:00 50763                      /usr/lib/x86_64-linux-gnu/libgmodule-2.0.so.0.4002.0
7fc7f0e04000-7fc7f0f0a000 r-xp 00000000 07:00 10062                      /lib/x86_64-linux-gnu/libglib-2.0.so.0.4002.0
7fc7f0f0a000-7fc7f1109000 ---p 00106000 07:00 10062                      /lib/x86_64-linux-gnu/libglib-2.0.so.0.4002.0
7fc7f1109000-7fc7f110a000 r--p 00105000 07:00 10062                      /lib/x86_64-linux-gnu/libglib-2.0.so.0.4002.0
7fc7f110a000-7fc7f110b000 rw-p 00106000 07:00 10062                      /lib/x86_64-linux-gnu/libglib-2.0.so.0.4002.0
7fc7f110b000-7fc7f110c000 rw-p 00000000 00:00 0 
7fc7f110c000-7fc7f115b000 r-xp 00000000 07:00 50795                      /usr/lib/x86_64-linux-gnu/libgobject-2.0.so.0.4002.0
7fc7f115b000-7fc7f135b000 ---p 0004f000 07:00 50795                      /usr/lib/x86_64-linux-gnu/libgobject-2.0.so.0.4002.0
7fc7f135b000-7fc7f135c000 r--p 0004f000 07:00 50795                      /usr/lib/x86_64-linux-gnu/libgobject-2.0.so.0.4002.0
7fc7f135c000-7fc7f135d000 rw-p 00050000 07:00 50795                      /usr/lib/x86_64-linux-gnu/libgobject-2.0.so.0.4002.0
7fc7f135d000-7fc7f14c9000 r-xp 00000000 07:00 50740                      /usr/lib/x86_64-linux-gnu/libgio-2.0.so.0.4002.0
7fc7f14c9000-7fc7f16c8000 ---p 0016c000 07:00 50740                      /usr/lib/x86_64-linux-gnu/libgio-2.0.so.0.4002.0
7fc7f16c8000-7fc7f16cc000 r--p 0016b000 07:00 50740                      /usr/lib/x86_64-linux-gnu/libgio-2.0.so.0.4002.0
7fc7f16cc000-7fc7f16ce000 rw-p 0016f000 07:00 50740                      /usr/lib/x86_64-linux-gnu/libgio-2.0.so.0.4002.0
7fc7f16ce000-7fc7f16d0000 rw-p 00000000 00:00 0 
7fc7f16d0000-7fc7f16e7000 r-xp 00000000 07:00 23837                      /usr/lib/jvm/java-7-openjdk-amd64/jre/lib/amd64/libnet.so
7fc7f16e7000-7fc7f18e6000 ---p 00017000 07:00 23837                      /usr/lib/jvm/java-7-openjdk-amd64/jre/lib/amd64/libnet.so
7fc7f18e6000-7fc7f18e7000 r--p 00016000 07:00 23837                      /usr/lib/jvm/java-7-openjdk-amd64/jre/lib/amd64/libnet.so
7fc7f18e7000-7fc7f18e8000 rw-p 00017000 07:00 23837                      /usr/lib/jvm/java-7-openjdk-amd64/jre/lib/amd64/libnet.so
7fc7f18e8000-7fc7f18f8000 r-xp 00000000 07:00 23838                      /usr/lib/jvm/java-7-openjdk-amd64/jre/lib/amd64/libnio.so
7fc7f18f8000-7fc7f1af8000 ---p 00010000 07:00 23838                      /usr/lib/jvm/java-7-openjdk-amd64/jre/lib/amd64/libnio.so
7fc7f1af8000-7fc7f1af9000 r--p 00010000 07:00 23838                      /usr/lib/jvm/java-7-openjdk-amd64/jre/lib/amd64/libnio.so
7fc7f1af9000-7fc7f1afa000 rw-p 00011000 07:00 23838                      /usr/lib/jvm/java-7-openjdk-amd64/jre/lib/amd64/libnio.so
7fc7f1afa000-7fc7f1afb000 ---p 00000000 00:00 0 
7fc7f1afb000-7fc7f1bfb000 rw-p 00000000 00:00 0                          [stack:6681]
7fc7f1bfb000-7fc7f1bfe000 ---p 00000000 00:00 0 
7fc7f1bfe000-7fc7f1cfc000 rw-p 00000000 00:00 0                          [stack:6680]
7fc7f1cfc000-7fc7f1cff000 ---p 00000000 00:00 0 
7fc7f1cff000-7fc7f1dfd000 rw-p 00000000 00:00 0                          [stack:6679]
7fc7f1dfd000-7fc7f1e00000 ---p 00000000 00:00 0 
7fc7f1e00000-7fc7f1efe000 rw-p 00000000 00:00 0                          [stack:6671]
7fc7f1efe000-7fc7f1f01000 ---p 00000000 00:00 0 
7fc7f1f01000-7fc7f1fff000 rw-p 00000000 00:00 0                          [stack:6663]
7fc7f1fff000-7fc7f22c8000 r--p 00000000 07:00 28888                      /usr/lib/locale/locale-archive
7fc7f22c8000-7fc7f22cb000 ---p 00000000 00:00 0 
7fc7f22cb000-7fc7f23c9000 rw-p 00000000 00:00 0                          [stack:6660]
7fc7f23c9000-7fc7f23cc000 ---p 00000000 00:00 0 
7fc7f23cc000-7fc7f24ca000 rw-p 00000000 00:00 0                          [stack:6658]
7fc7f24ca000-7fc7f24cb000 ---p 00000000 00:00 0 
7fc7f24cb000-7fc7f5000000 rw-p 00000000 00:00 0                          [stack:6650]
7fc7f5000000-7fc7f52d0000 rwxp 00000000 00:00 0 
7fc7f52d0000-7fc7f832a000 rw-p 00000000 00:00 0 
7fc7f832a000-7fc7fc000000 ---p 00000000 00:00 0 
7fc7fc044000-7fc7fc055000 r--s 000aa000 08:12 135784                     /home/student/AndroidStudioProjects/MyList/app/build/intermediates/exploded-aar/com.android.support/support-v4/21.0.3/classes.jar
7fc7fc055000-7fc7fc064000 r--s 000dd000 08:12 2348                       /home/student/Android/Sdk/build-tools/21.1.2/lib/dx.jar
7fc7fc064000-7fc7fcab7000 rw-p 00000000 00:00 0 
7fc7fcab7000-7fc7fcc68000 r--s 01d25000 07:00 23905                      /usr/lib/jvm/java-7-openjdk-amd64/jre/lib/rt.jar
7fc7fcc68000-7fc7fcf8c000 rw-p 00000000 00:00 0 
7fc7fcf8c000-7fc7fcf8d000 ---p 00000000 00:00 0 
7fc7fcf8d000-7fc7fd08d000 rw-p 00000000 00:00 0                          [stack:6642]
7fc7fd08d000-7fc7fd08e000 ---p 00000000 00:00 0 
7fc7fd08e000-7fc7fd18e000 rw-p 00000000 00:00 0                          [stack:6639]
7fc7fd18e000-7fc7fd18f000 ---p 00000000 00:00 0 
7fc7fd18f000-7fc7fd28f000 rw-p 00000000 00:00 0                          [stack:6637]
7fc7fd28f000-7fc7fd290000 ---p 00000000 00:00 0 
7fc7fd290000-7fc7fd39b000 rw-p 00000000 00:00 0                          [stack:6635]
7fc7fd39b000-7fc7fd3e3000 rw-p 00000000 00:00 0 
7fc7fd3e3000-7fc7fd3f7000 rw-p 00000000 00:00 0 
7fc7fd3f7000-7fc7fd539000 rw-p 00000000 00:00 0 
7fc7fd539000-7fc7fd544000 rw-p 00000000 00:00 0 
7fc7fd544000-7fc7fd58c000 rw-p 00000000 00:00 0 
7fc7fd58c000-7fc7fd5a0000 rw-p 00000000 00:00 0 
7fc7fd5a0000-7fc7fd6e1000 rw-p 00000000 00:00 0 
7fc7fd6e1000-7fc7fd730000 rw-p 00000000 00:00 0 
7fc7fd730000-7fc7fd78c000 rw-p 00000000 00:00 0 
7fc7fd78c000-7fc7fd78d000 rw-p 00000000 00:00 0 
7fc7fd78d000-7fc7fd795000 r-xp 00000000 07:00 23845                      /usr/lib/jvm/java-7-openjdk-amd64/jre/lib/amd64/libzip.so
7fc7fd795000-7fc7fd994000 ---p 00008000 07:00 23845                      /usr/lib/jvm/java-7-openjdk-amd64/jre/lib/amd64/libzip.so
7fc7fd994000-7fc7fd995000 r--p 00007000 07:00 23845                      /usr/lib/jvm/java-7-openjdk-amd64/jre/lib/amd64/libzip.so
7fc7fd995000-7fc7fd996000 rw-p 00008000 07:00 23845                      /usr/lib/jvm/java-7-openjdk-amd64/jre/lib/amd64/libzip.so
7fc7fd996000-7fc7fd9a1000 r-xp 00000000 07:00 10107                      /lib/x86_64-linux-gnu/libnss_files-2.19.so
7fc7fd9a1000-7fc7fdba0000 ---p 0000b000 07:00 10107                      /lib/x86_64-linux-gnu/libnss_files-2.19.so
7fc7fdba0000-7fc7fdba1000 r--p 0000a000 07:00 10107                      /lib/x86_64-linux-gnu/libnss_files-2.19.so
7fc7fdba1000-7fc7fdba2000 rw-p 0000b000 07:00 10107                      /lib/x86_64-linux-gnu/libnss_files-2.19.so
7fc7fdba2000-7fc7fdbad000 r-xp 00000000 07:00 10117                      /lib/x86_64-linux-gnu/libnss_nis-2.19.so
7fc7fdbad000-7fc7fddac000 ---p 0000b000 07:00 10117                      /lib/x86_64-linux-gnu/libnss_nis-2.19.so
7fc7fddac000-7fc7fddad000 r--p 0000a000 07:00 10117                      /lib/x86_64-linux-gnu/libnss_nis-2.19.so
7fc7fddad000-7fc7fddae000 rw-p 0000b000 07:00 10117                      /lib/x86_64-linux-gnu/libnss_nis-2.19.so
7fc7fddae000-7fc7fddc5000 r-xp 00000000 07:00 10101                      /lib/x86_64-linux-gnu/libnsl-2.19.so
7fc7fddc5000-7fc7fdfc4000 ---p 00017000 07:00 10101                      /lib/x86_64-linux-gnu/libnsl-2.19.so
7fc7fdfc4000-7fc7fdfc5000 r--p 00016000 07:00 10101                      /lib/x86_64-linux-gnu/libnsl-2.19.so
7fc7fdfc5000-7fc7fdfc6000 rw-p 00017000 07:00 10101                      /lib/x86_64-linux-gnu/libnsl-2.19.so
7fc7fdfc6000-7fc7fdfc8000 rw-p 00000000 00:00 0 
7fc7fdfc8000-7fc7fdfd1000 r-xp 00000000 07:00 10103                      /lib/x86_64-linux-gnu/libnss_compat-2.19.so
7fc7fdfd1000-7fc7fe1d0000 ---p 00009000 07:00 10103                      /lib/x86_64-linux-gnu/libnss_compat-2.19.so
7fc7fe1d0000-7fc7fe1d1000 r--p 00008000 07:00 10103                      /lib/x86_64-linux-gnu/libnss_compat-2.19.so
7fc7fe1d1000-7fc7fe1d2000 rw-p 00009000 07:00 10103                      /lib/x86_64-linux-gnu/libnss_compat-2.19.so
7fc7fe1d2000-7fc7fe1fd000 r-xp 00000000 07:00 23824                      /usr/lib/jvm/java-7-openjdk-amd64/jre/lib/amd64/libjava.so
7fc7fe1fd000-7fc7fe3fc000 ---p 0002b000 07:00 23824                      /usr/lib/jvm/java-7-openjdk-amd64/jre/lib/amd64/libjava.so
7fc7fe3fc000-7fc7fe3fd000 r--p 0002a000 07:00 23824                      /usr/lib/jvm/java-7-openjdk-amd64/jre/lib/amd64/libjava.so
7fc7fe3fd000-7fc7fe3ff000 rw-p 0002b000 07:00 23824                      /usr/lib/jvm/java-7-openjdk-amd64/jre/lib/amd64/libjava.so
7fc7fe3ff000-7fc7fe40f000 r-xp 00000000 07:00 23844                      /usr/lib/jvm/java-7-openjdk-amd64/jre/lib/amd64/libverify.so
7fc7fe40f000-7fc7fe60e000 ---p 00010000 07:00 23844                      /usr/lib/jvm/java-7-openjdk-amd64/jre/lib/amd64/libverify.so
7fc7fe60e000-7fc7fe610000 r--p 0000f000 07:00 23844                      /usr/lib/jvm/java-7-openjdk-amd64/jre/lib/amd64/libverify.so
7fc7fe610000-7fc7fe611000 rw-p 00011000 07:00 23844                      /usr/lib/jvm/java-7-openjdk-amd64/jre/lib/amd64/libverify.so
7fc7fe611000-7fc7fe618000 r-xp 00000000 07:00 10160                      /lib/x86_64-linux-gnu/librt-2.19.so
7fc7fe618000-7fc7fe817000 ---p 00007000 07:00 10160                      /lib/x86_64-linux-gnu/librt-2.19.so
7fc7fe817000-7fc7fe818000 r--p 00006000 07:00 10160                      /lib/x86_64-linux-gnu/librt-2.19.so
7fc7fe818000-7fc7fe819000 rw-p 00007000 07:00 10160                      /lib/x86_64-linux-gnu/librt-2.19.so
7fc7fe819000-7fc7fe82f000 r-xp 00000000 07:00 10056                      /lib/x86_64-linux-gnu/libgcc_s.so.1
7fc7fe82f000-7fc7fea2e000 ---p 00016000 07:00 10056                      /lib/x86_64-linux-gnu/libgcc_s.so.1
7fc7fea2e000-7fc7fea2f000 rw-p 00015000 07:00 10056                      /lib/x86_64-linux-gnu/libgcc_s.so.1
7fc7fea2f000-7fc7feb34000 r-xp 00000000 07:00 10082                      /lib/x86_64-linux-gnu/libm-2.19.so
7fc7feb34000-7fc7fed33000 ---p 00105000 07:00 10082                      /lib/x86_64-linux-gnu/libm-2.19.so
7fc7fed33000-7fc7fed34000 r--p 00104000 07:00 10082                      /lib/x86_64-linux-gnu/libm-2.19.so
7fc7fed34000-7fc7fed35000 rw-p 00105000 07:00 10082                      /lib/x86_64-linux-gnu/libm-2.19.so
7fc7fed35000-7fc7fee1b000 r-xp 00000000 07:00 51535                      /usr/lib/x86_64-linux-gnu/libstdc++.so.6.0.19
7fc7fee1b000-7fc7ff01a000 ---p 000e6000 07:00 51535                      /usr/lib/x86_64-linux-gnu/libstdc++.so.6.0.19
7fc7ff01a000-7fc7ff022000 r--p 000e5000 07:00 51535                      /usr/lib/x86_64-linux-gnu/libstdc++.so.6.0.19
7fc7ff022000-7fc7ff024000 rw-p 000ed000 07:00 51535                      /usr/lib/x86_64-linux-gnu/libstdc++.so.6.0.19
7fc7ff024000-7fc7ff039000 rw-p 00000000 00:00 0 
7fc7ff039000-7fc7ffb4f000 r-xp 00000000 07:00 23850                      /usr/lib/jvm/java-7-openjdk-amd64/jre/lib/amd64/server/libjvm.so
7fc7ffb4f000-7fc7ffd4e000 ---p 00b16000 07:00 23850                      /usr/lib/jvm/java-7-openjdk-amd64/jre/lib/amd64/server/libjvm.so
7fc7ffd4e000-7fc7ffde8000 r--p 00b15000 07:00 23850                      /usr/lib/jvm/java-7-openjdk-amd64/jre/lib/amd64/server/libjvm.so
7fc7ffde8000-7fc7ffe0b000 rw-p 00baf000 07:00 23850                      /usr/lib/jvm/java-7-openjdk-amd64/jre/lib/amd64/server/libjvm.so
7fc7ffe0b000-7fc7ffe39000 rw-p 00000000 00:00 0 
7fc7ffe39000-7fc7ffe51000 r-xp 00000000 07:00 10195                      /lib/x86_64-linux-gnu/libz.so.1.2.8
7fc7ffe51000-7fc800050000 ---p 00018000 07:00 10195                      /lib/x86_64-linux-gnu/libz.so.1.2.8
7fc800050000-7fc800051000 r--p 00017000 07:00 10195                      /lib/x86_64-linux-gnu/libz.so.1.2.8
7fc800051000-7fc800052000 rw-p 00018000 07:00 10195                      /lib/x86_64-linux-gnu/libz.so.1.2.8
7fc800052000-7fc80006b000 r-xp 00000000 07:00 10152                      /lib/x86_64-linux-gnu/libpthread-2.19.so
7fc80006b000-7fc80026a000 ---p 00019000 07:00 10152                      /lib/x86_64-linux-gnu/libpthread-2.19.so
7fc80026a000-7fc80026b000 r--p 00018000 07:00 10152                      /lib/x86_64-linux-gnu/libpthread-2.19.so
7fc80026b000-7fc80026c000 rw-p 00019000 07:00 10152                      /lib/x86_64-linux-gnu/libpthread-2.19.so
7fc80026c000-7fc800270000 rw-p 00000000 00:00 0 
7fc800270000-7fc800273000 r-xp 00000000 07:00 10046                      /lib/x86_64-linux-gnu/libdl-2.19.so
7fc800273000-7fc800472000 ---p 00003000 07:00 10046                      /lib/x86_64-linux-gnu/libdl-2.19.so
7fc800472000-7fc800473000 r--p 00002000 07:00 10046                      /lib/x86_64-linux-gnu/libdl-2.19.so
7fc800473000-7fc800474000 rw-p 00003000 07:00 10046                      /lib/x86_64-linux-gnu/libdl-2.19.so
7fc800474000-7fc80062f000 r-xp 00000000 07:00 10029                      /lib/x86_64-linux-gnu/libc-2.19.so
7fc80062f000-7fc80082f000 ---p 001bb000 07:00 10029                      /lib/x86_64-linux-gnu/libc-2.19.so
7fc80082f000-7fc800833000 r--p 001bb000 07:00 10029                      /lib/x86_64-linux-gnu/libc-2.19.so
7fc800833000-7fc800835000 rw-p 001bf000 07:00 10029                      /lib/x86_64-linux-gnu/libc-2.19.so
7fc800835000-7fc80083a000 rw-p 00000000 00:00 0 
7fc80083a000-7fc800847000 r-xp 00000000 07:00 23809                      /usr/lib/jvm/java-7-openjdk-amd64/jre/lib/amd64/jli/libjli.so
7fc800847000-7fc800a46000 ---p 0000d000 07:00 23809                      /usr/lib/jvm/java-7-openjdk-amd64/jre/lib/amd64/jli/libjli.so
7fc800a46000-7fc800a47000 r--p 0000c000 07:00 23809                      /usr/lib/jvm/java-7-openjdk-amd64/jre/lib/amd64/jli/libjli.so
7fc800a47000-7fc800a48000 rw-p 0000d000 07:00 23809                      /usr/lib/jvm/java-7-openjdk-amd64/jre/lib/amd64/jli/libjli.so
7fc800a48000-7fc800a6b000 r-xp 00000000 07:00 10005                      /lib/x86_64-linux-gnu/ld-2.19.so
7fc800a6b000-7fc800a6c000 rw-p 00000000 00:00 0 
7fc800a6c000-7fc800a6e000 r--s 00012000 07:00 23873                      /usr/lib/jvm/java-7-openjdk-amd64/jre/lib/ext/zipfs.jar
7fc800a6e000-7fc800a72000 r--s 0003c000 07:00 23872                      /usr/lib/jvm/java-7-openjdk-amd64/jre/lib/ext/sunpkcs11.jar
7fc800a72000-7fc800a76000 r--s 00034000 07:00 23871                      /usr/lib/jvm/java-7-openjdk-amd64/jre/lib/ext/sunjce_provider.jar
7fc800a76000-7fc800a7a000 r--s 00085000 07:00 23870                      /usr/lib/jvm/java-7-openjdk-amd64/jre/lib/ext/localedata.jar
7fc800a7a000-7fc800a7c000 r--s 00006000 07:00 138580                     /usr/share/java/java-atk-wrapper.jar
7fc800a7c000-7fc800a7f000 r--s 0000f000 07:00 23867                      /usr/lib/jvm/java-7-openjdk-amd64/jre/lib/ext/icedtea-sound.jar
7fc800a7f000-7fc800a8b000 rw-p 00000000 00:00 0 
7fc800a8b000-7fc800b3f000 rw-p 00000000 00:00 0 
7fc800b3f000-7fc800b42000 ---p 00000000 00:00 0 
7fc800b42000-7fc800c45000 rw-p 00000000 00:00 0                          [stack:6630]
7fc800c45000-7fc800c46000 r--s 00002000 07:00 23866                      /usr/lib/jvm/java-7-openjdk-amd64/jre/lib/ext/dnsns.jar
7fc800c46000-7fc800c5e000 rw-p 00000000 00:00 0 
7fc800c5e000-7fc800c66000 rw-s 00000000 00:15 233947                     /tmp/hsperfdata_student/6601
7fc800c66000-7fc800c67000 rw-p 00000000 00:00 0 
7fc800c67000-7fc800c68000 ---p 00000000 00:00 0 
7fc800c68000-7fc800c6a000 rw-p 00000000 00:00 0 
7fc800c6a000-7fc800c6b000 r--p 00022000 07:00 10005                      /lib/x86_64-linux-gnu/ld-2.19.so
7fc800c6b000-7fc800c6c000 rw-p 00023000 07:00 10005                      /lib/x86_64-linux-gnu/ld-2.19.so
7fc800c6c000-7fc800c6d000 rw-p 00000000 00:00 0 
7fff4ca0c000-7fff4ca2d000 rw-p 00000000 00:00 0                          [stack]
7fff4cb55000-7fff4cb57000 r-xp 00000000 00:00 0                          [vdso]
ffffffffff600000-ffffffffff601000 r-xp 00000000 00:00 0                  [vsyscall]

VM Arguments:
jvm_args: -Xmx1024M 
java_command: /home/student/Android/Sdk/build-tools/21.1.2/lib/dx.jar --dex --output /home/student/AndroidStudioProjects/MyList/app/build/intermediates/pre-dexed/debug/classes-743762239245565771d474be659072f3ab1085c5.jar /home/student/AndroidStudioProjects/MyList/app/build/intermediates/exploded-aar/com.android.support/support-v4/21.0.3/classes.jar
Launcher Type: SUN_STANDARD

Environment Variables:
CLASSPATH=/home/student/android-studio/bin/../lib/bootstrap.jar:/home/student/android-studio/bin/../lib/extensions.jar:/home/student/android-studio/bin/../lib/util.jar:/home/student/android-studio/bin/../lib/jdom.jar:/home/student/android-studio/bin/../lib/log4j.jar:/home/student/android-studio/bin/../lib/trove4j.jar:/home/student/android-studio/bin/../lib/jna.jar:/usr/lib/jvm/java-7-openjdk-amd64/lib/tools.jar
PATH=/usr/local/sbin:/usr/local/bin:/usr/sbin:/usr/bin:/sbin:/bin:/usr/games:/usr/local/games
USERNAME=student
LD_LIBRARY_PATH=/home/student/android-studio/bin:
SHELL=/bin/bash
DISPLAY=:0.0

Signal Handlers:
SIGSEGV: [libjvm.so+0x9495e0], sa_mask[0]=0x7ffbfeff, sa_flags=0x10000004
SIGBUS: [libjvm.so+0x9495e0], sa_mask[0]=0x7ffbfeff, sa_flags=0x10000004
SIGFPE: [libjvm.so+0x7c3410], sa_mask[0]=0x7ffbfeff, sa_flags=0x10000004
SIGPIPE: [libjvm.so+0x7c3410], sa_mask[0]=0x7ffbfeff, sa_flags=0x10000004
SIGXFSZ: [libjvm.so+0x7c3410], sa_mask[0]=0x7ffbfeff, sa_flags=0x10000004
SIGILL: [libjvm.so+0x7c3410], sa_mask[0]=0x7ffbfeff, sa_flags=0x10000004
SIGUSR1: SIG_DFL, sa_mask[0]=0x00000000, sa_flags=0x00000000
SIGUSR2: [libjvm.so+0x7c32b0], sa_mask[0]=0x00000004, sa_flags=0x10000004
SIGHUP: [libjvm.so+0x7c3490], sa_mask[0]=0x7ffbfeff, sa_flags=0x10000004
SIGINT: [libjvm.so+0x7c3490], sa_mask[0]=0x7ffbfeff, sa_flags=0x10000004
SIGTERM: [libjvm.so+0x7c3490], sa_mask[0]=0x7ffbfeff, sa_flags=0x10000004
SIGQUIT: [libjvm.so+0x7c3490], sa_mask[0]=0x7ffbfeff, sa_flags=0x10000004
SIGTRAP: SIG_DFL, sa_mask[0]=0x00000000, sa_flags=0x00000000


---------------  S Y S T E M  ---------------

OS:LinuxMint 17.1 (rebecca)
uname:Linux 3.13.0-37-generic #64-Ubuntu SMP Mon Sep 22 21:28:38 UTC 2014 x86_64
libc:glibc 2.19 NPTL 2.19 
rlimit: STACK 8192k, CORE 0k, NPROC 30616, NOFILE 4096, AS infinity
load average:15.31 6.22 2.83

/proc/meminfo:
MemTotal:        3941808 kB
MemFree:          128092 kB
Buffers:           12536 kB
Cached:           821556 kB
SwapCached:            0 kB
Active:          3004428 kB
Inactive:         672944 kB
Active(anon):    2989648 kB
Inactive(anon):   619948 kB
Active(file):      14780 kB
Inactive(file):    52996 kB
Unevictable:           0 kB
Mlocked:               0 kB
SwapTotal:             0 kB
SwapFree:              0 kB
Dirty:               172 kB
Writeback:             0 kB
AnonPages:       2844020 kB
Mapped:            57832 kB
Shmem:            765576 kB
Slab:              54056 kB
SReclaimable:      26988 kB
SUnreclaim:        27068 kB
KernelStack:        3328 kB
PageTables:        23104 kB
NFS_Unstable:          0 kB
Bounce:                0 kB
WritebackTmp:          0 kB
CommitLimit:     1970904 kB
Committed_AS:    5875556 kB
VmallocTotal:   34359738367 kB
VmallocUsed:      551396 kB
VmallocChunk:   34359178372 kB
HardwareCorrupted:     0 kB
AnonHugePages:   1867776 kB
HugePages_Total:       0
HugePages_Free:        0
HugePages_Rsvd:        0
HugePages_Surp:        0
Hugepagesize:       2048 kB
DirectMap4k:       43240 kB
DirectMap2M:     4044800 kB


CPU:total 4 (4 cores per cpu, 1 threads per core) family 6 model 23 stepping 10, cmov, cx8, fxsr, mmx, sse, sse2, sse3, ssse3, sse4.1, tsc

/proc/cpuinfo:
processor	: 0
vendor_id	: GenuineIntel
cpu family	: 6
model		: 23
model name	: Intel(R) Core(TM)2 Quad CPU    Q9550  @ 2.83GHz
stepping	: 10
microcode	: 0xa07
cpu MHz		: 2830.000
cache size	: 6144 KB
physical id	: 0
siblings	: 4
core id		: 0
cpu cores	: 4
apicid		: 0
initial apicid	: 0
fpu		: yes
fpu_exception	: yes
cpuid level	: 13
wp		: yes
flags		: fpu vme de pse tsc msr pae mce cx8 apic sep mtrr pge mca cmov pat pse36 clflush dts acpi mmx fxsr sse sse2 ss ht tm pbe syscall nx lm constant_tsc arch_perfmon pebs bts rep_good nopl aperfmperf pni dtes64 monitor ds_cpl vmx smx est tm2 ssse3 cx16 xtpr pdcm sse4_1 xsave lahf_lm dtherm tpr_shadow vnmi flexpriority
bogomips	: 5666.24
clflush size	: 64
cache_alignment	: 64
address sizes	: 36 bits physical, 48 bits virtual
power management:

processor	: 1
vendor_id	: GenuineIntel
cpu family	: 6
model		: 23
model name	: Intel(R) Core(TM)2 Quad CPU    Q9550  @ 2.83GHz
stepping	: 10
microcode	: 0xa07
cpu MHz		: 2830.000
cache size	: 6144 KB
physical id	: 0
siblings	: 4
core id		: 1
cpu cores	: 4
apicid		: 1
initial apicid	: 1
fpu		: yes
fpu_exception	: yes
cpuid level	: 13
wp		: yes
flags		: fpu vme de pse tsc msr pae mce cx8 apic sep mtrr pge mca cmov pat pse36 clflush dts acpi mmx fxsr sse sse2 ss ht tm pbe syscall nx lm constant_tsc arch_perfmon pebs bts rep_good nopl aperfmperf pni dtes64 monitor ds_cpl vmx smx est tm2 ssse3 cx16 xtpr pdcm sse4_1 xsave lahf_lm dtherm tpr_shadow vnmi flexpriority
bogomips	: 5666.24
clflush size	: 64
cache_alignment	: 64
address sizes	: 36 bits physical, 48 bits virtual
power management:

processor	: 2
vendor_id	: GenuineIntel
cpu family	: 6
model		: 23
model name	: Intel(R) Core(TM)2 Quad CPU    Q9550  @ 2.83GHz
stepping	: 10
microcode	: 0xa07
cpu MHz		: 2830.000
cache size	: 6144 KB
physical id	: 0
siblings	: 4
core id		: 2
cpu cores	: 4
apicid		: 2
initial apicid	: 2
fpu		: yes
fpu_exception	: yes
cpuid level	: 13
wp		: yes
flags		: fpu vme de pse tsc msr pae mce cx8 apic sep mtrr pge mca cmov pat pse36 clflush dts acpi mmx fxsr sse sse2 ss ht tm pbe syscall nx lm constant_tsc arch_perfmon pebs bts rep_good nopl aperfmperf pni dtes64 monitor ds_cpl vmx smx est tm2 ssse3 cx16 xtpr pdcm sse4_1 xsave lahf_lm dtherm tpr_shadow vnmi flexpriority
bogomips	: 5666.24
clflush size	: 64
cache_alignment	: 64
address sizes	: 36 bits physical, 48 bits virtual
power management:

processor	: 3
vendor_id	: GenuineIntel
cpu family	: 6
model		: 23
model name	: Intel(R) Core(TM)2 Quad CPU    Q9550  @ 2.83GHz
stepping	: 10
microcode	: 0xa07
cpu MHz		: 2830.000
cache size	: 6144 KB
physical id	: 0
siblings	: 4
core id		: 3
cpu cores	: 4
apicid		: 3
initial apicid	: 3
fpu		: yes
fpu_exception	: yes
cpuid level	: 13
wp		: yes
flags		: fpu vme de pse tsc msr pae mce cx8 apic sep mtrr pge mca cmov pat pse36 clflush dts acpi mmx fxsr sse sse2 ss ht tm pbe syscall nx lm constant_tsc arch_perfmon pebs bts rep_good nopl aperfmperf pni dtes64 monitor ds_cpl vmx smx est tm2 ssse3 cx16 xtpr pdcm sse4_1 xsave lahf_lm dtherm tpr_shadow vnmi flexpriority
bogomips	: 5666.24
clflush size	: 64
cache_alignment	: 64
address sizes	: 36 bits physical, 48 bits virtual
power management:



Memory: 4k page, physical 3941808k(128092k free), swap 0k(0k free)

vm_info: OpenJDK 64-Bit Server VM (24.65-b04) for linux-amd64 JRE (1.7.0_65-b32), built on Oct 22 2014 04:37:44 by "buildd" with gcc 4.8.2

time: Fri Feb 20 14:48:39 2015
elapsed time: 46 seconds

