#
# There is insufficient memory for the Java Runtime Environment to continue.
# Native memory allocation (malloc) failed to allocate 88080384 bytes for committing reserved memory.
# Possible reasons:
#   The system is out of physical RAM or swap space
#   In 32 bit mode, the process size limit was hit
# Possible solutions:
#   Reduce memory load on the system
#   Increase physical memory or swap space
#   Check if swap backing store is full
#   Use 64 bit Java on a 64 bit OS
#   Decrease Java heap size (-Xmx/-Xms)
#   Decrease number of Java threads
#   Decrease Java thread stack sizes (-Xss)
#   Set larger code cache with -XX:ReservedCodeCacheSize=
# This output file may be truncated or incomplete.
#
#  Out of Memory Error (os_linux.cpp:2798), pid=5677, tid=140380976482048
#
# JRE version: OpenJDK Runtime Environment (7.0_65-b32) (build 1.7.0_65-b32)
# Java VM: OpenJDK 64-Bit Server VM (24.65-b04 mixed mode linux-amd64 compressed oops)
# Derivative: IcedTea 2.5.3
# Distribution: Ubuntu 14.04 LTS, package 7u71-2.5.3-0ubuntu0.14.04.1
# Failed to write core dump. Core dumps have been disabled. To enable core dumping, try "ulimit -c unlimited" before starting Java again
#

---------------  T H R E A D  ---------------

Current thread (0x00007fad0413c800):  VMThread [stack: 0x00007facfe2c8000,0x00007facfe3c9000] [id=5738]

Stack: [0x00007facfe2c8000,0x00007facfe3c9000],  sp=0x00007facfe3c7490,  free space=1021k
Native frames: (J=compiled Java code, j=interpreted, Vv=VM code, C=native code)
V  [libjvm.so+0x948b05]  VMError::report_and_die()+0x175
V  [libjvm.so+0x48bc34]  report_vm_out_of_memory(char const*, int, unsigned long, char const*)+0x74
V  [libjvm.so+0x7c7bfb]  os::pd_commit_memory(char*, unsigned long, unsigned long, bool)+0xeb
V  [libjvm.so+0x7c26bf]  os::commit_memory(char*, unsigned long, unsigned long, bool)+0x1f
V  [libjvm.so+0x833e4b]  PSVirtualSpace::expand_by(unsigned long)+0x5b
V  [libjvm.so+0x834ca0]  PSYoungGen::resize_generation(unsigned long, unsigned long)+0xb0
V  [libjvm.so+0x83538b]  PSYoungGen::resize(unsigned long, unsigned long)+0x1b
V  [libjvm.so+0x831670]  PSScavenge::invoke_no_policy()+0xde0
V  [libjvm.so+0x831e48]  PSScavenge::invoke()+0x38
V  [libjvm.so+0x7e8823]  ParallelScavengeHeap::failed_mem_allocate(unsigned long)+0x63
V  [libjvm.so+0x94a504]  VM_ParallelGCFailedAllocation::doit()+0x84
V  [libjvm.so+0x94e9f7]  VM_Operation::evaluate()+0x47
V  [libjvm.so+0x94d368]  VMThread::evaluate_operation(VM_Operation*)+0x318
V  [libjvm.so+0x94d7c9]  VMThread::loop()+0x219
V  [libjvm.so+0x94dc12]  VMThread::run()+0x72
V  [libjvm.so+0x7c4ac2]  java_start(Thread*)+0xf2

VM_Operation (0x00007fad0ca5ed20): ParallelGCFailedAllocation, mode: safepoint, requested by thread 0x00007fad0400a000


---------------  P R O C E S S  ---------------

Java Threads: ( => current thread )
  0x00007fad04177800 JavaThread "Service Thread" daemon [_thread_blocked, id=5758, stack(0x00007facfd9f9000,0x00007facfdafa000)]
  0x00007fad04175800 JavaThread "C2 CompilerThread1" daemon [_thread_blocked, id=5757, stack(0x00007facfdafa000,0x00007facfdbfb000)]
  0x00007fad04172800 JavaThread "C2 CompilerThread0" daemon [_thread_blocked, id=5756, stack(0x00007facfdbfb000,0x00007facfdcfc000)]
  0x00007fad04170000 JavaThread "Signal Dispatcher" daemon [_thread_blocked, id=5755, stack(0x00007facfdcfc000,0x00007facfddfd000)]
  0x00007fad04143000 JavaThread "Finalizer" daemon [_thread_blocked, id=5743, stack(0x00007facfe0c6000,0x00007facfe1c7000)]
  0x00007fad04141000 JavaThread "Reference Handler" daemon [_thread_blocked, id=5740, stack(0x00007facfe1c7000,0x00007facfe2c8000)]
  0x00007fad0400a000 JavaThread "main" [_thread_blocked, id=5713, stack(0x00007fad0c960000,0x00007fad0ca61000)]

Other Threads:
=>0x00007fad0413c800 VMThread [stack: 0x00007facfe2c8000,0x00007facfe3c9000] [id=5738]
  0x00007fad04182000 WatcherThread [stack: 0x00007facfd8f8000,0x00007facfd9f9000] [id=5759]

VM state:at safepoint (normal execution)

VM Mutex/Monitor currently owned by a thread:  ([mutex/lock_event])
[0x00007fad040067a0] Threads_lock - owner thread: 0x00007fad0413c800
[0x00007fad04006ca0] Heap_lock - owner thread: 0x00007fad0400a000

Heap
 PSYoungGen      total 66048K, used 2544K [0x00000000eaa80000, 0x00000000eed80000, 0x0000000100000000)
  eden space 63488K, 0% used [0x00000000eaa80000,0x00000000eaa80000,0x00000000ee880000)
  from space 2560K, 99% used [0x00000000ee880000,0x00000000eeafc080,0x00000000eeb00000)
  to   space 2560K, 0% used [0x00000000eeb00000,0x00000000eeb00000,0x00000000eed80000)
 ParOldGen       total 40960K, used 23936K [0x00000000c0000000, 0x00000000c2800000, 0x00000000eaa80000)
  object space 40960K, 58% used [0x00000000c0000000,0x00000000c1760108,0x00000000c2800000)
 PSPermGen       total 21504K, used 5910K [0x00000000b5a00000, 0x00000000b6f00000, 0x00000000c0000000)
  object space 21504K, 27% used [0x00000000b5a00000,0x00000000b5fc5888,0x00000000b6f00000)

Card table byte_map: [0x00007fad0935a000,0x00007fad095ae000] byte_map_base: 0x00007fad08dad000

Polling page: 0x00007fad0ca88000

Code Cache  [0x00007fad01000000, 0x00007fad01270000, 0x00007fad04000000)
 total_blobs=785 nmethods=558 adapters=181 free_code_cache=46926Kb largest_free_block=48018176

Compilation events (10 events):
Event: 8.295 Thread 0x00007fad04175800 nmethod 565 0x00007fad0122fc50 code [0x00007fad0122fd80, 0x00007fad0122fe18]
Event: 8.295 Thread 0x00007fad04175800  566             com.android.dx.ssa.back.FirstFitLocalCombiningAllocator::addMapping (76 bytes)
Event: 8.301 Thread 0x00007fad04172800 nmethod 563 0x00007fad0122f0d0 code [0x00007fad0122f240, 0x00007fad0122f558]
Event: 8.301 Thread 0x00007fad04172800  567             com.android.dx.ssa.InterferenceRegisterMapper::addMapping (27 bytes)
Event: 8.302 Thread 0x00007fad04172800 nmethod 567 0x00007fad0122ed90 code [0x00007fad0122eee0, 0x00007fad0122efc8]
Event: 8.302 Thread 0x00007fad04172800  568             com.android.dx.cf.code.Simulator$SimVisitor::visitConstant (332 bytes)
Event: 8.315 Thread 0x00007fad04175800 nmethod 566 0x00007fad01231350 code [0x00007fad01231560, 0x00007fad01231ee0]
Event: 8.315 Thread 0x00007fad04175800  569             java.util.TreeMap$PrivateEntryIterator::nextEntry (54 bytes)
Event: 8.317 Thread 0x00007fad04175800 nmethod 569 0x00007fad012330d0 code [0x00007fad01233220, 0x00007fad01233358]
Event: 8.317 Thread 0x00007fad04175800  570             com.android.dx.cf.code.BasicBlocker::visitConstant (39 bytes)

GC Heap History (9 events):
Event: 2.563 GC heap before
{Heap before GC invocations=1 (full 0):
 PSYoungGen      total 18432K, used 15872K [0x00000000eaa80000, 0x00000000ebf00000, 0x0000000100000000)
  eden space 15872K, 100% used [0x00000000eaa80000,0x00000000eba00000,0x00000000eba00000)
  from space 2560K, 0% used [0x00000000ebc80000,0x00000000ebc80000,0x00000000ebf00000)
  to   space 2560K, 0% used [0x00000000eba00000,0x00000000eba00000,0x00000000ebc80000)
 ParOldGen       total 40960K, used 0K [0x00000000c0000000, 0x00000000c2800000, 0x00000000eaa80000)
  object space 40960K, 0% used [0x00000000c0000000,0x00000000c0000000,0x00000000c2800000)
 PSPermGen       total 21504K, used 5565K [0x00000000b5a00000, 0x00000000b6f00000, 0x00000000c0000000)
  object space 21504K, 25% used [0x00000000b5a00000,0x00000000b5f6f478,0x00000000b6f00000)
Event: 2.606 GC heap after
Heap after GC invocations=1 (full 0):
 PSYoungGen      total 18432K, used 2539K [0x00000000eaa80000, 0x00000000ece80000, 0x0000000100000000)
  eden space 15872K, 0% used [0x00000000eaa80000,0x00000000eaa80000,0x00000000eba00000)
  from space 2560K, 99% used [0x00000000eba00000,0x00000000ebc7aeb8,0x00000000ebc80000)
  to   space 2560K, 0% used [0x00000000ecc00000,0x00000000ecc00000,0x00000000ece80000)
 ParOldGen       total 40960K, used 1228K [0x00000000c0000000, 0x00000000c2800000, 0x00000000eaa80000)
  object space 40960K, 2% used [0x00000000c0000000,0x00000000c0133008,0x00000000c2800000)
 PSPermGen       total 21504K, used 5565K [0x00000000b5a00000, 0x00000000b6f00000, 0x00000000c0000000)
  object space 21504K, 25% used [0x00000000b5a00000,0x00000000b5f6f478,0x00000000b6f00000)
}
Event: 3.590 GC heap before
{Heap before GC invocations=2 (full 0):
 PSYoungGen      total 18432K, used 18411K [0x00000000eaa80000, 0x00000000ece80000, 0x0000000100000000)
  eden space 15872K, 100% used [0x00000000eaa80000,0x00000000eba00000,0x00000000eba00000)
  from space 2560K, 99% used [0x00000000eba00000,0x00000000ebc7aeb8,0x00000000ebc80000)
  to   space 2560K, 0% used [0x00000000ecc00000,0x00000000ecc00000,0x00000000ece80000)
 ParOldGen       total 40960K, used 1228K [0x00000000c0000000, 0x00000000c2800000, 0x00000000eaa80000)
  object space 40960K, 2% used [0x00000000c0000000,0x00000000c0133008,0x00000000c2800000)
 PSPermGen       total 21504K, used 5741K [0x00000000b5a00000, 0x00000000b6f00000, 0x00000000c0000000)
  object space 21504K, 26% used [0x00000000b5a00000,0x00000000b5f9b7f8,0x00000000b6f00000)
Event: 3.632 GC heap after
Heap after GC invocations=2 (full 0):
 PSYoungGen      total 34304K, used 2556K [0x00000000eaa80000, 0x00000000ece80000, 0x0000000100000000)
  eden space 31744K, 0% used [0x00000000eaa80000,0x00000000eaa80000,0x00000000ec980000)
  from space 2560K, 99% used [0x00000000ecc00000,0x00000000ece7f100,0x00000000ece80000)
  to   space 2560K, 0% used [0x00000000ec980000,0x00000000ec980000,0x00000000ecc00000)
 ParOldGen       total 40960K, used 3162K [0x00000000c0000000, 0x00000000c2800000, 0x00000000eaa80000)
  object space 40960K, 7% used [0x00000000c0000000,0x00000000c0316bd0,0x00000000c2800000)
 PSPermGen       total 21504K, used 5741K [0x00000000b5a00000, 0x00000000b6f00000, 0x00000000c0000000)
  object space 21504K, 26% used [0x00000000b5a00000,0x00000000b5f9b7f8,0x00000000b6f00000)
}
Event: 5.356 GC heap before
{Heap before GC invocations=3 (full 0):
 PSYoungGen      total 34304K, used 34300K [0x00000000eaa80000, 0x00000000ece80000, 0x0000000100000000)
  eden space 31744K, 100% used [0x00000000eaa80000,0x00000000ec980000,0x00000000ec980000)
  from space 2560K, 99% used [0x00000000ecc00000,0x00000000ece7f100,0x00000000ece80000)
  to   space 2560K, 0% used [0x00000000ec980000,0x00000000ec980000,0x00000000ecc00000)
 ParOldGen       total 40960K, used 3162K [0x00000000c0000000, 0x00000000c2800000, 0x00000000eaa80000)
  object space 40960K, 7% used [0x00000000c0000000,0x00000000c0316bd0,0x00000000c2800000)
 PSPermGen       total 21504K, used 5834K [0x00000000b5a00000, 0x00000000b6f00000, 0x00000000c0000000)
  object space 21504K, 27% used [0x00000000b5a00000,0x00000000b5fb2ae0,0x00000000b6f00000)
Event: 5.383 GC heap after
Heap after GC invocations=3 (full 0):
 PSYoungGen      total 34304K, used 2545K [0x00000000eaa80000, 0x00000000eed80000, 0x0000000100000000)
  eden space 31744K, 0% used [0x00000000eaa80000,0x00000000eaa80000,0x00000000ec980000)
  from space 2560K, 99% used [0x00000000ec980000,0x00000000ecbfc480,0x00000000ecc00000)
  to   space 2560K, 0% used [0x00000000eeb00000,0x00000000eeb00000,0x00000000eed80000)
 ParOldGen       total 40960K, used 7778K [0x00000000c0000000, 0x00000000c2800000, 0x00000000eaa80000)
  object space 40960K, 18% used [0x00000000c0000000,0x00000000c0798bf0,0x00000000c2800000)
 PSPermGen       total 21504K, used 5834K [0x00000000b5a00000, 0x00000000b6f00000, 0x00000000c0000000)
  object space 21504K, 27% used [0x00000000b5a00000,0x00000000b5fb2ae0,0x00000000b6f00000)
}
Event: 6.746 GC heap before
{Heap before GC invocations=4 (full 0):
 PSYoungGen      total 34304K, used 34289K [0x00000000eaa80000, 0x00000000eed80000, 0x0000000100000000)
  eden space 31744K, 100% used [0x00000000eaa80000,0x00000000ec980000,0x00000000ec980000)
  from space 2560K, 99% used [0x00000000ec980000,0x00000000ecbfc480,0x00000000ecc00000)
  to   space 2560K, 0% used [0x00000000eeb00000,0x00000000eeb00000,0x00000000eed80000)
 ParOldGen       total 40960K, used 7778K [0x00000000c0000000, 0x00000000c2800000, 0x00000000eaa80000)
  object space 40960K, 18% used [0x00000000c0000000,0x00000000c0798bf0,0x00000000c2800000)
 PSPermGen       total 21504K, used 5863K [0x00000000b5a00000, 0x00000000b6f00000, 0x00000000c0000000)
  object space 21504K, 27% used [0x00000000b5a00000,0x00000000b5fb9f58,0x00000000b6f00000)
Event: 6.800 GC heap after
Heap after GC invocations=4 (full 0):
 PSYoungGen      total 66048K, used 2544K [0x00000000eaa80000, 0x00000000eed80000, 0x0000000100000000)
  eden space 63488K, 0% used [0x00000000eaa80000,0x00000000eaa80000,0x00000000ee880000)
  from space 2560K, 99% used [0x00000000eeb00000,0x00000000eed7c080,0x00000000eed80000)
  to   space 2560K, 0% used [0x00000000ee880000,0x00000000ee880000,0x00000000eeb00000)
 ParOldGen       total 40960K, used 12838K [0x00000000c0000000, 0x00000000c2800000, 0x00000000eaa80000)
  object space 40960K, 31% used [0x00000000c0000000,0x00000000c0c898a0,0x00000000c2800000)
 PSPermGen       total 21504K, used 5863K [0x00000000b5a00000, 0x00000000b6f00000, 0x00000000c0000000)
  object space 21504K, 27% used [0x00000000b5a00000,0x00000000b5fb9f58,0x00000000b6f00000)
}
Event: 8.331 GC heap before
{Heap before GC invocations=5 (full 0):
 PSYoungGen      total 66048K, used 66032K [0x00000000eaa80000, 0x00000000eed80000, 0x0000000100000000)
  eden space 63488K, 100% used [0x00000000eaa80000,0x00000000ee880000,0x00000000ee880000)
  from space 2560K, 99% used [0x00000000eeb00000,0x00000000eed7c080,0x00000000eed80000)
  to   space 2560K, 0% used [0x00000000ee880000,0x00000000ee880000,0x00000000eeb00000)
 ParOldGen       total 40960K, used 12838K [0x00000000c0000000, 0x00000000c2800000, 0x00000000eaa80000)
  object space 40960K, 31% used [0x00000000c0000000,0x00000000c0c898a0,0x00000000c2800000)
 PSPermGen       total 21504K, used 5910K [0x00000000b5a00000, 0x00000000b6f00000, 0x00000000c0000000)
  object space 21504K, 27% used [0x00000000b5a00000,0x00000000b5fc5888,0x00000000b6f00000)

Deoptimization events (10 events):
Event: 5.435 Thread 0x00007fad0400a000 Uncommon trap: reason=bimorphic action=maybe_recompile pc=0x00007fad010e24f8 method=java.util.HashMap.put(Ljava/lang/Object;Ljava/lang/Object;)Ljava/lang/Object; @ 83
Event: 5.435 Thread 0x00007fad0400a000 Uncommon trap: reason=bimorphic action=maybe_recompile pc=0x00007fad010e24f8 method=java.util.HashMap.put(Ljava/lang/Object;Ljava/lang/Object;)Ljava/lang/Object; @ 83
Event: 5.435 Thread 0x00007fad0400a000 Uncommon trap: reason=bimorphic action=maybe_recompile pc=0x00007fad010e24f8 method=java.util.HashMap.put(Ljava/lang/Object;Ljava/lang/Object;)Ljava/lang/Object; @ 83
Event: 5.450 Thread 0x00007fad0400a000 Uncommon trap: reason=bimorphic action=maybe_recompile pc=0x00007fad010e24f8 method=java.util.HashMap.put(Ljava/lang/Object;Ljava/lang/Object;)Ljava/lang/Object; @ 83
Event: 7.971 Thread 0x00007fad0400a000 Uncommon trap: reason=bimorphic action=maybe_recompile pc=0x00007fad0112c3b4 method=com.android.dx.cf.code.BytecodeArray.parseInstruction(ILcom/android/dx/cf/code/BytecodeArray$Visitor;)I @ 971
Event: 7.971 Thread 0x00007fad0400a000 Uncommon trap: reason=bimorphic action=maybe_recompile pc=0x00007fad0112c430 method=com.android.dx.cf.code.BytecodeArray.parseInstruction(ILcom/android/dx/cf/code/BytecodeArray$Visitor;)I @ 987
Event: 7.971 Thread 0x00007fad0400a000 Uncommon trap: reason=bimorphic action=maybe_recompile pc=0x00007fad0112c3b4 method=com.android.dx.cf.code.BytecodeArray.parseInstruction(ILcom/android/dx/cf/code/BytecodeArray$Visitor;)I @ 971
Event: 7.971 Thread 0x00007fad0400a000 Uncommon trap: reason=bimorphic action=maybe_recompile pc=0x00007fad0112c430 method=com.android.dx.cf.code.BytecodeArray.parseInstruction(ILcom/android/dx/cf/code/BytecodeArray$Visitor;)I @ 987
Event: 8.165 Thread 0x00007fad0400a000 Uncommon trap: reason=null_check action=make_not_entrant pc=0x00007fad01214e90 method=com.android.dx.dex.file.FieldIdsSection.intern(Lcom/android/dx/rop/cst/CstFieldRef;)Lcom/android/dx/dex/file/FieldIdItem; @ 26
Event: 8.219 Thread 0x00007fad0400a000 Uncommon trap: reason=bimorphic action=maybe_recompile pc=0x00007fad0115d160 method=com.android.dx.ssa.SCCP.simulatePhi(Lcom/android/dx/ssa/PhiInsn;)V @ 124

Internal exceptions (10 events):
Event: 3.710 Thread 0x00007fad0400a000 Threw 0x00000000eac0d1c0 at /build/buildd/openjdk-7-7u71-2.5.3/build/openjdk/hotspot/src/share/vm/prims/jvm.cpp:1284
Event: 3.714 Thread 0x00007fad0400a000 Threw 0x00000000eac34ec8 at /build/buildd/openjdk-7-7u71-2.5.3/build/openjdk/hotspot/src/share/vm/prims/jvm.cpp:1284
Event: 3.715 Thread 0x00007fad0400a000 Threw 0x00000000eac3aeb0 at /build/buildd/openjdk-7-7u71-2.5.3/build/openjdk/hotspot/src/share/vm/prims/jvm.cpp:1284
Event: 3.715 Thread 0x00007fad0400a000 Threw 0x00000000eac40cf0 at /build/buildd/openjdk-7-7u71-2.5.3/build/openjdk/hotspot/src/share/vm/prims/jvm.cpp:1284
Event: 4.147 Thread 0x00007fad0400a000 Threw 0x00000000eb43ce60 at /build/buildd/openjdk-7-7u71-2.5.3/build/openjdk/hotspot/src/share/vm/prims/jvm.cpp:1284
Event: 4.258 Thread 0x00007fad0400a000 Implicit null exception at 0x00007fad010ec2ff to 0x00007fad010eca21
Event: 4.863 Thread 0x00007fad0400a000 Threw 0x00000000ec0be5a0 at /build/buildd/openjdk-7-7u71-2.5.3/build/openjdk/hotspot/src/share/vm/prims/jvm.cpp:1284
Event: 5.208 Thread 0x00007fad0400a000 Implicit null exception at 0x00007fad0111735d to 0x00007fad01119311
Event: 5.423 Thread 0x00007fad0400a000 Threw 0x00000000eab0dfd8 at /build/buildd/openjdk-7-7u71-2.5.3/build/openjdk/hotspot/src/share/vm/prims/jvm.cpp:1284
Event: 6.287 Thread 0x00007fad0400a000 Threw 0x00000000ebe37ec8 at /build/buildd/openjdk-7-7u71-2.5.3/build/openjdk/hotspot/src/share/vm/prims/jvm.cpp:1284

Events (10 events):
Event: 7.971 Thread 0x00007fad0400a000 Uncommon trap: trap_request=0xffffffc6 fr.pc=0x00007fad0112c430
Event: 7.971 Thread 0x00007fad0400a000 DEOPT PACKING pc=0x00007fad0112c430 sp=0x00007fad0ca5ed10
Event: 7.971 Thread 0x00007fad0400a000 DEOPT UNPACKING pc=0x00007fad01039045 sp=0x00007fad0ca5ecc8 mode 2
Event: 8.165 Thread 0x00007fad0400a000 Uncommon trap: trap_request=0xfffffff4 fr.pc=0x00007fad01214e90
Event: 8.165 Thread 0x00007fad0400a000 DEOPT PACKING pc=0x00007fad01214e90 sp=0x00007fad0ca5f270
Event: 8.165 Thread 0x00007fad0400a000 DEOPT UNPACKING pc=0x00007fad01039045 sp=0x00007fad0ca5f1c8 mode 2
Event: 8.219 Thread 0x00007fad0400a000 Uncommon trap: trap_request=0xffffffc6 fr.pc=0x00007fad0115d160
Event: 8.219 Thread 0x00007fad0400a000 DEOPT PACKING pc=0x00007fad0115d160 sp=0x00007fad0ca5eee0
Event: 8.219 Thread 0x00007fad0400a000 DEOPT UNPACKING pc=0x00007fad01039045 sp=0x00007fad0ca5edd0 mode 2
Event: 8.331 Executing VM operation: ParallelGCFailedAllocation


Dynamic libraries:
00400000-00401000 r-xp 00000000 07:00 23789                              /usr/lib/jvm/java-7-openjdk-amd64/jre/bin/java
00600000-00601000 r--p 00000000 07:00 23789                              /usr/lib/jvm/java-7-openjdk-amd64/jre/bin/java
00601000-00602000 rw-p 00001000 07:00 23789                              /usr/lib/jvm/java-7-openjdk-amd64/jre/bin/java
00b70000-00b91000 rw-p 00000000 00:00 0                                  [heap]
b5a00000-b6f00000 rw-p 00000000 00:00 0 
b6f00000-c0000000 rw-p 00000000 00:00 0 
c0000000-c2800000 rw-p 00000000 00:00 0 
c2800000-eaa80000 rw-p 00000000 00:00 0 
eaa80000-eed80000 rw-p 00000000 00:00 0 
f4180000-100000000 rw-p 00000000 00:00 0 
7facc8000000-7facc8021000 rw-p 00000000 00:00 0 
7facc8021000-7faccc000000 ---p 00000000 00:00 0 
7facd0000000-7facd1a14000 rw-p 00000000 00:00 0 
7facd1a14000-7facd4000000 ---p 00000000 00:00 0 
7facd4000000-7facd4021000 rw-p 00000000 00:00 0 
7facd4021000-7facd8000000 ---p 00000000 00:00 0 
7facd8000000-7facd8021000 rw-p 00000000 00:00 0 
7facd8021000-7facdc000000 ---p 00000000 00:00 0 
7facdc000000-7facdd3da000 rw-p 00000000 00:00 0 
7facdd3da000-7face0000000 ---p 00000000 00:00 0 
7face0000000-7face0021000 rw-p 00000000 00:00 0 
7face0021000-7face4000000 ---p 00000000 00:00 0 
7face4000000-7face4021000 rw-p 00000000 00:00 0 
7face4021000-7face8000000 ---p 00000000 00:00 0 
7face8000000-7face8021000 rw-p 00000000 00:00 0 
7face8021000-7facec000000 ---p 00000000 00:00 0 
7facec000000-7facec241000 rw-p 00000000 00:00 0 
7facec241000-7facf0000000 ---p 00000000 00:00 0 
7facf0000000-7facf0021000 rw-p 00000000 00:00 0 
7facf0021000-7facf4000000 ---p 00000000 00:00 0 
7facf4000000-7facf4021000 rw-p 00000000 00:00 0 
7facf4021000-7facf8000000 ---p 00000000 00:00 0 
7facf8000000-7facf8021000 rw-p 00000000 00:00 0 
7facf8021000-7facfc000000 ---p 00000000 00:00 0 
7facfc17a000-7facfc1b7000 r-xp 00000000 07:00 10135                      /lib/x86_64-linux-gnu/libpcre.so.3.13.1
7facfc1b7000-7facfc3b6000 ---p 0003d000 07:00 10135                      /lib/x86_64-linux-gnu/libpcre.so.3.13.1
7facfc3b6000-7facfc3b7000 r--p 0003c000 07:00 10135                      /lib/x86_64-linux-gnu/libpcre.so.3.13.1
7facfc3b7000-7facfc3b8000 rw-p 0003d000 07:00 10135                      /lib/x86_64-linux-gnu/libpcre.so.3.13.1
7facfc3b8000-7facfc3bf000 r-xp 00000000 07:00 50611                      /usr/lib/x86_64-linux-gnu/libffi.so.6.0.1
7facfc3bf000-7facfc5be000 ---p 00007000 07:00 50611                      /usr/lib/x86_64-linux-gnu/libffi.so.6.0.1
7facfc5be000-7facfc5bf000 r--p 00006000 07:00 50611                      /usr/lib/x86_64-linux-gnu/libffi.so.6.0.1
7facfc5bf000-7facfc5c0000 rw-p 00007000 07:00 50611                      /usr/lib/x86_64-linux-gnu/libffi.so.6.0.1
7facfc5c0000-7facfc5d7000 r-xp 00000000 07:00 10158                      /lib/x86_64-linux-gnu/libresolv-2.19.so
7facfc5d7000-7facfc7d7000 ---p 00017000 07:00 10158                      /lib/x86_64-linux-gnu/libresolv-2.19.so
7facfc7d7000-7facfc7d8000 r--p 00017000 07:00 10158                      /lib/x86_64-linux-gnu/libresolv-2.19.so
7facfc7d8000-7facfc7d9000 rw-p 00018000 07:00 10158                      /lib/x86_64-linux-gnu/libresolv-2.19.so
7facfc7d9000-7facfc7db000 rw-p 00000000 00:00 0 
7facfc7db000-7facfc7fb000 r-xp 00000000 07:00 10162                      /lib/x86_64-linux-gnu/libselinux.so.1
7facfc7fb000-7facfc9fa000 ---p 00020000 07:00 10162                      /lib/x86_64-linux-gnu/libselinux.so.1
7facfc9fa000-7facfc9fb000 r--p 0001f000 07:00 10162                      /lib/x86_64-linux-gnu/libselinux.so.1
7facfc9fb000-7facfc9fc000 rw-p 00020000 07:00 10162                      /lib/x86_64-linux-gnu/libselinux.so.1
7facfc9fc000-7facfc9fe000 rw-p 00000000 00:00 0 
7facfc9fe000-7facfca01000 r-xp 00000000 07:00 50763                      /usr/lib/x86_64-linux-gnu/libgmodule-2.0.so.0.4002.0
7facfca01000-7facfcc00000 ---p 00003000 07:00 50763                      /usr/lib/x86_64-linux-gnu/libgmodule-2.0.so.0.4002.0
7facfcc00000-7facfcc01000 r--p 00002000 07:00 50763                      /usr/lib/x86_64-linux-gnu/libgmodule-2.0.so.0.4002.0
7facfcc01000-7facfcc02000 rw-p 00003000 07:00 50763                      /usr/lib/x86_64-linux-gnu/libgmodule-2.0.so.0.4002.0
7facfcc02000-7facfcd08000 r-xp 00000000 07:00 10062                      /lib/x86_64-linux-gnu/libglib-2.0.so.0.4002.0
7facfcd08000-7facfcf07000 ---p 00106000 07:00 10062                      /lib/x86_64-linux-gnu/libglib-2.0.so.0.4002.0
7facfcf07000-7facfcf08000 r--p 00105000 07:00 10062                      /lib/x86_64-linux-gnu/libglib-2.0.so.0.4002.0
7facfcf08000-7facfcf09000 rw-p 00106000 07:00 10062                      /lib/x86_64-linux-gnu/libglib-2.0.so.0.4002.0
7facfcf09000-7facfcf0a000 rw-p 00000000 00:00 0 
7facfcf0a000-7facfcf59000 r-xp 00000000 07:00 50795                      /usr/lib/x86_64-linux-gnu/libgobject-2.0.so.0.4002.0
7facfcf59000-7facfd159000 ---p 0004f000 07:00 50795                      /usr/lib/x86_64-linux-gnu/libgobject-2.0.so.0.4002.0
7facfd159000-7facfd15a000 r--p 0004f000 07:00 50795                      /usr/lib/x86_64-linux-gnu/libgobject-2.0.so.0.4002.0
7facfd15a000-7facfd15b000 rw-p 00050000 07:00 50795                      /usr/lib/x86_64-linux-gnu/libgobject-2.0.so.0.4002.0
7facfd15b000-7facfd2c7000 r-xp 00000000 07:00 50740                      /usr/lib/x86_64-linux-gnu/libgio-2.0.so.0.4002.0
7facfd2c7000-7facfd4c6000 ---p 0016c000 07:00 50740                      /usr/lib/x86_64-linux-gnu/libgio-2.0.so.0.4002.0
7facfd4c6000-7facfd4ca000 r--p 0016b000 07:00 50740                      /usr/lib/x86_64-linux-gnu/libgio-2.0.so.0.4002.0
7facfd4ca000-7facfd4cc000 rw-p 0016f000 07:00 50740                      /usr/lib/x86_64-linux-gnu/libgio-2.0.so.0.4002.0
7facfd4cc000-7facfd4ce000 rw-p 00000000 00:00 0 
7facfd4ce000-7facfd4e5000 r-xp 00000000 07:00 23837                      /usr/lib/jvm/java-7-openjdk-amd64/jre/lib/amd64/libnet.so
7facfd4e5000-7facfd6e4000 ---p 00017000 07:00 23837                      /usr/lib/jvm/java-7-openjdk-amd64/jre/lib/amd64/libnet.so
7facfd6e4000-7facfd6e5000 r--p 00016000 07:00 23837                      /usr/lib/jvm/java-7-openjdk-amd64/jre/lib/amd64/libnet.so
7facfd6e5000-7facfd6e6000 rw-p 00017000 07:00 23837                      /usr/lib/jvm/java-7-openjdk-amd64/jre/lib/amd64/libnet.so
7facfd6e6000-7facfd6f6000 r-xp 00000000 07:00 23838                      /usr/lib/jvm/java-7-openjdk-amd64/jre/lib/amd64/libnio.so
7facfd6f6000-7facfd8f6000 ---p 00010000 07:00 23838                      /usr/lib/jvm/java-7-openjdk-amd64/jre/lib/amd64/libnio.so
7facfd8f6000-7facfd8f7000 r--p 00010000 07:00 23838                      /usr/lib/jvm/java-7-openjdk-amd64/jre/lib/amd64/libnio.so
7facfd8f7000-7facfd8f8000 rw-p 00011000 07:00 23838                      /usr/lib/jvm/java-7-openjdk-amd64/jre/lib/amd64/libnio.so
7facfd8f8000-7facfd8f9000 ---p 00000000 00:00 0 
7facfd8f9000-7facfd9f9000 rw-p 00000000 00:00 0                          [stack:5759]
7facfd9f9000-7facfd9fc000 ---p 00000000 00:00 0 
7facfd9fc000-7facfdafa000 rw-p 00000000 00:00 0                          [stack:5758]
7facfdafa000-7facfdafd000 ---p 00000000 00:00 0 
7facfdafd000-7facfdbfb000 rw-p 00000000 00:00 0                          [stack:5757]
7facfdbfb000-7facfdbfe000 ---p 00000000 00:00 0 
7facfdbfe000-7facfdcfc000 rw-p 00000000 00:00 0                          [stack:5756]
7facfdcfc000-7facfdcff000 ---p 00000000 00:00 0 
7facfdcff000-7facfddfd000 rw-p 00000000 00:00 0                          [stack:5755]
7facfddfd000-7facfe0c6000 r--p 00000000 07:00 28888                      /usr/lib/locale/locale-archive
7facfe0c6000-7facfe0c9000 ---p 00000000 00:00 0 
7facfe0c9000-7facfe1c7000 rw-p 00000000 00:00 0                          [stack:5743]
7facfe1c7000-7facfe1ca000 ---p 00000000 00:00 0 
7facfe1ca000-7facfe2c8000 rw-p 00000000 00:00 0                          [stack:5740]
7facfe2c8000-7facfe2c9000 ---p 00000000 00:00 0 
7facfe2c9000-7fad01000000 rw-p 00000000 00:00 0                          [stack:5738]
7fad01000000-7fad01270000 rwxp 00000000 00:00 0 
7fad01270000-7fad0434c000 rw-p 00000000 00:00 0 
7fad0434c000-7fad08000000 ---p 00000000 00:00 0 
7fad0806f000-7fad08078000 r--s 00073000 08:12 135465                     /home/student/AndroidStudioProjects/MyList/app/build/intermediates/exploded-aar/com.android.support/appcompat-v7/21.0.3/classes.jar
7fad08078000-7fad08087000 r--s 000dd000 08:12 2348                       /home/student/Android/Sdk/build-tools/21.1.2/lib/dx.jar
7fad08087000-7fad088d8000 rw-p 00000000 00:00 0 
7fad088d8000-7fad08a89000 r--s 01d25000 07:00 23905                      /usr/lib/jvm/java-7-openjdk-amd64/jre/lib/rt.jar
7fad08a89000-7fad08dad000 rw-p 00000000 00:00 0 
7fad08dad000-7fad08dae000 ---p 00000000 00:00 0 
7fad08dae000-7fad08eae000 rw-p 00000000 00:00 0                          [stack:5730]
7fad08eae000-7fad08eaf000 ---p 00000000 00:00 0 
7fad08eaf000-7fad08faf000 rw-p 00000000 00:00 0                          [stack:5726]
7fad08faf000-7fad08fb0000 ---p 00000000 00:00 0 
7fad08fb0000-7fad090b0000 rw-p 00000000 00:00 0                          [stack:5722]
7fad090b0000-7fad090b1000 ---p 00000000 00:00 0 
7fad090b1000-7fad091bc000 rw-p 00000000 00:00 0                          [stack:5720]
7fad091bc000-7fad09204000 rw-p 00000000 00:00 0 
7fad09204000-7fad09218000 rw-p 00000000 00:00 0 
7fad09218000-7fad0935a000 rw-p 00000000 00:00 0 
7fad0935a000-7fad09365000 rw-p 00000000 00:00 0 
7fad09365000-7fad093ad000 rw-p 00000000 00:00 0 
7fad093ad000-7fad093c1000 rw-p 00000000 00:00 0 
7fad093c1000-7fad09502000 rw-p 00000000 00:00 0 
7fad09502000-7fad09524000 rw-p 00000000 00:00 0 
7fad09524000-7fad095ad000 rw-p 00000000 00:00 0 
7fad095ad000-7fad095ae000 rw-p 00000000 00:00 0 
7fad095ae000-7fad095b6000 r-xp 00000000 07:00 23845                      /usr/lib/jvm/java-7-openjdk-amd64/jre/lib/amd64/libzip.so
7fad095b6000-7fad097b5000 ---p 00008000 07:00 23845                      /usr/lib/jvm/java-7-openjdk-amd64/jre/lib/amd64/libzip.so
7fad097b5000-7fad097b6000 r--p 00007000 07:00 23845                      /usr/lib/jvm/java-7-openjdk-amd64/jre/lib/amd64/libzip.so
7fad097b6000-7fad097b7000 rw-p 00008000 07:00 23845                      /usr/lib/jvm/java-7-openjdk-amd64/jre/lib/amd64/libzip.so
7fad097b7000-7fad097c2000 r-xp 00000000 07:00 10107                      /lib/x86_64-linux-gnu/libnss_files-2.19.so
7fad097c2000-7fad099c1000 ---p 0000b000 07:00 10107                      /lib/x86_64-linux-gnu/libnss_files-2.19.so
7fad099c1000-7fad099c2000 r--p 0000a000 07:00 10107                      /lib/x86_64-linux-gnu/libnss_files-2.19.so
7fad099c2000-7fad099c3000 rw-p 0000b000 07:00 10107                      /lib/x86_64-linux-gnu/libnss_files-2.19.so
7fad099c3000-7fad099ce000 r-xp 00000000 07:00 10117                      /lib/x86_64-linux-gnu/libnss_nis-2.19.so
7fad099ce000-7fad09bcd000 ---p 0000b000 07:00 10117                      /lib/x86_64-linux-gnu/libnss_nis-2.19.so
7fad09bcd000-7fad09bce000 r--p 0000a000 07:00 10117                      /lib/x86_64-linux-gnu/libnss_nis-2.19.so
7fad09bce000-7fad09bcf000 rw-p 0000b000 07:00 10117                      /lib/x86_64-linux-gnu/libnss_nis-2.19.so
7fad09bcf000-7fad09be6000 r-xp 00000000 07:00 10101                      /lib/x86_64-linux-gnu/libnsl-2.19.so
7fad09be6000-7fad09de5000 ---p 00017000 07:00 10101                      /lib/x86_64-linux-gnu/libnsl-2.19.so
7fad09de5000-7fad09de6000 r--p 00016000 07:00 10101                      /lib/x86_64-linux-gnu/libnsl-2.19.so
7fad09de6000-7fad09de7000 rw-p 00017000 07:00 10101                      /lib/x86_64-linux-gnu/libnsl-2.19.so
7fad09de7000-7fad09de9000 rw-p 00000000 00:00 0 
7fad09de9000-7fad09df2000 r-xp 00000000 07:00 10103                      /lib/x86_64-linux-gnu/libnss_compat-2.19.so
7fad09df2000-7fad09ff1000 ---p 00009000 07:00 10103                      /lib/x86_64-linux-gnu/libnss_compat-2.19.so
7fad09ff1000-7fad09ff2000 r--p 00008000 07:00 10103                      /lib/x86_64-linux-gnu/libnss_compat-2.19.so
7fad09ff2000-7fad09ff3000 rw-p 00009000 07:00 10103                      /lib/x86_64-linux-gnu/libnss_compat-2.19.so
7fad09ff3000-7fad0a01e000 r-xp 00000000 07:00 23824                      /usr/lib/jvm/java-7-openjdk-amd64/jre/lib/amd64/libjava.so
7fad0a01e000-7fad0a21d000 ---p 0002b000 07:00 23824                      /usr/lib/jvm/java-7-openjdk-amd64/jre/lib/amd64/libjava.so
7fad0a21d000-7fad0a21e000 r--p 0002a000 07:00 23824                      /usr/lib/jvm/java-7-openjdk-amd64/jre/lib/amd64/libjava.so
7fad0a21e000-7fad0a220000 rw-p 0002b000 07:00 23824                      /usr/lib/jvm/java-7-openjdk-amd64/jre/lib/amd64/libjava.so
7fad0a220000-7fad0a230000 r-xp 00000000 07:00 23844                      /usr/lib/jvm/java-7-openjdk-amd64/jre/lib/amd64/libverify.so
7fad0a230000-7fad0a42f000 ---p 00010000 07:00 23844                      /usr/lib/jvm/java-7-openjdk-amd64/jre/lib/amd64/libverify.so
7fad0a42f000-7fad0a431000 r--p 0000f000 07:00 23844                      /usr/lib/jvm/java-7-openjdk-amd64/jre/lib/amd64/libverify.so
7fad0a431000-7fad0a432000 rw-p 00011000 07:00 23844                      /usr/lib/jvm/java-7-openjdk-amd64/jre/lib/amd64/libverify.so
7fad0a432000-7fad0a439000 r-xp 00000000 07:00 10160                      /lib/x86_64-linux-gnu/librt-2.19.so
7fad0a439000-7fad0a638000 ---p 00007000 07:00 10160                      /lib/x86_64-linux-gnu/librt-2.19.so
7fad0a638000-7fad0a639000 r--p 00006000 07:00 10160                      /lib/x86_64-linux-gnu/librt-2.19.so
7fad0a639000-7fad0a63a000 rw-p 00007000 07:00 10160                      /lib/x86_64-linux-gnu/librt-2.19.so
7fad0a63a000-7fad0a650000 r-xp 00000000 07:00 10056                      /lib/x86_64-linux-gnu/libgcc_s.so.1
7fad0a650000-7fad0a84f000 ---p 00016000 07:00 10056                      /lib/x86_64-linux-gnu/libgcc_s.so.1
7fad0a84f000-7fad0a850000 rw-p 00015000 07:00 10056                      /lib/x86_64-linux-gnu/libgcc_s.so.1
7fad0a850000-7fad0a955000 r-xp 00000000 07:00 10082                      /lib/x86_64-linux-gnu/libm-2.19.so
7fad0a955000-7fad0ab54000 ---p 00105000 07:00 10082                      /lib/x86_64-linux-gnu/libm-2.19.so
7fad0ab54000-7fad0ab55000 r--p 00104000 07:00 10082                      /lib/x86_64-linux-gnu/libm-2.19.so
7fad0ab55000-7fad0ab56000 rw-p 00105000 07:00 10082                      /lib/x86_64-linux-gnu/libm-2.19.so
7fad0ab56000-7fad0ac3c000 r-xp 00000000 07:00 51535                      /usr/lib/x86_64-linux-gnu/libstdc++.so.6.0.19
7fad0ac3c000-7fad0ae3b000 ---p 000e6000 07:00 51535                      /usr/lib/x86_64-linux-gnu/libstdc++.so.6.0.19
7fad0ae3b000-7fad0ae43000 r--p 000e5000 07:00 51535                      /usr/lib/x86_64-linux-gnu/libstdc++.so.6.0.19
7fad0ae43000-7fad0ae45000 rw-p 000ed000 07:00 51535                      /usr/lib/x86_64-linux-gnu/libstdc++.so.6.0.19
7fad0ae45000-7fad0ae5a000 rw-p 00000000 00:00 0 
7fad0ae5a000-7fad0b970000 r-xp 00000000 07:00 23850                      /usr/lib/jvm/java-7-openjdk-amd64/jre/lib/amd64/server/libjvm.so
7fad0b970000-7fad0bb6f000 ---p 00b16000 07:00 23850                      /usr/lib/jvm/java-7-openjdk-amd64/jre/lib/amd64/server/libjvm.so
7fad0bb6f000-7fad0bc09000 r--p 00b15000 07:00 23850                      /usr/lib/jvm/java-7-openjdk-amd64/jre/lib/amd64/server/libjvm.so
7fad0bc09000-7fad0bc2c000 rw-p 00baf000 07:00 23850                      /usr/lib/jvm/java-7-openjdk-amd64/jre/lib/amd64/server/libjvm.so
7fad0bc2c000-7fad0bc5a000 rw-p 00000000 00:00 0 
7fad0bc5a000-7fad0bc72000 r-xp 00000000 07:00 10195                      /lib/x86_64-linux-gnu/libz.so.1.2.8
7fad0bc72000-7fad0be71000 ---p 00018000 07:00 10195                      /lib/x86_64-linux-gnu/libz.so.1.2.8
7fad0be71000-7fad0be72000 r--p 00017000 07:00 10195                      /lib/x86_64-linux-gnu/libz.so.1.2.8
7fad0be72000-7fad0be73000 rw-p 00018000 07:00 10195                      /lib/x86_64-linux-gnu/libz.so.1.2.8
7fad0be73000-7fad0be8c000 r-xp 00000000 07:00 10152                      /lib/x86_64-linux-gnu/libpthread-2.19.so
7fad0be8c000-7fad0c08b000 ---p 00019000 07:00 10152                      /lib/x86_64-linux-gnu/libpthread-2.19.so
7fad0c08b000-7fad0c08c000 r--p 00018000 07:00 10152                      /lib/x86_64-linux-gnu/libpthread-2.19.so
7fad0c08c000-7fad0c08d000 rw-p 00019000 07:00 10152                      /lib/x86_64-linux-gnu/libpthread-2.19.so
7fad0c08d000-7fad0c091000 rw-p 00000000 00:00 0 
7fad0c091000-7fad0c094000 r-xp 00000000 07:00 10046                      /lib/x86_64-linux-gnu/libdl-2.19.so
7fad0c094000-7fad0c293000 ---p 00003000 07:00 10046                      /lib/x86_64-linux-gnu/libdl-2.19.so
7fad0c293000-7fad0c294000 r--p 00002000 07:00 10046                      /lib/x86_64-linux-gnu/libdl-2.19.so
7fad0c294000-7fad0c295000 rw-p 00003000 07:00 10046                      /lib/x86_64-linux-gnu/libdl-2.19.so
7fad0c295000-7fad0c450000 r-xp 00000000 07:00 10029                      /lib/x86_64-linux-gnu/libc-2.19.so
7fad0c450000-7fad0c650000 ---p 001bb000 07:00 10029                      /lib/x86_64-linux-gnu/libc-2.19.so
7fad0c650000-7fad0c654000 r--p 001bb000 07:00 10029                      /lib/x86_64-linux-gnu/libc-2.19.so
7fad0c654000-7fad0c656000 rw-p 001bf000 07:00 10029                      /lib/x86_64-linux-gnu/libc-2.19.so
7fad0c656000-7fad0c65b000 rw-p 00000000 00:00 0 
7fad0c65b000-7fad0c668000 r-xp 00000000 07:00 23809                      /usr/lib/jvm/java-7-openjdk-amd64/jre/lib/amd64/jli/libjli.so
7fad0c668000-7fad0c867000 ---p 0000d000 07:00 23809                      /usr/lib/jvm/java-7-openjdk-amd64/jre/lib/amd64/jli/libjli.so
7fad0c867000-7fad0c868000 r--p 0000c000 07:00 23809                      /usr/lib/jvm/java-7-openjdk-amd64/jre/lib/amd64/jli/libjli.so
7fad0c868000-7fad0c869000 rw-p 0000d000 07:00 23809                      /usr/lib/jvm/java-7-openjdk-amd64/jre/lib/amd64/jli/libjli.so
7fad0c869000-7fad0c88c000 r-xp 00000000 07:00 10005                      /lib/x86_64-linux-gnu/ld-2.19.so
7fad0c88c000-7fad0c88d000 rw-p 00000000 00:00 0 
7fad0c88d000-7fad0c88f000 r--s 00012000 07:00 23873                      /usr/lib/jvm/java-7-openjdk-amd64/jre/lib/ext/zipfs.jar
7fad0c88f000-7fad0c893000 r--s 0003c000 07:00 23872                      /usr/lib/jvm/java-7-openjdk-amd64/jre/lib/ext/sunpkcs11.jar
7fad0c893000-7fad0c897000 r--s 00034000 07:00 23871                      /usr/lib/jvm/java-7-openjdk-amd64/jre/lib/ext/sunjce_provider.jar
7fad0c897000-7fad0c89b000 r--s 00085000 07:00 23870                      /usr/lib/jvm/java-7-openjdk-amd64/jre/lib/ext/localedata.jar
7fad0c89b000-7fad0c89d000 r--s 00006000 07:00 138580                     /usr/share/java/java-atk-wrapper.jar
7fad0c89d000-7fad0c8a0000 r--s 0000f000 07:00 23867                      /usr/lib/jvm/java-7-openjdk-amd64/jre/lib/ext/icedtea-sound.jar
7fad0c8a0000-7fad0c8aa000 rw-p 00000000 00:00 0 
7fad0c8aa000-7fad0c960000 rw-p 00000000 00:00 0 
7fad0c960000-7fad0c963000 ---p 00000000 00:00 0 
7fad0c963000-7fad0ca66000 rw-p 00000000 00:00 0                          [stack:5713]
7fad0ca66000-7fad0ca67000 r--s 00002000 07:00 23866                      /usr/lib/jvm/java-7-openjdk-amd64/jre/lib/ext/dnsns.jar
7fad0ca67000-7fad0ca7f000 rw-p 00000000 00:00 0 
7fad0ca7f000-7fad0ca87000 rw-s 00000000 00:15 183199                     /tmp/hsperfdata_student/5677
7fad0ca87000-7fad0ca88000 rw-p 00000000 00:00 0 
7fad0ca88000-7fad0ca89000 ---p 00000000 00:00 0 
7fad0ca89000-7fad0ca8b000 rw-p 00000000 00:00 0 
7fad0ca8b000-7fad0ca8c000 r--p 00022000 07:00 10005                      /lib/x86_64-linux-gnu/ld-2.19.so
7fad0ca8c000-7fad0ca8d000 rw-p 00023000 07:00 10005                      /lib/x86_64-linux-gnu/ld-2.19.so
7fad0ca8d000-7fad0ca8e000 rw-p 00000000 00:00 0 
7fff03e4d000-7fff03e6e000 rw-p 00000000 00:00 0                          [stack]
7fff03ffe000-7fff04000000 r-xp 00000000 00:00 0                          [vdso]
ffffffffff600000-ffffffffff601000 r-xp 00000000 00:00 0                  [vsyscall]

VM Arguments:
jvm_args: -Xmx1024M 
java_command: /home/student/Android/Sdk/build-tools/21.1.2/lib/dx.jar --dex --output /home/student/AndroidStudioProjects/MyList/app/build/intermediates/pre-dexed/debug/classes-3f38692906eec72b1d5edee26b6ddf6cb6ceeae0.jar /home/student/AndroidStudioProjects/MyList/app/build/intermediates/exploded-aar/com.android.support/appcompat-v7/21.0.3/classes.jar
Launcher Type: SUN_STANDARD

Environment Variables:
CLASSPATH=/home/student/android-studio/bin/../lib/bootstrap.jar:/home/student/android-studio/bin/../lib/extensions.jar:/home/student/android-studio/bin/../lib/util.jar:/home/student/android-studio/bin/../lib/jdom.jar:/home/student/android-studio/bin/../lib/log4j.jar:/home/student/android-studio/bin/../lib/trove4j.jar:/home/student/android-studio/bin/../lib/jna.jar:/usr/lib/jvm/java-7-openjdk-amd64/lib/tools.jar
PATH=/usr/local/sbin:/usr/local/bin:/usr/sbin:/usr/bin:/sbin:/bin:/usr/games:/usr/local/games
USERNAME=student
LD_LIBRARY_PATH=/home/student/android-studio/bin:
SHELL=/bin/bash
DISPLAY=:0.0

Signal Handlers:
SIGSEGV: [libjvm.so+0x9495e0], sa_mask[0]=0x7ffbfeff, sa_flags=0x10000004
SIGBUS: [libjvm.so+0x9495e0], sa_mask[0]=0x7ffbfeff, sa_flags=0x10000004
SIGFPE: [libjvm.so+0x7c3410], sa_mask[0]=0x7ffbfeff, sa_flags=0x10000004
SIGPIPE: [libjvm.so+0x7c3410], sa_mask[0]=0x7ffbfeff, sa_flags=0x10000004
SIGXFSZ: [libjvm.so+0x7c3410], sa_mask[0]=0x7ffbfeff, sa_flags=0x10000004
SIGILL: [libjvm.so+0x7c3410], sa_mask[0]=0x7ffbfeff, sa_flags=0x10000004
SIGUSR1: SIG_DFL, sa_mask[0]=0x00000000, sa_flags=0x00000000
SIGUSR2: [libjvm.so+0x7c32b0], sa_mask[0]=0x00000004, sa_flags=0x10000004
SIGHUP: [libjvm.so+0x7c3490], sa_mask[0]=0x7ffbfeff, sa_flags=0x10000004
SIGINT: [libjvm.so+0x7c3490], sa_mask[0]=0x7ffbfeff, sa_flags=0x10000004
SIGTERM: [libjvm.so+0x7c3490], sa_mask[0]=0x7ffbfeff, sa_flags=0x10000004
SIGQUIT: [libjvm.so+0x7c3490], sa_mask[0]=0x7ffbfeff, sa_flags=0x10000004
SIGTRAP: SIG_DFL, sa_mask[0]=0x00000000, sa_flags=0x00000000


---------------  S Y S T E M  ---------------

OS:LinuxMint 17.1 (rebecca)
uname:Linux 3.13.0-37-generic #64-Ubuntu SMP Mon Sep 22 21:28:38 UTC 2014 x86_64
libc:glibc 2.19 NPTL 2.19 
rlimit: STACK 8192k, CORE 0k, NPROC 30616, NOFILE 4096, AS infinity
load average:4.44 1.88 1.15

/proc/meminfo:
MemTotal:        3941808 kB
MemFree:          130524 kB
Buffers:            4124 kB
Cached:           785568 kB
SwapCached:            0 kB
Active:          3035940 kB
Inactive:         628868 kB
Active(anon):    3021276 kB
Inactive(anon):   613948 kB
Active(file):      14664 kB
Inactive(file):    14920 kB
Unevictable:           0 kB
Mlocked:               0 kB
SwapTotal:             0 kB
SwapFree:              0 kB
Dirty:               300 kB
Writeback:             0 kB
AnonPages:       2875564 kB
Mapped:            62132 kB
Shmem:            759716 kB
Slab:              58552 kB
SReclaimable:      31380 kB
SUnreclaim:        27172 kB
KernelStack:        3656 kB
PageTables:        23172 kB
NFS_Unstable:          0 kB
Bounce:                0 kB
WritebackTmp:          0 kB
CommitLimit:     1970904 kB
Committed_AS:    6076528 kB
VmallocTotal:   34359738367 kB
VmallocUsed:      551396 kB
VmallocChunk:   34359178372 kB
HardwareCorrupted:     0 kB
AnonHugePages:   1796096 kB
HugePages_Total:       0
HugePages_Free:        0
HugePages_Rsvd:        0
HugePages_Surp:        0
Hugepagesize:       2048 kB
DirectMap4k:       43240 kB
DirectMap2M:     4044800 kB


CPU:total 4 (4 cores per cpu, 1 threads per core) family 6 model 23 stepping 10, cmov, cx8, fxsr, mmx, sse, sse2, sse3, ssse3, sse4.1, tsc

/proc/cpuinfo:
processor	: 0
vendor_id	: GenuineIntel
cpu family	: 6
model		: 23
model name	: Intel(R) Core(TM)2 Quad CPU    Q9550  @ 2.83GHz
stepping	: 10
microcode	: 0xa07
cpu MHz		: 1998.000
cache size	: 6144 KB
physical id	: 0
siblings	: 4
core id		: 0
cpu cores	: 4
apicid		: 0
initial apicid	: 0
fpu		: yes
fpu_exception	: yes
cpuid level	: 13
wp		: yes
flags		: fpu vme de pse tsc msr pae mce cx8 apic sep mtrr pge mca cmov pat pse36 clflush dts acpi mmx fxsr sse sse2 ss ht tm pbe syscall nx lm constant_tsc arch_perfmon pebs bts rep_good nopl aperfmperf pni dtes64 monitor ds_cpl vmx smx est tm2 ssse3 cx16 xtpr pdcm sse4_1 xsave lahf_lm dtherm tpr_shadow vnmi flexpriority
bogomips	: 5666.24
clflush size	: 64
cache_alignment	: 64
address sizes	: 36 bits physical, 48 bits virtual
power management:

processor	: 1
vendor_id	: GenuineIntel
cpu family	: 6
model		: 23
model name	: Intel(R) Core(TM)2 Quad CPU    Q9550  @ 2.83GHz
stepping	: 10
microcode	: 0xa07
cpu MHz		: 2830.000
cache size	: 6144 KB
physical id	: 0
siblings	: 4
core id		: 1
cpu cores	: 4
apicid		: 1
initial apicid	: 1
fpu		: yes
fpu_exception	: yes
cpuid level	: 13
wp		: yes
flags		: fpu vme de pse tsc msr pae mce cx8 apic sep mtrr pge mca cmov pat pse36 clflush dts acpi mmx fxsr sse sse2 ss ht tm pbe syscall nx lm constant_tsc arch_perfmon pebs bts rep_good nopl aperfmperf pni dtes64 monitor ds_cpl vmx smx est tm2 ssse3 cx16 xtpr pdcm sse4_1 xsave lahf_lm dtherm tpr_shadow vnmi flexpriority
bogomips	: 5666.24
clflush size	: 64
cache_alignment	: 64
address sizes	: 36 bits physical, 48 bits virtual
power management:

processor	: 2
vendor_id	: GenuineIntel
cpu family	: 6
model		: 23
model name	: Intel(R) Core(TM)2 Quad CPU    Q9550  @ 2.83GHz
stepping	: 10
microcode	: 0xa07
cpu MHz		: 2830.000
cache size	: 6144 KB
physical id	: 0
siblings	: 4
core id		: 2
cpu cores	: 4
apicid		: 2
initial apicid	: 2
fpu		: yes
fpu_exception	: yes
cpuid level	: 13
wp		: yes
flags		: fpu vme de pse tsc msr pae mce cx8 apic sep mtrr pge mca cmov pat pse36 clflush dts acpi mmx fxsr sse sse2 ss ht tm pbe syscall nx lm constant_tsc arch_perfmon pebs bts rep_good nopl aperfmperf pni dtes64 monitor ds_cpl vmx smx est tm2 ssse3 cx16 xtpr pdcm sse4_1 xsave lahf_lm dtherm tpr_shadow vnmi flexpriority
bogomips	: 5666.24
clflush size	: 64
cache_alignment	: 64
address sizes	: 36 bits physical, 48 bits virtual
power management:

processor	: 3
vendor_id	: GenuineIntel
cpu family	: 6
model		: 23
model name	: Intel(R) Core(TM)2 Quad CPU    Q9550  @ 2.83GHz
stepping	: 10
microcode	: 0xa07
cpu MHz		: 2830.000
cache size	: 6144 KB
physical id	: 0
siblings	: 4
core id		: 3
cpu cores	: 4
apicid		: 3
initial apicid	: 3
fpu		: yes
fpu_exception	: yes
cpuid level	: 13
wp		: yes
flags		: fpu vme de pse tsc msr pae mce cx8 apic sep mtrr pge mca cmov pat pse36 clflush dts acpi mmx fxsr sse sse2 ss ht tm pbe syscall nx lm constant_tsc arch_perfmon pebs bts rep_good nopl aperfmperf pni dtes64 monitor ds_cpl vmx smx est tm2 ssse3 cx16 xtpr pdcm sse4_1 xsave lahf_lm dtherm tpr_shadow vnmi flexpriority
bogomips	: 5666.24
clflush size	: 64
cache_alignment	: 64
address sizes	: 36 bits physical, 48 bits virtual
power management:



Memory: 4k page, physical 3941808k(130524k free), swap 0k(0k free)

vm_info: OpenJDK 64-Bit Server VM (24.65-b04) for linux-amd64 JRE (1.7.0_65-b32), built on Oct 22 2014 04:37:44 by "buildd" with gcc 4.8.2

time: Fri Feb 20 14:45:41 2015
elapsed time: 8 seconds

